2022-07-01 19:11:53,110 ERROR [http-nio-8080-exec-3] c.h.c.c.a.ExceptionAdvice [ExceptionAdvice.java:27] 服务器发生异常: java.lang.InterruptedException
2022-07-01 19:11:53,110 ERROR [http-nio-8080-exec-5] c.h.c.c.a.ExceptionAdvice [ExceptionAdvice.java:27] 服务器发生异常: java.lang.InterruptedException
2022-07-01 19:11:53,110 ERROR [http-nio-8080-exec-8] c.h.c.c.a.ExceptionAdvice [ExceptionAdvice.java:27] 服务器发生异常: java.lang.InterruptedException
2022-07-01 19:11:53,110 ERROR [http-nio-8080-exec-7] c.h.c.c.a.ExceptionAdvice [ExceptionAdvice.java:27] 服务器发生异常: java.lang.InterruptedException
2022-07-01 19:11:53,111 ERROR [http-nio-8080-exec-5] c.h.c.c.a.ExceptionAdvice [ExceptionAdvice.java:29] org.apache.kafka.clients.producer.KafkaProducer.doSend(KafkaProducer.java:993)
2022-07-01 19:11:53,111 ERROR [http-nio-8080-exec-3] c.h.c.c.a.ExceptionAdvice [ExceptionAdvice.java:29] org.apache.kafka.clients.producer.KafkaProducer.doSend(KafkaProducer.java:993)
2022-07-01 19:11:53,111 ERROR [http-nio-8080-exec-8] c.h.c.c.a.ExceptionAdvice [ExceptionAdvice.java:29] org.apache.kafka.clients.producer.KafkaProducer.doSend(KafkaProducer.java:993)
2022-07-01 19:11:53,111 ERROR [http-nio-8080-exec-7] c.h.c.c.a.ExceptionAdvice [ExceptionAdvice.java:29] org.apache.kafka.clients.producer.KafkaProducer.doSend(KafkaProducer.java:993)
2022-07-01 19:11:53,111 ERROR [http-nio-8080-exec-7] c.h.c.c.a.ExceptionAdvice [ExceptionAdvice.java:29] org.apache.kafka.clients.producer.KafkaProducer.send(KafkaProducer.java:889)
2022-07-01 19:11:53,111 ERROR [http-nio-8080-exec-8] c.h.c.c.a.ExceptionAdvice [ExceptionAdvice.java:29] org.apache.kafka.clients.producer.KafkaProducer.send(KafkaProducer.java:889)
2022-07-01 19:11:53,111 ERROR [http-nio-8080-exec-3] c.h.c.c.a.ExceptionAdvice [ExceptionAdvice.java:29] org.apache.kafka.clients.producer.KafkaProducer.send(KafkaProducer.java:889)
2022-07-01 19:11:53,111 ERROR [http-nio-8080-exec-5] c.h.c.c.a.ExceptionAdvice [ExceptionAdvice.java:29] org.apache.kafka.clients.producer.KafkaProducer.send(KafkaProducer.java:889)
2022-07-01 19:11:53,111 ERROR [http-nio-8080-exec-7] c.h.c.c.a.ExceptionAdvice [ExceptionAdvice.java:29] org.springframework.kafka.core.DefaultKafkaProducerFactory$CloseSafeProducer.send(DefaultKafkaProducerFactory.java:993)
2022-07-01 19:11:53,111 ERROR [http-nio-8080-exec-8] c.h.c.c.a.ExceptionAdvice [ExceptionAdvice.java:29] org.springframework.kafka.core.DefaultKafkaProducerFactory$CloseSafeProducer.send(DefaultKafkaProducerFactory.java:993)
2022-07-01 19:11:53,111 ERROR [http-nio-8080-exec-3] c.h.c.c.a.ExceptionAdvice [ExceptionAdvice.java:29] org.springframework.kafka.core.DefaultKafkaProducerFactory$CloseSafeProducer.send(DefaultKafkaProducerFactory.java:993)
2022-07-01 19:11:53,111 ERROR [http-nio-8080-exec-5] c.h.c.c.a.ExceptionAdvice [ExceptionAdvice.java:29] org.springframework.kafka.core.DefaultKafkaProducerFactory$CloseSafeProducer.send(DefaultKafkaProducerFactory.java:993)
2022-07-01 19:11:53,112 ERROR [http-nio-8080-exec-8] c.h.c.c.a.ExceptionAdvice [ExceptionAdvice.java:29] org.springframework.kafka.core.KafkaTemplate.doSend(KafkaTemplate.java:649)
2022-07-01 19:11:53,112 ERROR [http-nio-8080-exec-7] c.h.c.c.a.ExceptionAdvice [ExceptionAdvice.java:29] org.springframework.kafka.core.KafkaTemplate.doSend(KafkaTemplate.java:649)
2022-07-01 19:11:53,112 ERROR [http-nio-8080-exec-3] c.h.c.c.a.ExceptionAdvice [ExceptionAdvice.java:29] org.springframework.kafka.core.KafkaTemplate.doSend(KafkaTemplate.java:649)
2022-07-01 19:11:53,112 ERROR [http-nio-8080-exec-5] c.h.c.c.a.ExceptionAdvice [ExceptionAdvice.java:29] org.springframework.kafka.core.KafkaTemplate.doSend(KafkaTemplate.java:649)
2022-07-01 19:11:53,112 ERROR [http-nio-8080-exec-8] c.h.c.c.a.ExceptionAdvice [ExceptionAdvice.java:29] org.springframework.kafka.core.KafkaTemplate.send(KafkaTemplate.java:403)
2022-07-01 19:11:53,112 ERROR [http-nio-8080-exec-3] c.h.c.c.a.ExceptionAdvice [ExceptionAdvice.java:29] org.springframework.kafka.core.KafkaTemplate.send(KafkaTemplate.java:403)
2022-07-01 19:11:53,112 ERROR [http-nio-8080-exec-7] c.h.c.c.a.ExceptionAdvice [ExceptionAdvice.java:29] org.springframework.kafka.core.KafkaTemplate.send(KafkaTemplate.java:403)
2022-07-01 19:11:53,112 ERROR [http-nio-8080-exec-5] c.h.c.c.a.ExceptionAdvice [ExceptionAdvice.java:29] org.springframework.kafka.core.KafkaTemplate.send(KafkaTemplate.java:403)
2022-07-01 19:11:53,112 ERROR [http-nio-8080-exec-8] c.h.c.c.a.ExceptionAdvice [ExceptionAdvice.java:29] com.he.community.event.EventProducer.fireEvent(EventProducer.java:18)
2022-07-01 19:11:53,112 ERROR [http-nio-8080-exec-3] c.h.c.c.a.ExceptionAdvice [ExceptionAdvice.java:29] com.he.community.event.EventProducer.fireEvent(EventProducer.java:18)
2022-07-01 19:11:53,112 ERROR [http-nio-8080-exec-7] c.h.c.c.a.ExceptionAdvice [ExceptionAdvice.java:29] com.he.community.event.EventProducer.fireEvent(EventProducer.java:18)
2022-07-01 19:11:53,112 ERROR [http-nio-8080-exec-5] c.h.c.c.a.ExceptionAdvice [ExceptionAdvice.java:29] com.he.community.event.EventProducer.fireEvent(EventProducer.java:18)
2022-07-01 19:11:53,112 ERROR [http-nio-8080-exec-8] c.h.c.c.a.ExceptionAdvice [ExceptionAdvice.java:29] com.he.community.controller.commentController.addComment(commentController.java:62)
2022-07-01 19:11:53,112 ERROR [http-nio-8080-exec-3] c.h.c.c.a.ExceptionAdvice [ExceptionAdvice.java:29] com.he.community.controller.commentController.addComment(commentController.java:62)
2022-07-01 19:11:53,112 ERROR [http-nio-8080-exec-7] c.h.c.c.a.ExceptionAdvice [ExceptionAdvice.java:29] com.he.community.controller.LIkeController.like(LIkeController.java:59)
2022-07-01 19:11:53,112 ERROR [http-nio-8080-exec-5] c.h.c.c.a.ExceptionAdvice [ExceptionAdvice.java:29] com.he.community.controller.commentController.addComment(commentController.java:62)
2022-07-01 19:11:53,112 ERROR [http-nio-8080-exec-3] c.h.c.c.a.ExceptionAdvice [ExceptionAdvice.java:29] sun.reflect.NativeMethodAccessorImpl.invoke0(Native Method)
2022-07-01 19:11:53,112 ERROR [http-nio-8080-exec-8] c.h.c.c.a.ExceptionAdvice [ExceptionAdvice.java:29] sun.reflect.NativeMethodAccessorImpl.invoke0(Native Method)
2022-07-01 19:11:53,112 ERROR [http-nio-8080-exec-7] c.h.c.c.a.ExceptionAdvice [ExceptionAdvice.java:29] sun.reflect.NativeMethodAccessorImpl.invoke0(Native Method)
2022-07-01 19:11:53,112 ERROR [http-nio-8080-exec-5] c.h.c.c.a.ExceptionAdvice [ExceptionAdvice.java:29] sun.reflect.NativeMethodAccessorImpl.invoke0(Native Method)
2022-07-01 19:11:53,112 ERROR [http-nio-8080-exec-3] c.h.c.c.a.ExceptionAdvice [ExceptionAdvice.java:29] sun.reflect.NativeMethodAccessorImpl.invoke(NativeMethodAccessorImpl.java:62)
2022-07-01 19:11:53,112 ERROR [http-nio-8080-exec-8] c.h.c.c.a.ExceptionAdvice [ExceptionAdvice.java:29] sun.reflect.NativeMethodAccessorImpl.invoke(NativeMethodAccessorImpl.java:62)
2022-07-01 19:11:53,112 ERROR [http-nio-8080-exec-7] c.h.c.c.a.ExceptionAdvice [ExceptionAdvice.java:29] sun.reflect.NativeMethodAccessorImpl.invoke(NativeMethodAccessorImpl.java:62)
2022-07-01 19:11:53,112 ERROR [http-nio-8080-exec-5] c.h.c.c.a.ExceptionAdvice [ExceptionAdvice.java:29] sun.reflect.NativeMethodAccessorImpl.invoke(NativeMethodAccessorImpl.java:62)
2022-07-01 19:11:53,112 ERROR [http-nio-8080-exec-8] c.h.c.c.a.ExceptionAdvice [ExceptionAdvice.java:29] sun.reflect.DelegatingMethodAccessorImpl.invoke(DelegatingMethodAccessorImpl.java:43)
2022-07-01 19:11:53,112 ERROR [http-nio-8080-exec-7] c.h.c.c.a.ExceptionAdvice [ExceptionAdvice.java:29] sun.reflect.DelegatingMethodAccessorImpl.invoke(DelegatingMethodAccessorImpl.java:43)
2022-07-01 19:11:53,112 ERROR [http-nio-8080-exec-3] c.h.c.c.a.ExceptionAdvice [ExceptionAdvice.java:29] sun.reflect.DelegatingMethodAccessorImpl.invoke(DelegatingMethodAccessorImpl.java:43)
2022-07-01 19:11:53,113 ERROR [http-nio-8080-exec-5] c.h.c.c.a.ExceptionAdvice [ExceptionAdvice.java:29] sun.reflect.DelegatingMethodAccessorImpl.invoke(DelegatingMethodAccessorImpl.java:43)
2022-07-01 19:11:53,113 ERROR [http-nio-8080-exec-7] c.h.c.c.a.ExceptionAdvice [ExceptionAdvice.java:29] java.lang.reflect.Method.invoke(Method.java:498)
2022-07-01 19:11:53,113 ERROR [http-nio-8080-exec-3] c.h.c.c.a.ExceptionAdvice [ExceptionAdvice.java:29] java.lang.reflect.Method.invoke(Method.java:498)
2022-07-01 19:11:53,113 ERROR [http-nio-8080-exec-8] c.h.c.c.a.ExceptionAdvice [ExceptionAdvice.java:29] java.lang.reflect.Method.invoke(Method.java:498)
2022-07-01 19:11:53,113 ERROR [http-nio-8080-exec-5] c.h.c.c.a.ExceptionAdvice [ExceptionAdvice.java:29] java.lang.reflect.Method.invoke(Method.java:498)
2022-07-01 19:11:53,113 ERROR [http-nio-8080-exec-7] c.h.c.c.a.ExceptionAdvice [ExceptionAdvice.java:29] org.springframework.web.method.support.InvocableHandlerMethod.doInvoke(InvocableHandlerMethod.java:205)
2022-07-01 19:11:53,113 ERROR [http-nio-8080-exec-3] c.h.c.c.a.ExceptionAdvice [ExceptionAdvice.java:29] org.springframework.web.method.support.InvocableHandlerMethod.doInvoke(InvocableHandlerMethod.java:205)
2022-07-01 19:11:53,113 ERROR [http-nio-8080-exec-8] c.h.c.c.a.ExceptionAdvice [ExceptionAdvice.java:29] org.springframework.web.method.support.InvocableHandlerMethod.doInvoke(InvocableHandlerMethod.java:205)
2022-07-01 19:11:53,113 ERROR [http-nio-8080-exec-5] c.h.c.c.a.ExceptionAdvice [ExceptionAdvice.java:29] org.springframework.web.method.support.InvocableHandlerMethod.doInvoke(InvocableHandlerMethod.java:205)
2022-07-01 19:11:53,113 ERROR [http-nio-8080-exec-3] c.h.c.c.a.ExceptionAdvice [ExceptionAdvice.java:29] org.springframework.web.method.support.InvocableHandlerMethod.invokeForRequest(InvocableHandlerMethod.java:150)
2022-07-01 19:11:53,113 ERROR [http-nio-8080-exec-7] c.h.c.c.a.ExceptionAdvice [ExceptionAdvice.java:29] org.springframework.web.method.support.InvocableHandlerMethod.invokeForRequest(InvocableHandlerMethod.java:150)
2022-07-01 19:11:53,113 ERROR [http-nio-8080-exec-8] c.h.c.c.a.ExceptionAdvice [ExceptionAdvice.java:29] org.springframework.web.method.support.InvocableHandlerMethod.invokeForRequest(InvocableHandlerMethod.java:150)
2022-07-01 19:11:53,113 ERROR [http-nio-8080-exec-5] c.h.c.c.a.ExceptionAdvice [ExceptionAdvice.java:29] org.springframework.web.method.support.InvocableHandlerMethod.invokeForRequest(InvocableHandlerMethod.java:150)
2022-07-01 19:11:53,113 ERROR [http-nio-8080-exec-3] c.h.c.c.a.ExceptionAdvice [ExceptionAdvice.java:29] org.springframework.web.servlet.mvc.method.annotation.ServletInvocableHandlerMethod.invokeAndHandle(ServletInvocableHandlerMethod.java:117)
2022-07-01 19:11:53,113 ERROR [http-nio-8080-exec-8] c.h.c.c.a.ExceptionAdvice [ExceptionAdvice.java:29] org.springframework.web.servlet.mvc.method.annotation.ServletInvocableHandlerMethod.invokeAndHandle(ServletInvocableHandlerMethod.java:117)
2022-07-01 19:11:53,113 ERROR [http-nio-8080-exec-7] c.h.c.c.a.ExceptionAdvice [ExceptionAdvice.java:29] org.springframework.web.servlet.mvc.method.annotation.ServletInvocableHandlerMethod.invokeAndHandle(ServletInvocableHandlerMethod.java:117)
2022-07-01 19:11:53,113 ERROR [http-nio-8080-exec-3] c.h.c.c.a.ExceptionAdvice [ExceptionAdvice.java:29] org.springframework.web.servlet.mvc.method.annotation.RequestMappingHandlerAdapter.invokeHandlerMethod(RequestMappingHandlerAdapter.java:895)
2022-07-01 19:11:53,113 ERROR [http-nio-8080-exec-5] c.h.c.c.a.ExceptionAdvice [ExceptionAdvice.java:29] org.springframework.web.servlet.mvc.method.annotation.ServletInvocableHandlerMethod.invokeAndHandle(ServletInvocableHandlerMethod.java:117)
2022-07-01 19:11:53,113 ERROR [http-nio-8080-exec-3] c.h.c.c.a.ExceptionAdvice [ExceptionAdvice.java:29] org.springframework.web.servlet.mvc.method.annotation.RequestMappingHandlerAdapter.handleInternal(RequestMappingHandlerAdapter.java:808)
2022-07-01 19:11:53,113 ERROR [http-nio-8080-exec-8] c.h.c.c.a.ExceptionAdvice [ExceptionAdvice.java:29] org.springframework.web.servlet.mvc.method.annotation.RequestMappingHandlerAdapter.invokeHandlerMethod(RequestMappingHandlerAdapter.java:895)
2022-07-01 19:11:53,113 ERROR [http-nio-8080-exec-7] c.h.c.c.a.ExceptionAdvice [ExceptionAdvice.java:29] org.springframework.web.servlet.mvc.method.annotation.RequestMappingHandlerAdapter.invokeHandlerMethod(RequestMappingHandlerAdapter.java:895)
2022-07-01 19:11:53,113 ERROR [http-nio-8080-exec-5] c.h.c.c.a.ExceptionAdvice [ExceptionAdvice.java:29] org.springframework.web.servlet.mvc.method.annotation.RequestMappingHandlerAdapter.invokeHandlerMethod(RequestMappingHandlerAdapter.java:895)
2022-07-01 19:11:53,113 ERROR [http-nio-8080-exec-3] c.h.c.c.a.ExceptionAdvice [ExceptionAdvice.java:29] org.springframework.web.servlet.mvc.method.AbstractHandlerMethodAdapter.handle(AbstractHandlerMethodAdapter.java:87)
2022-07-01 19:11:53,113 ERROR [http-nio-8080-exec-8] c.h.c.c.a.ExceptionAdvice [ExceptionAdvice.java:29] org.springframework.web.servlet.mvc.method.annotation.RequestMappingHandlerAdapter.handleInternal(RequestMappingHandlerAdapter.java:808)
2022-07-01 19:11:53,113 ERROR [http-nio-8080-exec-7] c.h.c.c.a.ExceptionAdvice [ExceptionAdvice.java:29] org.springframework.web.servlet.mvc.method.annotation.RequestMappingHandlerAdapter.handleInternal(RequestMappingHandlerAdapter.java:808)
2022-07-01 19:11:53,113 ERROR [http-nio-8080-exec-3] c.h.c.c.a.ExceptionAdvice [ExceptionAdvice.java:29] org.springframework.web.servlet.DispatcherServlet.doDispatch(DispatcherServlet.java:1067)
2022-07-01 19:11:53,113 ERROR [http-nio-8080-exec-8] c.h.c.c.a.ExceptionAdvice [ExceptionAdvice.java:29] org.springframework.web.servlet.mvc.method.AbstractHandlerMethodAdapter.handle(AbstractHandlerMethodAdapter.java:87)
2022-07-01 19:11:53,113 ERROR [http-nio-8080-exec-5] c.h.c.c.a.ExceptionAdvice [ExceptionAdvice.java:29] org.springframework.web.servlet.mvc.method.annotation.RequestMappingHandlerAdapter.handleInternal(RequestMappingHandlerAdapter.java:808)
2022-07-01 19:11:53,113 ERROR [http-nio-8080-exec-7] c.h.c.c.a.ExceptionAdvice [ExceptionAdvice.java:29] org.springframework.web.servlet.mvc.method.AbstractHandlerMethodAdapter.handle(AbstractHandlerMethodAdapter.java:87)
2022-07-01 19:11:53,113 ERROR [http-nio-8080-exec-3] c.h.c.c.a.ExceptionAdvice [ExceptionAdvice.java:29] org.springframework.web.servlet.DispatcherServlet.doService(DispatcherServlet.java:963)
2022-07-01 19:11:53,113 ERROR [http-nio-8080-exec-8] c.h.c.c.a.ExceptionAdvice [ExceptionAdvice.java:29] org.springframework.web.servlet.DispatcherServlet.doDispatch(DispatcherServlet.java:1067)
2022-07-01 19:11:53,113 ERROR [http-nio-8080-exec-5] c.h.c.c.a.ExceptionAdvice [ExceptionAdvice.java:29] org.springframework.web.servlet.mvc.method.AbstractHandlerMethodAdapter.handle(AbstractHandlerMethodAdapter.java:87)
2022-07-01 19:11:53,113 ERROR [http-nio-8080-exec-3] c.h.c.c.a.ExceptionAdvice [ExceptionAdvice.java:29] org.springframework.web.servlet.FrameworkServlet.processRequest(FrameworkServlet.java:1006)
2022-07-01 19:11:53,113 ERROR [http-nio-8080-exec-8] c.h.c.c.a.ExceptionAdvice [ExceptionAdvice.java:29] org.springframework.web.servlet.DispatcherServlet.doService(DispatcherServlet.java:963)
2022-07-01 19:11:53,113 ERROR [http-nio-8080-exec-7] c.h.c.c.a.ExceptionAdvice [ExceptionAdvice.java:29] org.springframework.web.servlet.DispatcherServlet.doDispatch(DispatcherServlet.java:1067)
2022-07-01 19:11:53,114 ERROR [http-nio-8080-exec-8] c.h.c.c.a.ExceptionAdvice [ExceptionAdvice.java:29] org.springframework.web.servlet.FrameworkServlet.processRequest(FrameworkServlet.java:1006)
2022-07-01 19:11:53,114 ERROR [http-nio-8080-exec-3] c.h.c.c.a.ExceptionAdvice [ExceptionAdvice.java:29] org.springframework.web.servlet.FrameworkServlet.doPost(FrameworkServlet.java:909)
2022-07-01 19:11:53,114 ERROR [http-nio-8080-exec-7] c.h.c.c.a.ExceptionAdvice [ExceptionAdvice.java:29] org.springframework.web.servlet.DispatcherServlet.doService(DispatcherServlet.java:963)
2022-07-01 19:11:53,114 ERROR [http-nio-8080-exec-5] c.h.c.c.a.ExceptionAdvice [ExceptionAdvice.java:29] org.springframework.web.servlet.DispatcherServlet.doDispatch(DispatcherServlet.java:1067)
2022-07-01 19:11:53,114 ERROR [http-nio-8080-exec-8] c.h.c.c.a.ExceptionAdvice [ExceptionAdvice.java:29] org.springframework.web.servlet.FrameworkServlet.doPost(FrameworkServlet.java:909)
2022-07-01 19:11:53,114 ERROR [http-nio-8080-exec-3] c.h.c.c.a.ExceptionAdvice [ExceptionAdvice.java:29] javax.servlet.http.HttpServlet.service(HttpServlet.java:681)
2022-07-01 19:11:53,114 ERROR [http-nio-8080-exec-7] c.h.c.c.a.ExceptionAdvice [ExceptionAdvice.java:29] org.springframework.web.servlet.FrameworkServlet.processRequest(FrameworkServlet.java:1006)
2022-07-01 19:11:53,114 ERROR [http-nio-8080-exec-5] c.h.c.c.a.ExceptionAdvice [ExceptionAdvice.java:29] org.springframework.web.servlet.DispatcherServlet.doService(DispatcherServlet.java:963)
2022-07-01 19:11:53,114 ERROR [http-nio-8080-exec-8] c.h.c.c.a.ExceptionAdvice [ExceptionAdvice.java:29] javax.servlet.http.HttpServlet.service(HttpServlet.java:681)
2022-07-01 19:11:53,114 ERROR [http-nio-8080-exec-7] c.h.c.c.a.ExceptionAdvice [ExceptionAdvice.java:29] org.springframework.web.servlet.FrameworkServlet.doPost(FrameworkServlet.java:909)
2022-07-01 19:11:53,114 ERROR [http-nio-8080-exec-3] c.h.c.c.a.ExceptionAdvice [ExceptionAdvice.java:29] org.springframework.web.servlet.FrameworkServlet.service(FrameworkServlet.java:883)
2022-07-01 19:11:53,114 ERROR [http-nio-8080-exec-5] c.h.c.c.a.ExceptionAdvice [ExceptionAdvice.java:29] org.springframework.web.servlet.FrameworkServlet.processRequest(FrameworkServlet.java:1006)
2022-07-01 19:11:53,114 ERROR [http-nio-8080-exec-7] c.h.c.c.a.ExceptionAdvice [ExceptionAdvice.java:29] javax.servlet.http.HttpServlet.service(HttpServlet.java:681)
2022-07-01 19:11:53,114 ERROR [http-nio-8080-exec-8] c.h.c.c.a.ExceptionAdvice [ExceptionAdvice.java:29] org.springframework.web.servlet.FrameworkServlet.service(FrameworkServlet.java:883)
2022-07-01 19:11:53,114 ERROR [http-nio-8080-exec-3] c.h.c.c.a.ExceptionAdvice [ExceptionAdvice.java:29] javax.servlet.http.HttpServlet.service(HttpServlet.java:764)
2022-07-01 19:11:53,114 ERROR [http-nio-8080-exec-5] c.h.c.c.a.ExceptionAdvice [ExceptionAdvice.java:29] org.springframework.web.servlet.FrameworkServlet.doPost(FrameworkServlet.java:909)
2022-07-01 19:11:53,114 ERROR [http-nio-8080-exec-8] c.h.c.c.a.ExceptionAdvice [ExceptionAdvice.java:29] javax.servlet.http.HttpServlet.service(HttpServlet.java:764)
2022-07-01 19:11:53,114 ERROR [http-nio-8080-exec-7] c.h.c.c.a.ExceptionAdvice [ExceptionAdvice.java:29] org.springframework.web.servlet.FrameworkServlet.service(FrameworkServlet.java:883)
2022-07-01 19:11:53,114 ERROR [http-nio-8080-exec-3] c.h.c.c.a.ExceptionAdvice [ExceptionAdvice.java:29] org.apache.catalina.core.ApplicationFilterChain.internalDoFilter(ApplicationFilterChain.java:227)
2022-07-01 19:11:53,114 ERROR [http-nio-8080-exec-8] c.h.c.c.a.ExceptionAdvice [ExceptionAdvice.java:29] org.apache.catalina.core.ApplicationFilterChain.internalDoFilter(ApplicationFilterChain.java:227)
2022-07-01 19:11:53,114 ERROR [http-nio-8080-exec-5] c.h.c.c.a.ExceptionAdvice [ExceptionAdvice.java:29] javax.servlet.http.HttpServlet.service(HttpServlet.java:681)
2022-07-01 19:11:53,114 ERROR [http-nio-8080-exec-7] c.h.c.c.a.ExceptionAdvice [ExceptionAdvice.java:29] javax.servlet.http.HttpServlet.service(HttpServlet.java:764)
2022-07-01 19:11:53,114 ERROR [http-nio-8080-exec-8] c.h.c.c.a.ExceptionAdvice [ExceptionAdvice.java:29] org.apache.catalina.core.ApplicationFilterChain.doFilter(ApplicationFilterChain.java:162)
2022-07-01 19:11:53,114 ERROR [http-nio-8080-exec-3] c.h.c.c.a.ExceptionAdvice [ExceptionAdvice.java:29] org.apache.catalina.core.ApplicationFilterChain.doFilter(ApplicationFilterChain.java:162)
2022-07-01 19:11:53,114 ERROR [http-nio-8080-exec-5] c.h.c.c.a.ExceptionAdvice [ExceptionAdvice.java:29] org.springframework.web.servlet.FrameworkServlet.service(FrameworkServlet.java:883)
2022-07-01 19:11:53,114 ERROR [http-nio-8080-exec-8] c.h.c.c.a.ExceptionAdvice [ExceptionAdvice.java:29] org.apache.tomcat.websocket.server.WsFilter.doFilter(WsFilter.java:53)
2022-07-01 19:11:53,114 ERROR [http-nio-8080-exec-7] c.h.c.c.a.ExceptionAdvice [ExceptionAdvice.java:29] org.apache.catalina.core.ApplicationFilterChain.internalDoFilter(ApplicationFilterChain.java:227)
2022-07-01 19:11:53,114 ERROR [http-nio-8080-exec-8] c.h.c.c.a.ExceptionAdvice [ExceptionAdvice.java:29] org.apache.catalina.core.ApplicationFilterChain.internalDoFilter(ApplicationFilterChain.java:189)
2022-07-01 19:11:53,114 ERROR [http-nio-8080-exec-3] c.h.c.c.a.ExceptionAdvice [ExceptionAdvice.java:29] org.apache.tomcat.websocket.server.WsFilter.doFilter(WsFilter.java:53)
2022-07-01 19:11:53,114 ERROR [http-nio-8080-exec-5] c.h.c.c.a.ExceptionAdvice [ExceptionAdvice.java:29] javax.servlet.http.HttpServlet.service(HttpServlet.java:764)
2022-07-01 19:11:53,114 ERROR [http-nio-8080-exec-7] c.h.c.c.a.ExceptionAdvice [ExceptionAdvice.java:29] org.apache.catalina.core.ApplicationFilterChain.doFilter(ApplicationFilterChain.java:162)
2022-07-01 19:11:53,114 ERROR [http-nio-8080-exec-8] c.h.c.c.a.ExceptionAdvice [ExceptionAdvice.java:29] org.apache.catalina.core.ApplicationFilterChain.doFilter(ApplicationFilterChain.java:162)
2022-07-01 19:11:53,114 ERROR [http-nio-8080-exec-3] c.h.c.c.a.ExceptionAdvice [ExceptionAdvice.java:29] org.apache.catalina.core.ApplicationFilterChain.internalDoFilter(ApplicationFilterChain.java:189)
2022-07-01 19:11:53,114 ERROR [http-nio-8080-exec-5] c.h.c.c.a.ExceptionAdvice [ExceptionAdvice.java:29] org.apache.catalina.core.ApplicationFilterChain.internalDoFilter(ApplicationFilterChain.java:227)
2022-07-01 19:11:53,114 ERROR [http-nio-8080-exec-8] c.h.c.c.a.ExceptionAdvice [ExceptionAdvice.java:29] org.springframework.web.filter.RequestContextFilter.doFilterInternal(RequestContextFilter.java:100)
2022-07-01 19:11:53,114 ERROR [http-nio-8080-exec-7] c.h.c.c.a.ExceptionAdvice [ExceptionAdvice.java:29] org.apache.tomcat.websocket.server.WsFilter.doFilter(WsFilter.java:53)
2022-07-01 19:11:53,115 ERROR [http-nio-8080-exec-3] c.h.c.c.a.ExceptionAdvice [ExceptionAdvice.java:29] org.apache.catalina.core.ApplicationFilterChain.doFilter(ApplicationFilterChain.java:162)
2022-07-01 19:11:53,115 ERROR [http-nio-8080-exec-8] c.h.c.c.a.ExceptionAdvice [ExceptionAdvice.java:29] org.springframework.web.filter.OncePerRequestFilter.doFilter(OncePerRequestFilter.java:117)
2022-07-01 19:11:53,115 ERROR [http-nio-8080-exec-5] c.h.c.c.a.ExceptionAdvice [ExceptionAdvice.java:29] org.apache.catalina.core.ApplicationFilterChain.doFilter(ApplicationFilterChain.java:162)
2022-07-01 19:11:53,115 ERROR [http-nio-8080-exec-7] c.h.c.c.a.ExceptionAdvice [ExceptionAdvice.java:29] org.apache.catalina.core.ApplicationFilterChain.internalDoFilter(ApplicationFilterChain.java:189)
2022-07-01 19:11:53,115 ERROR [http-nio-8080-exec-3] c.h.c.c.a.ExceptionAdvice [ExceptionAdvice.java:29] org.springframework.web.filter.RequestContextFilter.doFilterInternal(RequestContextFilter.java:100)
2022-07-01 19:11:53,115 ERROR [http-nio-8080-exec-8] c.h.c.c.a.ExceptionAdvice [ExceptionAdvice.java:29] org.apache.catalina.core.ApplicationFilterChain.internalDoFilter(ApplicationFilterChain.java:189)
2022-07-01 19:11:53,115 ERROR [http-nio-8080-exec-5] c.h.c.c.a.ExceptionAdvice [ExceptionAdvice.java:29] org.apache.tomcat.websocket.server.WsFilter.doFilter(WsFilter.java:53)
2022-07-01 19:11:53,115 ERROR [http-nio-8080-exec-7] c.h.c.c.a.ExceptionAdvice [ExceptionAdvice.java:29] org.apache.catalina.core.ApplicationFilterChain.doFilter(ApplicationFilterChain.java:162)
2022-07-01 19:11:53,115 ERROR [http-nio-8080-exec-3] c.h.c.c.a.ExceptionAdvice [ExceptionAdvice.java:29] org.springframework.web.filter.OncePerRequestFilter.doFilter(OncePerRequestFilter.java:117)
2022-07-01 19:11:53,115 ERROR [http-nio-8080-exec-8] c.h.c.c.a.ExceptionAdvice [ExceptionAdvice.java:29] org.apache.catalina.core.ApplicationFilterChain.doFilter(ApplicationFilterChain.java:162)
2022-07-01 19:11:53,115 ERROR [http-nio-8080-exec-5] c.h.c.c.a.ExceptionAdvice [ExceptionAdvice.java:29] org.apache.catalina.core.ApplicationFilterChain.internalDoFilter(ApplicationFilterChain.java:189)
2022-07-01 19:11:53,115 ERROR [http-nio-8080-exec-3] c.h.c.c.a.ExceptionAdvice [ExceptionAdvice.java:29] org.apache.catalina.core.ApplicationFilterChain.internalDoFilter(ApplicationFilterChain.java:189)
2022-07-01 19:11:53,115 ERROR [http-nio-8080-exec-8] c.h.c.c.a.ExceptionAdvice [ExceptionAdvice.java:29] org.springframework.web.filter.FormContentFilter.doFilterInternal(FormContentFilter.java:93)
2022-07-01 19:11:53,115 ERROR [http-nio-8080-exec-7] c.h.c.c.a.ExceptionAdvice [ExceptionAdvice.java:29] org.springframework.web.filter.RequestContextFilter.doFilterInternal(RequestContextFilter.java:100)
2022-07-01 19:11:53,115 ERROR [http-nio-8080-exec-5] c.h.c.c.a.ExceptionAdvice [ExceptionAdvice.java:29] org.apache.catalina.core.ApplicationFilterChain.doFilter(ApplicationFilterChain.java:162)
2022-07-01 19:11:53,115 ERROR [http-nio-8080-exec-8] c.h.c.c.a.ExceptionAdvice [ExceptionAdvice.java:29] org.springframework.web.filter.OncePerRequestFilter.doFilter(OncePerRequestFilter.java:117)
2022-07-01 19:11:53,115 ERROR [http-nio-8080-exec-7] c.h.c.c.a.ExceptionAdvice [ExceptionAdvice.java:29] org.springframework.web.filter.OncePerRequestFilter.doFilter(OncePerRequestFilter.java:117)
2022-07-01 19:11:53,115 ERROR [http-nio-8080-exec-3] c.h.c.c.a.ExceptionAdvice [ExceptionAdvice.java:29] org.apache.catalina.core.ApplicationFilterChain.doFilter(ApplicationFilterChain.java:162)
2022-07-01 19:11:53,115 ERROR [http-nio-8080-exec-8] c.h.c.c.a.ExceptionAdvice [ExceptionAdvice.java:29] org.apache.catalina.core.ApplicationFilterChain.internalDoFilter(ApplicationFilterChain.java:189)
2022-07-01 19:11:53,115 ERROR [http-nio-8080-exec-5] c.h.c.c.a.ExceptionAdvice [ExceptionAdvice.java:29] org.springframework.web.filter.RequestContextFilter.doFilterInternal(RequestContextFilter.java:100)
2022-07-01 19:11:53,115 ERROR [http-nio-8080-exec-7] c.h.c.c.a.ExceptionAdvice [ExceptionAdvice.java:29] org.apache.catalina.core.ApplicationFilterChain.internalDoFilter(ApplicationFilterChain.java:189)
2022-07-01 19:11:53,115 ERROR [http-nio-8080-exec-3] c.h.c.c.a.ExceptionAdvice [ExceptionAdvice.java:29] org.springframework.web.filter.FormContentFilter.doFilterInternal(FormContentFilter.java:93)
2022-07-01 19:11:53,115 ERROR [http-nio-8080-exec-5] c.h.c.c.a.ExceptionAdvice [ExceptionAdvice.java:29] org.springframework.web.filter.OncePerRequestFilter.doFilter(OncePerRequestFilter.java:117)
2022-07-01 19:11:53,115 ERROR [http-nio-8080-exec-8] c.h.c.c.a.ExceptionAdvice [ExceptionAdvice.java:29] org.apache.catalina.core.ApplicationFilterChain.doFilter(ApplicationFilterChain.java:162)
2022-07-01 19:11:53,115 ERROR [http-nio-8080-exec-7] c.h.c.c.a.ExceptionAdvice [ExceptionAdvice.java:29] org.apache.catalina.core.ApplicationFilterChain.doFilter(ApplicationFilterChain.java:162)
2022-07-01 19:11:53,115 ERROR [http-nio-8080-exec-3] c.h.c.c.a.ExceptionAdvice [ExceptionAdvice.java:29] org.springframework.web.filter.OncePerRequestFilter.doFilter(OncePerRequestFilter.java:117)
2022-07-01 19:11:53,115 ERROR [http-nio-8080-exec-8] c.h.c.c.a.ExceptionAdvice [ExceptionAdvice.java:29] org.springframework.web.filter.CharacterEncodingFilter.doFilterInternal(CharacterEncodingFilter.java:201)
2022-07-01 19:11:53,115 ERROR [http-nio-8080-exec-5] c.h.c.c.a.ExceptionAdvice [ExceptionAdvice.java:29] org.apache.catalina.core.ApplicationFilterChain.internalDoFilter(ApplicationFilterChain.java:189)
2022-07-01 19:11:53,115 ERROR [http-nio-8080-exec-7] c.h.c.c.a.ExceptionAdvice [ExceptionAdvice.java:29] org.springframework.web.filter.FormContentFilter.doFilterInternal(FormContentFilter.java:93)
2022-07-01 19:11:53,115 ERROR [http-nio-8080-exec-8] c.h.c.c.a.ExceptionAdvice [ExceptionAdvice.java:29] org.springframework.web.filter.OncePerRequestFilter.doFilter(OncePerRequestFilter.java:117)
2022-07-01 19:11:53,115 ERROR [http-nio-8080-exec-3] c.h.c.c.a.ExceptionAdvice [ExceptionAdvice.java:29] org.apache.catalina.core.ApplicationFilterChain.internalDoFilter(ApplicationFilterChain.java:189)
2022-07-01 19:11:53,115 ERROR [http-nio-8080-exec-5] c.h.c.c.a.ExceptionAdvice [ExceptionAdvice.java:29] org.apache.catalina.core.ApplicationFilterChain.doFilter(ApplicationFilterChain.java:162)
2022-07-01 19:11:53,116 ERROR [http-nio-8080-exec-8] c.h.c.c.a.ExceptionAdvice [ExceptionAdvice.java:29] org.apache.catalina.core.ApplicationFilterChain.internalDoFilter(ApplicationFilterChain.java:189)
2022-07-01 19:11:53,116 ERROR [http-nio-8080-exec-7] c.h.c.c.a.ExceptionAdvice [ExceptionAdvice.java:29] org.springframework.web.filter.OncePerRequestFilter.doFilter(OncePerRequestFilter.java:117)
2022-07-01 19:11:53,116 ERROR [http-nio-8080-exec-3] c.h.c.c.a.ExceptionAdvice [ExceptionAdvice.java:29] org.apache.catalina.core.ApplicationFilterChain.doFilter(ApplicationFilterChain.java:162)
2022-07-01 19:11:53,116 ERROR [http-nio-8080-exec-5] c.h.c.c.a.ExceptionAdvice [ExceptionAdvice.java:29] org.springframework.web.filter.FormContentFilter.doFilterInternal(FormContentFilter.java:93)
2022-07-01 19:11:53,116 ERROR [http-nio-8080-exec-8] c.h.c.c.a.ExceptionAdvice [ExceptionAdvice.java:29] org.apache.catalina.core.ApplicationFilterChain.doFilter(ApplicationFilterChain.java:162)
2022-07-01 19:11:53,116 ERROR [http-nio-8080-exec-3] c.h.c.c.a.ExceptionAdvice [ExceptionAdvice.java:29] org.springframework.web.filter.CharacterEncodingFilter.doFilterInternal(CharacterEncodingFilter.java:201)
2022-07-01 19:11:53,116 ERROR [http-nio-8080-exec-7] c.h.c.c.a.ExceptionAdvice [ExceptionAdvice.java:29] org.apache.catalina.core.ApplicationFilterChain.internalDoFilter(ApplicationFilterChain.java:189)
2022-07-01 19:11:53,116 ERROR [http-nio-8080-exec-8] c.h.c.c.a.ExceptionAdvice [ExceptionAdvice.java:29] org.apache.catalina.core.StandardWrapperValve.invoke(StandardWrapperValve.java:197)
2022-07-01 19:11:53,116 ERROR [http-nio-8080-exec-5] c.h.c.c.a.ExceptionAdvice [ExceptionAdvice.java:29] org.springframework.web.filter.OncePerRequestFilter.doFilter(OncePerRequestFilter.java:117)
2022-07-01 19:11:53,116 ERROR [http-nio-8080-exec-8] c.h.c.c.a.ExceptionAdvice [ExceptionAdvice.java:29] org.apache.catalina.core.StandardContextValve.invoke(StandardContextValve.java:97)
2022-07-01 19:11:53,116 ERROR [http-nio-8080-exec-3] c.h.c.c.a.ExceptionAdvice [ExceptionAdvice.java:29] org.springframework.web.filter.OncePerRequestFilter.doFilter(OncePerRequestFilter.java:117)
2022-07-01 19:11:53,116 ERROR [http-nio-8080-exec-7] c.h.c.c.a.ExceptionAdvice [ExceptionAdvice.java:29] org.apache.catalina.core.ApplicationFilterChain.doFilter(ApplicationFilterChain.java:162)
2022-07-01 19:11:53,116 ERROR [http-nio-8080-exec-8] c.h.c.c.a.ExceptionAdvice [ExceptionAdvice.java:29] org.apache.catalina.authenticator.AuthenticatorBase.invoke(AuthenticatorBase.java:540)
2022-07-01 19:11:53,116 ERROR [http-nio-8080-exec-5] c.h.c.c.a.ExceptionAdvice [ExceptionAdvice.java:29] org.apache.catalina.core.ApplicationFilterChain.internalDoFilter(ApplicationFilterChain.java:189)
2022-07-01 19:11:53,116 ERROR [http-nio-8080-exec-3] c.h.c.c.a.ExceptionAdvice [ExceptionAdvice.java:29] org.apache.catalina.core.ApplicationFilterChain.internalDoFilter(ApplicationFilterChain.java:189)
2022-07-01 19:11:53,116 ERROR [http-nio-8080-exec-8] c.h.c.c.a.ExceptionAdvice [ExceptionAdvice.java:29] org.apache.catalina.core.StandardHostValve.invoke(StandardHostValve.java:135)
2022-07-01 19:11:53,116 ERROR [http-nio-8080-exec-7] c.h.c.c.a.ExceptionAdvice [ExceptionAdvice.java:29] org.springframework.web.filter.CharacterEncodingFilter.doFilterInternal(CharacterEncodingFilter.java:201)
2022-07-01 19:11:53,116 ERROR [http-nio-8080-exec-5] c.h.c.c.a.ExceptionAdvice [ExceptionAdvice.java:29] org.apache.catalina.core.ApplicationFilterChain.doFilter(ApplicationFilterChain.java:162)
2022-07-01 19:11:53,116 ERROR [http-nio-8080-exec-8] c.h.c.c.a.ExceptionAdvice [ExceptionAdvice.java:29] org.apache.catalina.valves.ErrorReportValve.invoke(ErrorReportValve.java:92)
2022-07-01 19:11:53,116 ERROR [http-nio-8080-exec-3] c.h.c.c.a.ExceptionAdvice [ExceptionAdvice.java:29] org.apache.catalina.core.ApplicationFilterChain.doFilter(ApplicationFilterChain.java:162)
2022-07-01 19:11:53,116 ERROR [http-nio-8080-exec-7] c.h.c.c.a.ExceptionAdvice [ExceptionAdvice.java:29] org.springframework.web.filter.OncePerRequestFilter.doFilter(OncePerRequestFilter.java:117)
2022-07-01 19:11:53,116 ERROR [http-nio-8080-exec-8] c.h.c.c.a.ExceptionAdvice [ExceptionAdvice.java:29] org.apache.catalina.core.StandardEngineValve.invoke(StandardEngineValve.java:78)
2022-07-01 19:11:53,116 ERROR [http-nio-8080-exec-5] c.h.c.c.a.ExceptionAdvice [ExceptionAdvice.java:29] org.springframework.web.filter.CharacterEncodingFilter.doFilterInternal(CharacterEncodingFilter.java:201)
2022-07-01 19:11:53,116 ERROR [http-nio-8080-exec-3] c.h.c.c.a.ExceptionAdvice [ExceptionAdvice.java:29] org.apache.catalina.core.StandardWrapperValve.invoke(StandardWrapperValve.java:197)
2022-07-01 19:11:53,116 ERROR [http-nio-8080-exec-7] c.h.c.c.a.ExceptionAdvice [ExceptionAdvice.java:29] org.apache.catalina.core.ApplicationFilterChain.internalDoFilter(ApplicationFilterChain.java:189)
2022-07-01 19:11:53,116 ERROR [http-nio-8080-exec-8] c.h.c.c.a.ExceptionAdvice [ExceptionAdvice.java:29] org.apache.catalina.connector.CoyoteAdapter.service(CoyoteAdapter.java:359)
2022-07-01 19:11:53,116 ERROR [http-nio-8080-exec-5] c.h.c.c.a.ExceptionAdvice [ExceptionAdvice.java:29] org.springframework.web.filter.OncePerRequestFilter.doFilter(OncePerRequestFilter.java:117)
2022-07-01 19:11:53,116 ERROR [http-nio-8080-exec-8] c.h.c.c.a.ExceptionAdvice [ExceptionAdvice.java:29] org.apache.coyote.http11.Http11Processor.service(Http11Processor.java:399)
2022-07-01 19:11:53,116 ERROR [http-nio-8080-exec-3] c.h.c.c.a.ExceptionAdvice [ExceptionAdvice.java:29] org.apache.catalina.core.StandardContextValve.invoke(StandardContextValve.java:97)
2022-07-01 19:11:53,116 ERROR [http-nio-8080-exec-7] c.h.c.c.a.ExceptionAdvice [ExceptionAdvice.java:29] org.apache.catalina.core.ApplicationFilterChain.doFilter(ApplicationFilterChain.java:162)
2022-07-01 19:11:53,116 ERROR [http-nio-8080-exec-5] c.h.c.c.a.ExceptionAdvice [ExceptionAdvice.java:29] org.apache.catalina.core.ApplicationFilterChain.internalDoFilter(ApplicationFilterChain.java:189)
2022-07-01 19:11:53,116 ERROR [http-nio-8080-exec-8] c.h.c.c.a.ExceptionAdvice [ExceptionAdvice.java:29] org.apache.coyote.AbstractProcessorLight.process(AbstractProcessorLight.java:65)
2022-07-01 19:11:53,116 ERROR [http-nio-8080-exec-3] c.h.c.c.a.ExceptionAdvice [ExceptionAdvice.java:29] org.apache.catalina.authenticator.AuthenticatorBase.invoke(AuthenticatorBase.java:540)
2022-07-01 19:11:53,116 ERROR [http-nio-8080-exec-5] c.h.c.c.a.ExceptionAdvice [ExceptionAdvice.java:29] org.apache.catalina.core.ApplicationFilterChain.doFilter(ApplicationFilterChain.java:162)
2022-07-01 19:11:53,116 ERROR [http-nio-8080-exec-7] c.h.c.c.a.ExceptionAdvice [ExceptionAdvice.java:29] org.apache.catalina.core.StandardWrapperValve.invoke(StandardWrapperValve.java:197)
2022-07-01 19:11:53,117 ERROR [http-nio-8080-exec-3] c.h.c.c.a.ExceptionAdvice [ExceptionAdvice.java:29] org.apache.catalina.core.StandardHostValve.invoke(StandardHostValve.java:135)
2022-07-01 19:11:53,117 ERROR [http-nio-8080-exec-8] c.h.c.c.a.ExceptionAdvice [ExceptionAdvice.java:29] org.apache.coyote.AbstractProtocol$ConnectionHandler.process(AbstractProtocol.java:889)
2022-07-01 19:11:53,117 ERROR [http-nio-8080-exec-5] c.h.c.c.a.ExceptionAdvice [ExceptionAdvice.java:29] org.apache.catalina.core.StandardWrapperValve.invoke(StandardWrapperValve.java:197)
2022-07-01 19:11:53,117 ERROR [http-nio-8080-exec-7] c.h.c.c.a.ExceptionAdvice [ExceptionAdvice.java:29] org.apache.catalina.core.StandardContextValve.invoke(StandardContextValve.java:97)
2022-07-01 19:11:53,117 ERROR [http-nio-8080-exec-3] c.h.c.c.a.ExceptionAdvice [ExceptionAdvice.java:29] org.apache.catalina.valves.ErrorReportValve.invoke(ErrorReportValve.java:92)
2022-07-01 19:11:53,117 ERROR [http-nio-8080-exec-5] c.h.c.c.a.ExceptionAdvice [ExceptionAdvice.java:29] org.apache.catalina.core.StandardContextValve.invoke(StandardContextValve.java:97)
2022-07-01 19:11:53,117 ERROR [http-nio-8080-exec-8] c.h.c.c.a.ExceptionAdvice [ExceptionAdvice.java:29] org.apache.tomcat.util.net.NioEndpoint$SocketProcessor.doRun(NioEndpoint.java:1735)
2022-07-01 19:11:53,117 ERROR [http-nio-8080-exec-3] c.h.c.c.a.ExceptionAdvice [ExceptionAdvice.java:29] org.apache.catalina.core.StandardEngineValve.invoke(StandardEngineValve.java:78)
2022-07-01 19:11:53,117 ERROR [http-nio-8080-exec-7] c.h.c.c.a.ExceptionAdvice [ExceptionAdvice.java:29] org.apache.catalina.authenticator.AuthenticatorBase.invoke(AuthenticatorBase.java:540)
2022-07-01 19:11:53,117 ERROR [http-nio-8080-exec-5] c.h.c.c.a.ExceptionAdvice [ExceptionAdvice.java:29] org.apache.catalina.authenticator.AuthenticatorBase.invoke(AuthenticatorBase.java:540)
2022-07-01 19:11:53,117 ERROR [http-nio-8080-exec-3] c.h.c.c.a.ExceptionAdvice [ExceptionAdvice.java:29] org.apache.catalina.connector.CoyoteAdapter.service(CoyoteAdapter.java:359)
2022-07-01 19:11:53,117 ERROR [http-nio-8080-exec-8] c.h.c.c.a.ExceptionAdvice [ExceptionAdvice.java:29] org.apache.tomcat.util.net.SocketProcessorBase.run(SocketProcessorBase.java:49)
2022-07-01 19:11:53,117 ERROR [http-nio-8080-exec-5] c.h.c.c.a.ExceptionAdvice [ExceptionAdvice.java:29] org.apache.catalina.core.StandardHostValve.invoke(StandardHostValve.java:135)
2022-07-01 19:11:53,117 ERROR [http-nio-8080-exec-7] c.h.c.c.a.ExceptionAdvice [ExceptionAdvice.java:29] org.apache.catalina.core.StandardHostValve.invoke(StandardHostValve.java:135)
2022-07-01 19:11:53,117 ERROR [http-nio-8080-exec-3] c.h.c.c.a.ExceptionAdvice [ExceptionAdvice.java:29] org.apache.coyote.http11.Http11Processor.service(Http11Processor.java:399)
2022-07-01 19:11:53,117 ERROR [http-nio-8080-exec-8] c.h.c.c.a.ExceptionAdvice [ExceptionAdvice.java:29] org.apache.tomcat.util.threads.ThreadPoolExecutor.runWorker(ThreadPoolExecutor.java:1191)
2022-07-01 19:11:53,117 ERROR [http-nio-8080-exec-5] c.h.c.c.a.ExceptionAdvice [ExceptionAdvice.java:29] org.apache.catalina.valves.ErrorReportValve.invoke(ErrorReportValve.java:92)
2022-07-01 19:11:53,117 ERROR [http-nio-8080-exec-3] c.h.c.c.a.ExceptionAdvice [ExceptionAdvice.java:29] org.apache.coyote.AbstractProcessorLight.process(AbstractProcessorLight.java:65)
2022-07-01 19:11:53,117 ERROR [http-nio-8080-exec-7] c.h.c.c.a.ExceptionAdvice [ExceptionAdvice.java:29] org.apache.catalina.valves.ErrorReportValve.invoke(ErrorReportValve.java:92)
2022-07-01 19:11:53,117 ERROR [http-nio-8080-exec-8] c.h.c.c.a.ExceptionAdvice [ExceptionAdvice.java:29] org.apache.tomcat.util.threads.ThreadPoolExecutor$Worker.run(ThreadPoolExecutor.java:659)
2022-07-01 19:11:53,117 ERROR [http-nio-8080-exec-5] c.h.c.c.a.ExceptionAdvice [ExceptionAdvice.java:29] org.apache.catalina.core.StandardEngineValve.invoke(StandardEngineValve.java:78)
2022-07-01 19:11:53,117 ERROR [http-nio-8080-exec-3] c.h.c.c.a.ExceptionAdvice [ExceptionAdvice.java:29] org.apache.coyote.AbstractProtocol$ConnectionHandler.process(AbstractProtocol.java:889)
2022-07-01 19:11:53,117 ERROR [http-nio-8080-exec-7] c.h.c.c.a.ExceptionAdvice [ExceptionAdvice.java:29] org.apache.catalina.core.StandardEngineValve.invoke(StandardEngineValve.java:78)
2022-07-01 19:11:53,117 ERROR [http-nio-8080-exec-5] c.h.c.c.a.ExceptionAdvice [ExceptionAdvice.java:29] org.apache.catalina.connector.CoyoteAdapter.service(CoyoteAdapter.java:359)
2022-07-01 19:11:53,117 ERROR [http-nio-8080-exec-8] c.h.c.c.a.ExceptionAdvice [ExceptionAdvice.java:29] org.apache.tomcat.util.threads.TaskThread$WrappingRunnable.run(TaskThread.java:61)
2022-07-01 19:11:53,117 ERROR [http-nio-8080-exec-3] c.h.c.c.a.ExceptionAdvice [ExceptionAdvice.java:29] org.apache.tomcat.util.net.NioEndpoint$SocketProcessor.doRun(NioEndpoint.java:1735)
2022-07-01 19:11:53,117 ERROR [http-nio-8080-exec-5] c.h.c.c.a.ExceptionAdvice [ExceptionAdvice.java:29] org.apache.coyote.http11.Http11Processor.service(Http11Processor.java:399)
2022-07-01 19:11:53,117 ERROR [http-nio-8080-exec-7] c.h.c.c.a.ExceptionAdvice [ExceptionAdvice.java:29] org.apache.catalina.connector.CoyoteAdapter.service(CoyoteAdapter.java:359)
2022-07-01 19:11:53,117 ERROR [http-nio-8080-exec-3] c.h.c.c.a.ExceptionAdvice [ExceptionAdvice.java:29] org.apache.tomcat.util.net.SocketProcessorBase.run(SocketProcessorBase.java:49)
2022-07-01 19:11:53,117 ERROR [http-nio-8080-exec-8] c.h.c.c.a.ExceptionAdvice [ExceptionAdvice.java:29] java.lang.Thread.run(Thread.java:750)
2022-07-01 19:11:53,117 ERROR [http-nio-8080-exec-7] c.h.c.c.a.ExceptionAdvice [ExceptionAdvice.java:29] org.apache.coyote.http11.Http11Processor.service(Http11Processor.java:399)
2022-07-01 19:11:53,117 ERROR [http-nio-8080-exec-5] c.h.c.c.a.ExceptionAdvice [ExceptionAdvice.java:29] org.apache.coyote.AbstractProcessorLight.process(AbstractProcessorLight.java:65)
2022-07-01 19:11:53,117 ERROR [http-nio-8080-exec-3] c.h.c.c.a.ExceptionAdvice [ExceptionAdvice.java:29] org.apache.tomcat.util.threads.ThreadPoolExecutor.runWorker(ThreadPoolExecutor.java:1191)
2022-07-01 19:11:53,117 ERROR [http-nio-8080-exec-7] c.h.c.c.a.ExceptionAdvice [ExceptionAdvice.java:29] org.apache.coyote.AbstractProcessorLight.process(AbstractProcessorLight.java:65)
2022-07-01 19:11:53,117 ERROR [http-nio-8080-exec-3] c.h.c.c.a.ExceptionAdvice [ExceptionAdvice.java:29] org.apache.tomcat.util.threads.ThreadPoolExecutor$Worker.run(ThreadPoolExecutor.java:659)
2022-07-01 19:11:53,117 ERROR [http-nio-8080-exec-5] c.h.c.c.a.ExceptionAdvice [ExceptionAdvice.java:29] org.apache.coyote.AbstractProtocol$ConnectionHandler.process(AbstractProtocol.java:889)
2022-07-01 19:11:53,117 ERROR [http-nio-8080-exec-7] c.h.c.c.a.ExceptionAdvice [ExceptionAdvice.java:29] org.apache.coyote.AbstractProtocol$ConnectionHandler.process(AbstractProtocol.java:889)
2022-07-01 19:11:53,117 ERROR [http-nio-8080-exec-3] c.h.c.c.a.ExceptionAdvice [ExceptionAdvice.java:29] org.apache.tomcat.util.threads.TaskThread$WrappingRunnable.run(TaskThread.java:61)
2022-07-01 19:11:53,117 ERROR [http-nio-8080-exec-5] c.h.c.c.a.ExceptionAdvice [ExceptionAdvice.java:29] org.apache.tomcat.util.net.NioEndpoint$SocketProcessor.doRun(NioEndpoint.java:1735)
2022-07-01 19:11:53,117 ERROR [http-nio-8080-exec-7] c.h.c.c.a.ExceptionAdvice [ExceptionAdvice.java:29] org.apache.tomcat.util.net.NioEndpoint$SocketProcessor.doRun(NioEndpoint.java:1735)
2022-07-01 19:11:53,118 ERROR [http-nio-8080-exec-3] c.h.c.c.a.ExceptionAdvice [ExceptionAdvice.java:29] java.lang.Thread.run(Thread.java:750)
2022-07-01 19:11:53,118 ERROR [http-nio-8080-exec-7] c.h.c.c.a.ExceptionAdvice [ExceptionAdvice.java:29] org.apache.tomcat.util.net.SocketProcessorBase.run(SocketProcessorBase.java:49)
2022-07-01 19:11:53,118 ERROR [http-nio-8080-exec-5] c.h.c.c.a.ExceptionAdvice [ExceptionAdvice.java:29] org.apache.tomcat.util.net.SocketProcessorBase.run(SocketProcessorBase.java:49)
2022-07-01 19:11:53,118 ERROR [http-nio-8080-exec-7] c.h.c.c.a.ExceptionAdvice [ExceptionAdvice.java:29] org.apache.tomcat.util.threads.ThreadPoolExecutor.runWorker(ThreadPoolExecutor.java:1191)
2022-07-01 19:11:53,118 ERROR [http-nio-8080-exec-5] c.h.c.c.a.ExceptionAdvice [ExceptionAdvice.java:29] org.apache.tomcat.util.threads.ThreadPoolExecutor.runWorker(ThreadPoolExecutor.java:1191)
2022-07-01 19:11:53,118 ERROR [http-nio-8080-exec-7] c.h.c.c.a.ExceptionAdvice [ExceptionAdvice.java:29] org.apache.tomcat.util.threads.ThreadPoolExecutor$Worker.run(ThreadPoolExecutor.java:659)
2022-07-01 19:11:53,118 ERROR [http-nio-8080-exec-5] c.h.c.c.a.ExceptionAdvice [ExceptionAdvice.java:29] org.apache.tomcat.util.threads.ThreadPoolExecutor$Worker.run(ThreadPoolExecutor.java:659)
2022-07-01 19:11:53,118 ERROR [http-nio-8080-exec-7] c.h.c.c.a.ExceptionAdvice [ExceptionAdvice.java:29] org.apache.tomcat.util.threads.TaskThread$WrappingRunnable.run(TaskThread.java:61)
2022-07-01 19:11:53,118 ERROR [http-nio-8080-exec-7] c.h.c.c.a.ExceptionAdvice [ExceptionAdvice.java:29] java.lang.Thread.run(Thread.java:750)
2022-07-01 19:11:53,118 ERROR [http-nio-8080-exec-5] c.h.c.c.a.ExceptionAdvice [ExceptionAdvice.java:29] org.apache.tomcat.util.threads.TaskThread$WrappingRunnable.run(TaskThread.java:61)
2022-07-01 19:11:53,118 ERROR [http-nio-8080-exec-5] c.h.c.c.a.ExceptionAdvice [ExceptionAdvice.java:29] java.lang.Thread.run(Thread.java:750)
