2022-10-10 13:20:46,625 WARN [restartedMain] o.a.c.c.C.[.[.[/community] [DirectJDKLog.java:173] Cannot deserialize session attribute [SPRING_SECURITY_CONTEXT] for session [AD97BDF6A966AE1D657218C8A49FBB9C]
2022-10-10 13:20:46,973 WARN [restartedMain] o.t.t.TemplateMode [TemplateMode.java:150] [THYMELEAF][restartedMain] Template Mode 'LEGACYHTML5' is deprecated. Using Template Mode 'HTML' instead.
2022-10-10 13:20:49,161 WARN [restartedMain] o.s.s.c.a.w.b.WebSecurity [WebSecurity.java:294] You are asking Spring Security to ignore Ant [pattern='/resources/**']. This is not recommended -- please use permitAll via HttpSecurity#authorizeHttpRequests instead.
2022-10-10 14:18:59,346 WARN [restartedMain] o.t.t.TemplateMode [TemplateMode.java:150] [THYMELEAF][restartedMain] Template Mode 'LEGACYHTML5' is deprecated. Using Template Mode 'HTML' instead.
2022-10-10 14:19:01,291 WARN [restartedMain] o.s.s.c.a.w.b.WebSecurity [WebSecurity.java:294] You are asking Spring Security to ignore Ant [pattern='/resources/**']. This is not recommended -- please use permitAll via HttpSecurity#authorizeHttpRequests instead.
2022-10-10 14:19:01,775 WARN [org.springframework.kafka.KafkaListenerEndpointContainer#3-0-C-1] o.a.k.c.NetworkClient [NetworkClient.java:1090] [Consumer clientId=consumer-community-consumer-group-2, groupId=community-consumer-group] Error while fetching metadata with correlation id 2 : {share=LEADER_NOT_AVAILABLE}
2022-10-10 14:22:31,319 WARN [restartedMain] o.a.c.c.C.[.[.[/community] [DirectJDKLog.java:173] Cannot deserialize session attribute [SPRING_SECURITY_CONTEXT] for session [6413E5880D6E510E86ACA3F81A15D3D8]
2022-10-10 14:22:31,595 WARN [restartedMain] o.t.t.TemplateMode [TemplateMode.java:150] [THYMELEAF][restartedMain] Template Mode 'LEGACYHTML5' is deprecated. Using Template Mode 'HTML' instead.
2022-10-10 14:22:33,688 WARN [restartedMain] o.s.s.c.a.w.b.WebSecurity [WebSecurity.java:294] You are asking Spring Security to ignore Ant [pattern='/resources/**']. This is not recommended -- please use permitAll via HttpSecurity#authorizeHttpRequests instead.
2022-10-10 14:24:27,791 WARN [restartedMain] o.a.c.c.C.[.[.[/community] [DirectJDKLog.java:173] Cannot deserialize session attribute [SPRING_SECURITY_CONTEXT] for session [6413E5880D6E510E86ACA3F81A15D3D8]
2022-10-10 14:24:28,092 WARN [restartedMain] o.t.t.TemplateMode [TemplateMode.java:150] [THYMELEAF][restartedMain] Template Mode 'LEGACYHTML5' is deprecated. Using Template Mode 'HTML' instead.
2022-10-10 14:24:30,122 WARN [restartedMain] o.s.s.c.a.w.b.WebSecurity [WebSecurity.java:294] You are asking Spring Security to ignore Ant [pattern='/resources/**']. This is not recommended -- please use permitAll via HttpSecurity#authorizeHttpRequests instead.
2022-10-10 14:34:48,922 WARN [restartedMain] o.t.t.TemplateMode [TemplateMode.java:150] [THYMELEAF][restartedMain] Template Mode 'LEGACYHTML5' is deprecated. Using Template Mode 'HTML' instead.
2022-10-10 14:34:51,212 WARN [restartedMain] o.s.s.c.a.w.b.WebSecurity [WebSecurity.java:294] You are asking Spring Security to ignore Ant [pattern='/resources/**']. This is not recommended -- please use permitAll via HttpSecurity#authorizeHttpRequests instead.
2022-10-10 14:36:21,990 WARN [HikariPool-1 housekeeper] c.z.h.p.HikariPool [HikariPool.java:788] HikariPool-1 - Thread starvation or clock leap detected (housekeeper delta=1m31s7ms472µs800ns).
2022-10-10 14:36:22,070 WARN [org.springframework.kafka.KafkaListenerEndpointContainer#1-0-C-1] o.a.k.c.c.i.ConsumerCoordinator [ConsumerCoordinator.java:1046] [Consumer clientId=consumer-community-consumer-group-4, groupId=community-consumer-group] Asynchronous auto-commit of offsets {share-0=OffsetAndMetadata{offset=4, leaderEpoch=0, metadata=''}} failed: Commit cannot be completed since the group has already rebalanced and assigned the partitions to another member. This means that the time between subsequent calls to poll() was longer than the configured max.poll.interval.ms, which typically implies that the poll loop is spending too much time message processing. You can address this either by increasing max.poll.interval.ms or by reducing the maximum size of batches returned in poll() with max.poll.records.
2022-10-10 14:36:22,072 WARN [org.springframework.kafka.KafkaListenerEndpointContainer#1-0-C-1] o.a.k.c.c.i.ConsumerCoordinator [ConsumerCoordinator.java:1067] [Consumer clientId=consumer-community-consumer-group-4, groupId=community-consumer-group] Synchronous auto-commit of offsets {share-0=OffsetAndMetadata{offset=4, leaderEpoch=0, metadata=''}} failed: Offset commit cannot be completed since the consumer is not part of an active group for auto partition assignment; it is likely that the consumer was kicked out of the group.
2022-10-10 14:36:22,510 WARN [org.springframework.kafka.KafkaListenerEndpointContainer#2-0-C-1] o.a.k.c.c.i.ConsumerCoordinator [ConsumerCoordinator.java:1067] [Consumer clientId=consumer-community-consumer-group-1, groupId=community-consumer-group] Synchronous auto-commit of offsets {comment-0=OffsetAndMetadata{offset=8, leaderEpoch=0, metadata=''}, like-0=OffsetAndMetadata{offset=3, leaderEpoch=0, metadata=''}, follow-0=OffsetAndMetadata{offset=0, leaderEpoch=null, metadata=''}} failed: Offset commit cannot be completed since the consumer is not part of an active group for auto partition assignment; it is likely that the consumer was kicked out of the group.
2022-10-10 14:36:22,510 WARN [org.springframework.kafka.KafkaListenerEndpointContainer#3-0-C-1] o.a.k.c.c.i.ConsumerCoordinator [ConsumerCoordinator.java:1067] [Consumer clientId=consumer-community-consumer-group-2, groupId=community-consumer-group] Synchronous auto-commit of offsets {publish-0=OffsetAndMetadata{offset=10, leaderEpoch=0, metadata=''}} failed: Offset commit cannot be completed since the consumer is not part of an active group for auto partition assignment; it is likely that the consumer was kicked out of the group.
2022-10-10 14:36:22,510 WARN [org.springframework.kafka.KafkaListenerEndpointContainer#0-0-C-1] o.a.k.c.c.i.ConsumerCoordinator [ConsumerCoordinator.java:1067] [Consumer clientId=consumer-community-consumer-group-3, groupId=community-consumer-group] Synchronous auto-commit of offsets {delete-0=OffsetAndMetadata{offset=0, leaderEpoch=null, metadata=''}} failed: Offset commit cannot be completed since the consumer is not part of an active group for auto partition assignment; it is likely that the consumer was kicked out of the group.
2022-10-10 14:36:22,512 WARN [org.springframework.kafka.KafkaListenerEndpointContainer#3-0-C-1] o.a.k.c.c.i.ConsumerCoordinator [ConsumerCoordinator.java:1046] [Consumer clientId=consumer-community-consumer-group-2, groupId=community-consumer-group] Asynchronous auto-commit of offsets {publish-0=OffsetAndMetadata{offset=10, leaderEpoch=0, metadata=''}} failed: Offset commit cannot be completed since the consumer member's generation is already stale, meaning it has already participated another rebalance and got a new generation. You can try completing the rebalance by calling poll() and then retry commit again
2022-10-10 14:36:22,512 WARN [org.springframework.kafka.KafkaListenerEndpointContainer#0-0-C-1] o.a.k.c.c.i.ConsumerCoordinator [ConsumerCoordinator.java:1046] [Consumer clientId=consumer-community-consumer-group-3, groupId=community-consumer-group] Asynchronous auto-commit of offsets {delete-0=OffsetAndMetadata{offset=0, leaderEpoch=null, metadata=''}} failed: Offset commit cannot be completed since the consumer member's generation is already stale, meaning it has already participated another rebalance and got a new generation. You can try completing the rebalance by calling poll() and then retry commit again
2022-10-10 14:36:22,512 WARN [org.springframework.kafka.KafkaListenerEndpointContainer#2-0-C-1] o.a.k.c.c.i.ConsumerCoordinator [ConsumerCoordinator.java:1046] [Consumer clientId=consumer-community-consumer-group-1, groupId=community-consumer-group] Asynchronous auto-commit of offsets {comment-0=OffsetAndMetadata{offset=8, leaderEpoch=0, metadata=''}, like-0=OffsetAndMetadata{offset=3, leaderEpoch=0, metadata=''}, follow-0=OffsetAndMetadata{offset=0, leaderEpoch=null, metadata=''}} failed: Offset commit cannot be completed since the consumer member's generation is already stale, meaning it has already participated another rebalance and got a new generation. You can try completing the rebalance by calling poll() and then retry commit again
2022-10-10 14:39:06,969 WARN [restartedMain] o.a.c.c.C.[.[.[/community] [DirectJDKLog.java:173] Cannot deserialize session attribute [SPRING_SECURITY_CONTEXT] for session [6413E5880D6E510E86ACA3F81A15D3D8]
2022-10-10 14:39:07,312 WARN [restartedMain] o.t.t.TemplateMode [TemplateMode.java:150] [THYMELEAF][restartedMain] Template Mode 'LEGACYHTML5' is deprecated. Using Template Mode 'HTML' instead.
2022-10-10 14:39:10,017 WARN [restartedMain] o.s.s.c.a.w.b.WebSecurity [WebSecurity.java:294] You are asking Spring Security to ignore Ant [pattern='/resources/**']. This is not recommended -- please use permitAll via HttpSecurity#authorizeHttpRequests instead.
2022-10-10 18:22:05,593 WARN [restartedMain] o.t.t.TemplateMode [TemplateMode.java:150] [THYMELEAF][restartedMain] Template Mode 'LEGACYHTML5' is deprecated. Using Template Mode 'HTML' instead.
2022-10-10 18:22:07,615 WARN [restartedMain] o.s.s.c.a.w.b.WebSecurity [WebSecurity.java:294] You are asking Spring Security to ignore Ant [pattern='/resources/**']. This is not recommended -- please use permitAll via HttpSecurity#authorizeHttpRequests instead.
2022-10-10 18:27:33,764 WARN [restartedMain] o.t.t.TemplateMode [TemplateMode.java:150] [THYMELEAF][restartedMain] Template Mode 'LEGACYHTML5' is deprecated. Using Template Mode 'HTML' instead.
2022-10-10 18:27:35,880 WARN [restartedMain] o.s.s.c.a.w.b.WebSecurity [WebSecurity.java:294] You are asking Spring Security to ignore Ant [pattern='/resources/**']. This is not recommended -- please use permitAll via HttpSecurity#authorizeHttpRequests instead.
2022-10-10 18:32:53,950 WARN [restartedMain] o.t.t.TemplateMode [TemplateMode.java:150] [THYMELEAF][restartedMain] Template Mode 'LEGACYHTML5' is deprecated. Using Template Mode 'HTML' instead.
2022-10-10 18:32:55,968 WARN [restartedMain] o.s.s.c.a.w.b.WebSecurity [WebSecurity.java:294] You are asking Spring Security to ignore Ant [pattern='/resources/**']. This is not recommended -- please use permitAll via HttpSecurity#authorizeHttpRequests instead.
2022-10-10 18:41:14,493 WARN [restartedMain] o.a.c.c.C.[.[.[/community] [DirectJDKLog.java:173] Cannot deserialize session attribute [SPRING_SECURITY_CONTEXT] for session [E923C6918876611973BBBBFF9FC94167]
2022-10-10 18:41:14,769 WARN [restartedMain] o.t.t.TemplateMode [TemplateMode.java:150] [THYMELEAF][restartedMain] Template Mode 'LEGACYHTML5' is deprecated. Using Template Mode 'HTML' instead.
2022-10-10 18:41:16,851 WARN [restartedMain] o.s.s.c.a.w.b.WebSecurity [WebSecurity.java:294] You are asking Spring Security to ignore Ant [pattern='/resources/**']. This is not recommended -- please use permitAll via HttpSecurity#authorizeHttpRequests instead.
2022-10-10 18:58:59,398 WARN [restartedMain] o.t.t.TemplateMode [TemplateMode.java:150] [THYMELEAF][restartedMain] Template Mode 'LEGACYHTML5' is deprecated. Using Template Mode 'HTML' instead.
2022-10-10 18:59:01,499 WARN [restartedMain] o.s.s.c.a.w.b.WebSecurity [WebSecurity.java:294] You are asking Spring Security to ignore Ant [pattern='/resources/**']. This is not recommended -- please use permitAll via HttpSecurity#authorizeHttpRequests instead.
2022-10-10 19:01:01,240 WARN [restartedMain] o.a.c.c.C.[.[.[/community] [DirectJDKLog.java:173] Cannot deserialize session attribute [SPRING_SECURITY_CONTEXT] for session [5D49C81535B342622FFB206549B09570]
2022-10-10 19:01:01,651 WARN [restartedMain] o.t.t.TemplateMode [TemplateMode.java:150] [THYMELEAF][restartedMain] Template Mode 'LEGACYHTML5' is deprecated. Using Template Mode 'HTML' instead.
2022-10-10 19:01:04,513 WARN [restartedMain] o.s.s.c.a.w.b.WebSecurity [WebSecurity.java:294] You are asking Spring Security to ignore Ant [pattern='/resources/**']. This is not recommended -- please use permitAll via HttpSecurity#authorizeHttpRequests instead.
2022-10-10 19:08:58,167 WARN [restartedMain] o.a.c.c.C.[.[.[/community] [DirectJDKLog.java:173] Cannot deserialize session attribute [SPRING_SECURITY_CONTEXT] for session [3BD1E748F599E6FB52EA7531B67E7E53]
2022-10-10 19:08:58,408 WARN [restartedMain] o.t.t.TemplateMode [TemplateMode.java:150] [THYMELEAF][restartedMain] Template Mode 'LEGACYHTML5' is deprecated. Using Template Mode 'HTML' instead.
2022-10-10 19:09:00,104 WARN [restartedMain] o.s.s.c.a.w.b.WebSecurity [WebSecurity.java:294] You are asking Spring Security to ignore Ant [pattern='/resources/**']. This is not recommended -- please use permitAll via HttpSecurity#authorizeHttpRequests instead.
2022-10-10 19:39:58,005 WARN [restartedMain] o.a.c.c.C.[.[.[/community] [DirectJDKLog.java:173] Cannot deserialize session attribute [SPRING_SECURITY_CONTEXT] for session [3BD1E748F599E6FB52EA7531B67E7E53]
2022-10-10 19:39:58,276 WARN [restartedMain] o.t.t.TemplateMode [TemplateMode.java:150] [THYMELEAF][restartedMain] Template Mode 'LEGACYHTML5' is deprecated. Using Template Mode 'HTML' instead.
2022-10-10 19:40:00,182 WARN [restartedMain] o.s.s.c.a.w.b.WebSecurity [WebSecurity.java:294] You are asking Spring Security to ignore Ant [pattern='/resources/**']. This is not recommended -- please use permitAll via HttpSecurity#authorizeHttpRequests instead.
2022-10-10 19:43:58,180 WARN [restartedMain] o.a.c.c.C.[.[.[/community] [DirectJDKLog.java:173] Cannot deserialize session attribute [SPRING_SECURITY_CONTEXT] for session [07F7636B8D332E7E8614293034315657]
2022-10-10 19:43:58,421 WARN [restartedMain] o.t.t.TemplateMode [TemplateMode.java:150] [THYMELEAF][restartedMain] Template Mode 'LEGACYHTML5' is deprecated. Using Template Mode 'HTML' instead.
2022-10-10 19:44:00,147 WARN [restartedMain] o.s.s.c.a.w.b.WebSecurity [WebSecurity.java:294] You are asking Spring Security to ignore Ant [pattern='/resources/**']. This is not recommended -- please use permitAll via HttpSecurity#authorizeHttpRequests instead.
2022-10-10 19:44:36,228 WARN [restartedMain] o.a.c.c.C.[.[.[/community] [DirectJDKLog.java:173] Cannot deserialize session attribute [SPRING_SECURITY_CONTEXT] for session [07F7636B8D332E7E8614293034315657]
2022-10-10 19:44:36,462 WARN [restartedMain] o.t.t.TemplateMode [TemplateMode.java:150] [THYMELEAF][restartedMain] Template Mode 'LEGACYHTML5' is deprecated. Using Template Mode 'HTML' instead.
2022-10-10 19:44:38,117 WARN [restartedMain] o.s.s.c.a.w.b.WebSecurity [WebSecurity.java:294] You are asking Spring Security to ignore Ant [pattern='/resources/**']. This is not recommended -- please use permitAll via HttpSecurity#authorizeHttpRequests instead.
2022-10-10 19:53:05,163 WARN [restartedMain] o.a.c.c.C.[.[.[/community] [DirectJDKLog.java:173] Cannot deserialize session attribute [SPRING_SECURITY_CONTEXT] for session [07F7636B8D332E7E8614293034315657]
2022-10-10 19:53:05,404 WARN [restartedMain] o.t.t.TemplateMode [TemplateMode.java:150] [THYMELEAF][restartedMain] Template Mode 'LEGACYHTML5' is deprecated. Using Template Mode 'HTML' instead.
2022-10-10 19:53:07,212 WARN [restartedMain] o.s.s.c.a.w.b.WebSecurity [WebSecurity.java:294] You are asking Spring Security to ignore Ant [pattern='/resources/**']. This is not recommended -- please use permitAll via HttpSecurity#authorizeHttpRequests instead.
2022-10-10 19:54:50,668 WARN [restartedMain] o.a.c.c.C.[.[.[/community] [DirectJDKLog.java:173] Cannot deserialize session attribute [SPRING_SECURITY_CONTEXT] for session [07F7636B8D332E7E8614293034315657]
2022-10-10 19:54:50,922 WARN [restartedMain] o.t.t.TemplateMode [TemplateMode.java:150] [THYMELEAF][restartedMain] Template Mode 'LEGACYHTML5' is deprecated. Using Template Mode 'HTML' instead.
2022-10-10 19:54:52,742 WARN [restartedMain] o.s.s.c.a.w.b.WebSecurity [WebSecurity.java:294] You are asking Spring Security to ignore Ant [pattern='/resources/**']. This is not recommended -- please use permitAll via HttpSecurity#authorizeHttpRequests instead.
2022-10-10 20:20:55,155 WARN [restartedMain] o.a.c.c.C.[.[.[/community] [DirectJDKLog.java:173] Cannot deserialize session attribute [SPRING_SECURITY_CONTEXT] for session [07F7636B8D332E7E8614293034315657]
2022-10-10 20:20:55,387 WARN [restartedMain] o.t.t.TemplateMode [TemplateMode.java:150] [THYMELEAF][restartedMain] Template Mode 'LEGACYHTML5' is deprecated. Using Template Mode 'HTML' instead.
2022-10-10 20:20:57,053 WARN [restartedMain] o.s.s.c.a.w.b.WebSecurity [WebSecurity.java:294] You are asking Spring Security to ignore Ant [pattern='/resources/**']. This is not recommended -- please use permitAll via HttpSecurity#authorizeHttpRequests instead.
2022-10-10 20:35:33,466 WARN [restartedMain] o.a.c.c.C.[.[.[/community] [DirectJDKLog.java:173] Cannot deserialize session attribute [SPRING_SECURITY_CONTEXT] for session [07F7636B8D332E7E8614293034315657]
2022-10-10 20:35:33,842 WARN [restartedMain] o.t.t.TemplateMode [TemplateMode.java:150] [THYMELEAF][restartedMain] Template Mode 'LEGACYHTML5' is deprecated. Using Template Mode 'HTML' instead.
2022-10-10 20:35:37,010 WARN [restartedMain] o.s.s.c.a.w.b.WebSecurity [WebSecurity.java:294] You are asking Spring Security to ignore Ant [pattern='/resources/**']. This is not recommended -- please use permitAll via HttpSecurity#authorizeHttpRequests instead.
