2022-04-17 12:06:56,552 WARN [restartedMain] o.t.t.TemplateMode [TemplateMode.java:150] [THYMELEAF][restartedMain] Template Mode 'LEGACYHTML5' is deprecated. Using Template Mode 'HTML' instead.
2022-04-17 12:12:13,652 WARN [restartedMain] o.t.t.TemplateMode [TemplateMode.java:150] [THYMELEAF][restartedMain] Template Mode 'LEGACYHTML5' is deprecated. Using Template Mode 'HTML' instead.
2022-04-17 12:40:19,051 WARN [restartedMain] o.t.t.TemplateMode [TemplateMode.java:150] [THYMELEAF][restartedMain] Template Mode 'LEGACYHTML5' is deprecated. Using Template Mode 'HTML' instead.
2022-04-17 12:48:45,708 WARN [restartedMain] o.t.t.TemplateMode [TemplateMode.java:150] [THYMELEAF][restartedMain] Template Mode 'LEGACYHTML5' is deprecated. Using Template Mode 'HTML' instead.
2022-04-17 12:49:11,426 WARN [HikariPool-1 housekeeper] c.z.h.p.HikariPool [HikariPool.java:788] HikariPool-1 - Thread starvation or clock leap detected (housekeeper delta=49s887ms300ns).
2022-04-17 13:16:10,249 WARN [restartedMain] o.t.t.TemplateMode [TemplateMode.java:150] [THYMELEAF][restartedMain] Template Mode 'LEGACYHTML5' is deprecated. Using Template Mode 'HTML' instead.
2022-04-17 13:19:44,076 WARN [restartedMain] o.t.t.TemplateMode [TemplateMode.java:150] [THYMELEAF][restartedMain] Template Mode 'LEGACYHTML5' is deprecated. Using Template Mode 'HTML' instead.
2022-04-17 13:22:46,655 WARN [restartedMain] o.t.t.TemplateMode [TemplateMode.java:150] [THYMELEAF][restartedMain] Template Mode 'LEGACYHTML5' is deprecated. Using Template Mode 'HTML' instead.
2022-04-17 13:28:43,850 WARN [restartedMain] o.t.t.TemplateMode [TemplateMode.java:150] [THYMELEAF][restartedMain] Template Mode 'LEGACYHTML5' is deprecated. Using Template Mode 'HTML' instead.
2022-04-17 13:29:11,825 WARN [restartedMain] o.t.t.TemplateMode [TemplateMode.java:150] [THYMELEAF][restartedMain] Template Mode 'LEGACYHTML5' is deprecated. Using Template Mode 'HTML' instead.
2022-04-17 13:30:01,265 WARN [restartedMain] o.t.t.TemplateMode [TemplateMode.java:150] [THYMELEAF][restartedMain] Template Mode 'LEGACYHTML5' is deprecated. Using Template Mode 'HTML' instead.
2022-04-17 13:33:12,419 WARN [restartedMain] o.t.t.TemplateMode [TemplateMode.java:150] [THYMELEAF][restartedMain] Template Mode 'LEGACYHTML5' is deprecated. Using Template Mode 'HTML' instead.
2022-04-17 13:33:30,904 WARN [restartedMain] o.t.t.TemplateMode [TemplateMode.java:150] [THYMELEAF][restartedMain] Template Mode 'LEGACYHTML5' is deprecated. Using Template Mode 'HTML' instead.
2022-04-17 13:33:48,817 WARN [restartedMain] o.t.t.TemplateMode [TemplateMode.java:150] [THYMELEAF][restartedMain] Template Mode 'LEGACYHTML5' is deprecated. Using Template Mode 'HTML' instead.
2022-04-17 13:39:05,649 WARN [restartedMain] o.t.t.TemplateMode [TemplateMode.java:150] [THYMELEAF][restartedMain] Template Mode 'LEGACYHTML5' is deprecated. Using Template Mode 'HTML' instead.
2022-04-17 13:40:20,053 WARN [restartedMain] o.t.t.TemplateMode [TemplateMode.java:150] [THYMELEAF][restartedMain] Template Mode 'LEGACYHTML5' is deprecated. Using Template Mode 'HTML' instead.
2022-04-17 14:46:01,535 WARN [HikariPool-1 housekeeper] c.z.h.p.HikariPool [HikariPool.java:788] HikariPool-1 - Thread starvation or clock leap detected (housekeeper delta=55m6s854ms519µs900ns).
2022-04-17 15:55:52,330 WARN [HikariPool-1 housekeeper] c.z.h.p.HikariPool [HikariPool.java:788] HikariPool-1 - Thread starvation or clock leap detected (housekeeper delta=1h9m50s794ms225µs400ns).
2022-04-17 18:59:49,792 WARN [restartedMain] o.t.t.TemplateMode [TemplateMode.java:150] [THYMELEAF][restartedMain] Template Mode 'LEGACYHTML5' is deprecated. Using Template Mode 'HTML' instead.
2022-04-17 18:59:53,699 WARN [http-nio-8080-exec-6] o.s.w.s.m.s.DefaultHandlerExceptionResolver [AbstractHandlerExceptionResolver.java:208] Resolved [org.springframework.web.bind.MissingPathVariableException: Required URI template variable 'DiscussPostId' for method parameter type int is not present]
2022-04-17 18:59:55,716 WARN [http-nio-8080-exec-1] o.s.w.s.m.s.DefaultHandlerExceptionResolver [AbstractHandlerExceptionResolver.java:208] Resolved [org.springframework.web.bind.MissingPathVariableException: Required URI template variable 'DiscussPostId' for method parameter type int is not present]
2022-04-17 19:00:07,197 WARN [http-nio-8080-exec-1] o.s.w.s.m.s.DefaultHandlerExceptionResolver [AbstractHandlerExceptionResolver.java:208] Resolved [org.springframework.web.bind.MissingPathVariableException: Required URI template variable 'DiscussPostId' for method parameter type int is not present]
2022-04-17 19:00:55,975 WARN [http-nio-8080-exec-1] o.s.w.s.m.s.DefaultHandlerExceptionResolver [AbstractHandlerExceptionResolver.java:208] Resolved [org.springframework.web.bind.MissingPathVariableException: Required URI template variable 'DiscussPostId' for method parameter type int is not present]
2022-04-17 19:05:44,723 WARN [restartedMain] o.t.t.TemplateMode [TemplateMode.java:150] [THYMELEAF][restartedMain] Template Mode 'LEGACYHTML5' is deprecated. Using Template Mode 'HTML' instead.
2022-04-17 19:05:48,373 WARN [http-nio-8080-exec-7] o.s.w.s.m.s.DefaultHandlerExceptionResolver [AbstractHandlerExceptionResolver.java:208] Resolved [org.springframework.web.bind.MissingPathVariableException: Required URI template variable 'DiscussPostId' for method parameter type int is not present]
2022-04-17 19:05:50,281 WARN [http-nio-8080-exec-7] o.s.w.s.m.s.DefaultHandlerExceptionResolver [AbstractHandlerExceptionResolver.java:208] Resolved [org.springframework.web.bind.MissingPathVariableException: Required URI template variable 'DiscussPostId' for method parameter type int is not present]
2022-04-17 19:05:57,078 WARN [http-nio-8080-exec-7] o.s.w.s.m.s.DefaultHandlerExceptionResolver [AbstractHandlerExceptionResolver.java:208] Resolved [org.springframework.web.bind.MissingPathVariableException: Required URI template variable 'DiscussPostId' for method parameter type int is not present]
2022-04-17 19:06:01,874 WARN [http-nio-8080-exec-7] o.s.w.s.m.s.DefaultHandlerExceptionResolver [AbstractHandlerExceptionResolver.java:208] Resolved [org.springframework.web.bind.MissingPathVariableException: Required URI template variable 'DiscussPostId' for method parameter type int is not present]
2022-04-17 19:06:18,936 WARN [http-nio-8080-exec-2] o.s.w.s.m.s.DefaultHandlerExceptionResolver [AbstractHandlerExceptionResolver.java:208] Resolved [org.springframework.web.bind.MissingPathVariableException: Required URI template variable 'DiscussPostId' for method parameter type int is not present]
2022-04-17 19:10:25,040 WARN [restartedMain] o.t.t.TemplateMode [TemplateMode.java:150] [THYMELEAF][restartedMain] Template Mode 'LEGACYHTML5' is deprecated. Using Template Mode 'HTML' instead.
2022-04-17 19:10:36,038 WARN [http-nio-8080-exec-1] o.s.w.s.m.s.DefaultHandlerExceptionResolver [AbstractHandlerExceptionResolver.java:208] Resolved [org.springframework.web.bind.MissingPathVariableException: Required URI template variable 'DiscussPostId' for method parameter type int is not present]
2022-04-17 19:10:38,455 WARN [http-nio-8080-exec-1] o.s.w.s.m.s.DefaultHandlerExceptionResolver [AbstractHandlerExceptionResolver.java:208] Resolved [org.springframework.web.bind.MissingPathVariableException: Required URI template variable 'DiscussPostId' for method parameter type int is not present]
2022-04-17 19:12:29,891 WARN [http-nio-8080-exec-6] o.s.w.s.m.s.DefaultHandlerExceptionResolver [AbstractHandlerExceptionResolver.java:208] Resolved [org.springframework.web.bind.MissingPathVariableException: Required URI template variable 'DiscussPostId' for method parameter type int is not present]
2022-04-17 19:13:06,792 WARN [http-nio-8080-exec-5] o.s.w.s.m.s.DefaultHandlerExceptionResolver [AbstractHandlerExceptionResolver.java:208] Resolved [org.springframework.web.bind.MissingPathVariableException: Required URI template variable 'DiscussPostId' for method parameter type int is not present]
2022-04-17 19:13:21,085 WARN [http-nio-8080-exec-2] o.s.w.s.m.s.DefaultHandlerExceptionResolver [AbstractHandlerExceptionResolver.java:208] Resolved [org.springframework.web.bind.MissingPathVariableException: Required URI template variable 'DiscussPostId' for method parameter type int is not present]
2022-04-17 19:20:35,394 WARN [restartedMain] o.t.t.TemplateMode [TemplateMode.java:150] [THYMELEAF][restartedMain] Template Mode 'LEGACYHTML5' is deprecated. Using Template Mode 'HTML' instead.
2022-04-17 19:20:44,281 WARN [http-nio-8080-exec-6] o.s.w.s.m.s.DefaultHandlerExceptionResolver [AbstractHandlerExceptionResolver.java:208] Resolved [org.springframework.web.bind.MissingPathVariableException: Required URI template variable 'DiscussPostId' for method parameter type int is not present]
2022-04-17 19:21:17,105 WARN [restartedMain] o.t.t.TemplateMode [TemplateMode.java:150] [THYMELEAF][restartedMain] Template Mode 'LEGACYHTML5' is deprecated. Using Template Mode 'HTML' instead.
2022-04-17 19:21:27,302 WARN [http-nio-8080-exec-1] o.s.w.s.m.s.DefaultHandlerExceptionResolver [AbstractHandlerExceptionResolver.java:208] Resolved [org.springframework.web.bind.MissingPathVariableException: Required URI template variable 'DiscussPostId' for method parameter type int is not present]
2022-04-17 19:21:43,741 WARN [http-nio-8080-exec-1] o.s.w.s.m.s.DefaultHandlerExceptionResolver [AbstractHandlerExceptionResolver.java:208] Resolved [org.springframework.web.bind.MissingPathVariableException: Required URI template variable 'DiscussPostId' for method parameter type int is not present]
2022-04-17 19:21:56,554 WARN [http-nio-8080-exec-1] o.s.w.s.m.s.DefaultHandlerExceptionResolver [AbstractHandlerExceptionResolver.java:208] Resolved [org.springframework.web.bind.MissingPathVariableException: Required URI template variable 'DiscussPostId' for method parameter type int is not present]
2022-04-17 19:22:31,905 WARN [restartedMain] o.t.t.TemplateMode [TemplateMode.java:150] [THYMELEAF][restartedMain] Template Mode 'LEGACYHTML5' is deprecated. Using Template Mode 'HTML' instead.
2022-04-17 19:24:10,421 WARN [restartedMain] o.t.t.TemplateMode [TemplateMode.java:150] [THYMELEAF][restartedMain] Template Mode 'LEGACYHTML5' is deprecated. Using Template Mode 'HTML' instead.
2022-04-17 19:24:36,688 WARN [restartedMain] o.t.t.TemplateMode [TemplateMode.java:150] [THYMELEAF][restartedMain] Template Mode 'LEGACYHTML5' is deprecated. Using Template Mode 'HTML' instead.
