2022-10-10 14:19:39,141 ERROR [org.springframework.kafka.KafkaListenerEndpointContainer#3-0-C-1] c.h.c.e.EventConsumer [EventConsumer.java:140] 生成长图失败: Cannot run program "d:/wkHtmlToPDF/bin/wkhtmltoimage--quality": CreateProcess error=2, 系统找不到指定的文件。
2022-10-10 14:22:37,053 ERROR [org.springframework.kafka.KafkaListenerEndpointContainer#2-0-C-1] c.h.c.e.EventConsumer [EventConsumer.java:140] 生成长图失败: Cannot run program "d:/wkHtmlToPDF/bin/wkhtmltoimage--quality": CreateProcess error=2, 系统找不到指定的文件。
2022-10-10 14:24:33,302 ERROR [org.springframework.kafka.KafkaListenerEndpointContainer#2-0-C-1] c.h.c.e.EventConsumer [EventConsumer.java:141] 生成长图失败: Cannot run program "d:/wkHtmlToPDF/bin/wkhtmltoimage--quality": CreateProcess error=2, 系统找不到指定的文件。
2022-10-10 14:36:21,996 ERROR [org.springframework.kafka.KafkaListenerEndpointContainer#1-0-C-1] c.h.c.e.EventConsumer [EventConsumer.java:141] 生成长图失败: Cannot run program "d:/wkHtmlToPDF/bin/wkhtmltoimage--quality": CreateProcess error=2, 系统找不到指定的文件。
2022-10-10 14:36:22,068 ERROR [org.springframework.kafka.KafkaListenerEndpointContainer#1-0-C-1] o.a.k.c.c.i.ConsumerCoordinator [ConsumerCoordinator.java:1188] [Consumer clientId=consumer-community-consumer-group-4, groupId=community-consumer-group] Offset commit failed on partition share-0 at offset 4: The coordinator is not aware of this member.
2022-10-10 14:36:22,511 ERROR [org.springframework.kafka.KafkaListenerEndpointContainer#3-0-C-1] o.a.k.c.c.i.ConsumerCoordinator [ConsumerCoordinator.java:1188] [Consumer clientId=consumer-community-consumer-group-2, groupId=community-consumer-group] Offset commit failed on partition publish-0 at offset 10: The coordinator is not aware of this member.
2022-10-10 14:36:22,511 ERROR [org.springframework.kafka.KafkaListenerEndpointContainer#0-0-C-1] o.a.k.c.c.i.ConsumerCoordinator [ConsumerCoordinator.java:1188] [Consumer clientId=consumer-community-consumer-group-3, groupId=community-consumer-group] Offset commit failed on partition delete-0 at offset 0: The coordinator is not aware of this member.
2022-10-10 14:36:22,512 ERROR [org.springframework.kafka.KafkaListenerEndpointContainer#2-0-C-1] o.a.k.c.c.i.ConsumerCoordinator [ConsumerCoordinator.java:1188] [Consumer clientId=consumer-community-consumer-group-1, groupId=community-consumer-group] Offset commit failed on partition like-0 at offset 3: The coordinator is not aware of this member.
2022-10-10 14:36:22,583 ERROR [org.springframework.kafka.KafkaListenerEndpointContainer#1-0-C-1] c.h.c.e.EventConsumer [EventConsumer.java:141] 生成长图失败: Cannot run program "d:/wkHtmlToPDF/bin/wkhtmltoimage--quality": CreateProcess error=2, 系统找不到指定的文件。
2022-10-10 14:36:25,120 ERROR [org.springframework.kafka.KafkaListenerEndpointContainer#1-0-C-1] c.h.c.e.EventConsumer [EventConsumer.java:141] 生成长图失败: Cannot run program "d:/wkHtmlToPDF/bin/wkhtmltoimage--quality": CreateProcess error=2, 系统找不到指定的文件。
2022-10-10 14:37:34,048 ERROR [http-nio-8080-exec-7] c.h.c.c.ShareController [ShareController.java:84] 获取长图失败: d:\work\data\wk-images\154ec4be77804725aa1db1b9aab896e2.png (系统找不到指定的文件。)
2022-10-10 14:37:38,477 ERROR [org.springframework.kafka.KafkaListenerEndpointContainer#1-0-C-1] c.h.c.e.EventConsumer [EventConsumer.java:141] 生成长图失败: Cannot run program "d:/wkHtmlToPDF/bin/wkhtmltoimage--quality": CreateProcess error=2, 系统找不到指定的文件。
2022-10-10 14:38:54,454 ERROR [org.springframework.kafka.KafkaListenerEndpointContainer#1-0-C-1] c.h.c.e.EventConsumer [EventConsumer.java:141] 生成长图失败: Cannot run program "d:/wkHtmlToPDF/bin/wkhtmltoimage--quality": CreateProcess error=2, 系统找不到指定的文件。
2022-10-10 19:01:01,246 ERROR [restartedMain] o.a.c.s.StandardManager [DirectJDKLog.java:175] Exception loading sessions from persistent storage
java.io.StreamCorruptedException: invalid type code: 00
	at java.io.ObjectInputStream.readObject0(ObjectInputStream.java:1700)
	at java.io.ObjectInputStream.defaultReadFields(ObjectInputStream.java:2431)
	at java.io.ObjectInputStream.defaultReadObject(ObjectInputStream.java:633)
	at java.lang.Throwable.readObject(Throwable.java:915)
	at sun.reflect.NativeMethodAccessorImpl.invoke0(Native Method)
	at sun.reflect.NativeMethodAccessorImpl.invoke(NativeMethodAccessorImpl.java:62)
	at sun.reflect.DelegatingMethodAccessorImpl.invoke(DelegatingMethodAccessorImpl.java:43)
	at java.lang.reflect.Method.invoke(Method.java:498)
	at java.io.ObjectStreamClass.invokeReadObject(ObjectStreamClass.java:1184)
	at java.io.ObjectInputStream.readSerialData(ObjectInputStream.java:2322)
	at java.io.ObjectInputStream.readOrdinaryObject(ObjectInputStream.java:2213)
	at java.io.ObjectInputStream.readObject0(ObjectInputStream.java:1669)
	at java.io.ObjectInputStream.readObject(ObjectInputStream.java:503)
	at java.io.ObjectInputStream.readObject(ObjectInputStream.java:461)
	at org.apache.catalina.session.StandardSession.doReadObject(StandardSession.java:1564)
	at org.apache.catalina.session.StandardSession.readObjectData(StandardSession.java:1050)
	at org.apache.catalina.session.StandardManager.doLoad(StandardManager.java:219)
	at org.apache.catalina.session.StandardManager.load(StandardManager.java:162)
	at org.apache.catalina.session.StandardManager.startInternal(StandardManager.java:356)
	at org.apache.catalina.util.LifecycleBase.start(LifecycleBase.java:183)
	at org.apache.catalina.core.StandardContext.startInternal(StandardContext.java:5247)
	at org.apache.catalina.util.LifecycleBase.start(LifecycleBase.java:183)
	at org.apache.catalina.core.ContainerBase$StartChild.call(ContainerBase.java:1396)
	at org.apache.catalina.core.ContainerBase$StartChild.call(ContainerBase.java:1386)
	at java.util.concurrent.FutureTask.run(FutureTask.java:266)
	at org.apache.tomcat.util.threads.InlineExecutorService.execute(InlineExecutorService.java:75)
	at java.util.concurrent.AbstractExecutorService.submit(AbstractExecutorService.java:134)
	at org.apache.catalina.core.ContainerBase.startInternal(ContainerBase.java:919)
	at org.apache.catalina.core.StandardHost.startInternal(StandardHost.java:835)
	at org.apache.catalina.util.LifecycleBase.start(LifecycleBase.java:183)
	at org.apache.catalina.core.ContainerBase$StartChild.call(ContainerBase.java:1396)
	at org.apache.catalina.core.ContainerBase$StartChild.call(ContainerBase.java:1386)
	at java.util.concurrent.FutureTask.run(FutureTask.java:266)
	at org.apache.tomcat.util.threads.InlineExecutorService.execute(InlineExecutorService.java:75)
	at java.util.concurrent.AbstractExecutorService.submit(AbstractExecutorService.java:134)
	at org.apache.catalina.core.ContainerBase.startInternal(ContainerBase.java:919)
	at org.apache.catalina.core.StandardEngine.startInternal(StandardEngine.java:263)
	at org.apache.catalina.util.LifecycleBase.start(LifecycleBase.java:183)
	at org.apache.catalina.core.StandardService.startInternal(StandardService.java:432)
	at org.apache.catalina.util.LifecycleBase.start(LifecycleBase.java:183)
	at org.apache.catalina.core.StandardServer.startInternal(StandardServer.java:927)
	at org.apache.catalina.util.LifecycleBase.start(LifecycleBase.java:183)
	at org.apache.catalina.startup.Tomcat.start(Tomcat.java:486)
	at org.springframework.boot.web.embedded.tomcat.TomcatWebServer.initialize(TomcatWebServer.java:123)
	at org.springframework.boot.web.embedded.tomcat.TomcatWebServer.<init>(TomcatWebServer.java:104)
	at org.springframework.boot.web.embedded.tomcat.TomcatServletWebServerFactory.getTomcatWebServer(TomcatServletWebServerFactory.java:478)
	at org.springframework.boot.web.embedded.tomcat.TomcatServletWebServerFactory.getWebServer(TomcatServletWebServerFactory.java:211)
	at org.springframework.boot.web.servlet.context.ServletWebServerApplicationContext.createWebServer(ServletWebServerApplicationContext.java:182)
	at org.springframework.boot.web.servlet.context.ServletWebServerApplicationContext.onRefresh(ServletWebServerApplicationContext.java:160)
	at org.springframework.context.support.AbstractApplicationContext.refresh(AbstractApplicationContext.java:577)
	at org.springframework.boot.web.servlet.context.ServletWebServerApplicationContext.refresh(ServletWebServerApplicationContext.java:145)
	at org.springframework.boot.SpringApplication.refresh(SpringApplication.java:740)
	at org.springframework.boot.SpringApplication.refreshContext(SpringApplication.java:415)
	at org.springframework.boot.SpringApplication.run(SpringApplication.java:303)
	at org.springframework.boot.SpringApplication.run(SpringApplication.java:1312)
	at org.springframework.boot.SpringApplication.run(SpringApplication.java:1301)
	at com.he.community.MySpringbootApplication.main(MySpringbootApplication.java:19)
	at sun.reflect.NativeMethodAccessorImpl.invoke0(Native Method)
	at sun.reflect.NativeMethodAccessorImpl.invoke(NativeMethodAccessorImpl.java:62)
	at sun.reflect.DelegatingMethodAccessorImpl.invoke(DelegatingMethodAccessorImpl.java:43)
	at java.lang.reflect.Method.invoke(Method.java:498)
	at org.springframework.boot.devtools.restart.RestartLauncher.run(RestartLauncher.java:49)
2022-10-10 19:09:13,245 ERROR [http-nio-8080-exec-6] c.h.c.c.LoginController [LoginController.java:141] 响应验证码失败java.io.IOException: 你的主机中的软件中止了一个已建立的连接。
