2022-05-12 23:46:52,300 INFO [background-preinit] o.h.v.i.u.Version [Version.java:21] HV000001: Hibernate Validator 6.2.2.Final
2022-05-12 23:46:52,312 INFO [restartedMain] c.h.c.MySpringbootApplication [StartupInfoLogger.java:55] Starting MySpringbootApplication using Java 1.8.0_322 on DESKTOP-IC9V6LA with PID 17776 (D:\java_project\MySpringboot\target\classes started by Dell in D:\java_project\MySpringboot)
2022-05-12 23:46:52,313 INFO [restartedMain] c.h.c.MySpringbootApplication [SpringApplication.java:646] The following 1 profile is active: "prod"
2022-05-12 23:46:52,350 INFO [restartedMain] o.s.b.d.e.DevToolsPropertyDefaultsPostProcessor [DeferredLog.java:255] Devtools property defaults active! Set 'spring.devtools.add-properties' to 'false' to disable
2022-05-12 23:46:52,350 INFO [restartedMain] o.s.b.d.e.DevToolsPropertyDefaultsPostProcessor [DeferredLog.java:255] For additional web related logging consider setting the 'logging.level.web' property to 'DEBUG'
2022-05-12 23:46:53,170 INFO [restartedMain] o.s.d.r.c.RepositoryConfigurationDelegate [RepositoryConfigurationDelegate.java:262] Multiple Spring Data modules found, entering strict repository configuration mode!
2022-05-12 23:46:53,173 INFO [restartedMain] o.s.d.r.c.RepositoryConfigurationDelegate [RepositoryConfigurationDelegate.java:132] Bootstrapping Spring Data Redis repositories in DEFAULT mode.
2022-05-12 23:46:53,194 INFO [restartedMain] o.s.d.r.c.RepositoryConfigurationDelegate [RepositoryConfigurationDelegate.java:201] Finished Spring Data repository scanning in 6 ms. Found 0 Redis repository interfaces.
2022-05-12 23:46:53,881 INFO [restartedMain] o.s.b.w.e.t.TomcatWebServer [TomcatWebServer.java:108] Tomcat initialized with port(s): 8080 (http)
2022-05-12 23:46:53,889 INFO [restartedMain] o.a.c.h.Http11NioProtocol [DirectJDKLog.java:173] Initializing ProtocolHandler ["http-nio-8080"]
2022-05-12 23:46:53,890 INFO [restartedMain] o.a.c.c.StandardService [DirectJDKLog.java:173] Starting service [Tomcat]
2022-05-12 23:46:53,890 INFO [restartedMain] o.a.c.c.StandardEngine [DirectJDKLog.java:173] Starting Servlet engine: [Apache Tomcat/9.0.58]
2022-05-12 23:46:53,963 INFO [restartedMain] o.a.c.c.C.[.[.[/community] [DirectJDKLog.java:173] Initializing Spring embedded WebApplicationContext
2022-05-12 23:46:53,964 INFO [restartedMain] o.s.b.w.s.c.ServletWebServerApplicationContext [ServletWebServerApplicationContext.java:290] Root WebApplicationContext: initialization completed in 1613 ms
2022-05-12 23:46:54,974 INFO [restartedMain] o.s.b.a.w.s.WelcomePageHandlerMapping [WelcomePageHandlerMapping.java:57] Adding welcome page template: index
2022-05-12 23:46:55,225 INFO [restartedMain] o.s.b.d.a.OptionalLiveReloadServer [OptionalLiveReloadServer.java:58] LiveReload server is running on port 35729
2022-05-12 23:46:55,245 INFO [restartedMain] o.a.c.h.Http11NioProtocol [DirectJDKLog.java:173] Starting ProtocolHandler ["http-nio-8080"]
2022-05-12 23:46:55,265 INFO [restartedMain] o.s.b.w.e.t.TomcatWebServer [TomcatWebServer.java:220] Tomcat started on port(s): 8080 (http) with context path '/community'
2022-05-12 23:46:55,276 INFO [restartedMain] c.h.c.MySpringbootApplication [StartupInfoLogger.java:61] Started MySpringbootApplication in 3.716 seconds (JVM running for 5.952)
2022-05-12 23:46:55,643 INFO [http-nio-8080-exec-1] o.a.c.c.C.[.[.[/community] [DirectJDKLog.java:173] Initializing Spring DispatcherServlet 'dispatcherServlet'
2022-05-12 23:46:55,644 INFO [http-nio-8080-exec-1] o.s.w.s.DispatcherServlet [FrameworkServlet.java:525] Initializing Servlet 'dispatcherServlet'
2022-05-12 23:46:55,645 INFO [http-nio-8080-exec-1] o.s.w.s.DispatcherServlet [FrameworkServlet.java:547] Completed initialization in 1 ms
2022-05-12 23:46:55,682 INFO [http-nio-8080-exec-1] c.h.c.a.ServiceLogAspect [ServiceLogAspect.java:34] 用户[0:0:0:0:0:0:0:1],在[2022-05-12 23:46:55],访问了[com.he.community.service.DiscussPostService.finDiscussPostRows].
2022-05-12 23:46:55,715 INFO [http-nio-8080-exec-1] c.z.h.HikariDataSource [HikariDataSource.java:110] HikariPool-1 - Starting...
2022-05-12 23:46:56,133 INFO [http-nio-8080-exec-1] c.z.h.HikariDataSource [HikariDataSource.java:123] HikariPool-1 - Start completed.
2022-05-12 23:46:56,220 INFO [http-nio-8080-exec-1] c.h.c.a.ServiceLogAspect [ServiceLogAspect.java:34] 用户[0:0:0:0:0:0:0:1],在[2022-05-12 23:46:56],访问了[com.he.community.service.DiscussPostService.findDiscussPosts].
2022-05-12 23:46:56,230 INFO [http-nio-8080-exec-1] c.h.c.a.ServiceLogAspect [ServiceLogAspect.java:34] 用户[0:0:0:0:0:0:0:1],在[2022-05-12 23:46:56],访问了[com.he.community.service.UserService.findUserById].
2022-05-12 23:46:56,242 INFO [http-nio-8080-exec-1] c.h.c.a.ServiceLogAspect [ServiceLogAspect.java:34] 用户[0:0:0:0:0:0:0:1],在[2022-05-12 23:46:56],访问了[com.he.community.service.UserService.findUserById].
2022-05-12 23:46:56,245 INFO [http-nio-8080-exec-1] c.h.c.a.ServiceLogAspect [ServiceLogAspect.java:34] 用户[0:0:0:0:0:0:0:1],在[2022-05-12 23:46:56],访问了[com.he.community.service.UserService.findUserById].
2022-05-12 23:46:56,248 INFO [http-nio-8080-exec-1] c.h.c.a.ServiceLogAspect [ServiceLogAspect.java:34] 用户[0:0:0:0:0:0:0:1],在[2022-05-12 23:46:56],访问了[com.he.community.service.UserService.findUserById].
2022-05-12 23:46:56,250 INFO [http-nio-8080-exec-1] c.h.c.a.ServiceLogAspect [ServiceLogAspect.java:34] 用户[0:0:0:0:0:0:0:1],在[2022-05-12 23:46:56],访问了[com.he.community.service.UserService.findUserById].
2022-05-12 23:46:56,253 INFO [http-nio-8080-exec-1] c.h.c.a.ServiceLogAspect [ServiceLogAspect.java:34] 用户[0:0:0:0:0:0:0:1],在[2022-05-12 23:46:56],访问了[com.he.community.service.UserService.findUserById].
2022-05-12 23:46:56,256 INFO [http-nio-8080-exec-1] c.h.c.a.ServiceLogAspect [ServiceLogAspect.java:34] 用户[0:0:0:0:0:0:0:1],在[2022-05-12 23:46:56],访问了[com.he.community.service.UserService.findUserById].
2022-05-12 23:46:56,258 INFO [http-nio-8080-exec-1] c.h.c.a.ServiceLogAspect [ServiceLogAspect.java:34] 用户[0:0:0:0:0:0:0:1],在[2022-05-12 23:46:56],访问了[com.he.community.service.UserService.findUserById].
2022-05-12 23:46:56,260 INFO [http-nio-8080-exec-1] c.h.c.a.ServiceLogAspect [ServiceLogAspect.java:34] 用户[0:0:0:0:0:0:0:1],在[2022-05-12 23:46:56],访问了[com.he.community.service.UserService.findUserById].
2022-05-12 23:46:56,263 INFO [http-nio-8080-exec-1] c.h.c.a.ServiceLogAspect [ServiceLogAspect.java:34] 用户[0:0:0:0:0:0:0:1],在[2022-05-12 23:46:56],访问了[com.he.community.service.UserService.findUserById].
2022-05-12 23:47:08,655 INFO [http-nio-8080-exec-1] c.h.c.a.ServiceLogAspect [ServiceLogAspect.java:34] 用户[0:0:0:0:0:0:0:1],在[2022-05-12 23:47:08],访问了[com.he.community.service.UserService.login].
2022-05-12 23:47:08,685 INFO [http-nio-8080-exec-3] c.h.c.a.ServiceLogAspect [ServiceLogAspect.java:34] 用户[0:0:0:0:0:0:0:1],在[2022-05-12 23:47:08],访问了[com.he.community.service.UserService.findLoginTicket].
2022-05-12 23:47:08,688 INFO [http-nio-8080-exec-3] c.h.c.a.ServiceLogAspect [ServiceLogAspect.java:34] 用户[0:0:0:0:0:0:0:1],在[2022-05-12 23:47:08],访问了[com.he.community.service.UserService.findUserById].
2022-05-12 23:47:08,691 INFO [http-nio-8080-exec-3] c.h.c.a.ServiceLogAspect [ServiceLogAspect.java:34] 用户[0:0:0:0:0:0:0:1],在[2022-05-12 23:47:08],访问了[com.he.community.service.DiscussPostService.finDiscussPostRows].
2022-05-12 23:47:08,694 INFO [http-nio-8080-exec-3] c.h.c.a.ServiceLogAspect [ServiceLogAspect.java:34] 用户[0:0:0:0:0:0:0:1],在[2022-05-12 23:47:08],访问了[com.he.community.service.DiscussPostService.findDiscussPosts].
2022-05-12 23:47:08,700 INFO [http-nio-8080-exec-3] c.h.c.a.ServiceLogAspect [ServiceLogAspect.java:34] 用户[0:0:0:0:0:0:0:1],在[2022-05-12 23:47:08],访问了[com.he.community.service.UserService.findUserById].
2022-05-12 23:47:08,703 INFO [http-nio-8080-exec-3] c.h.c.a.ServiceLogAspect [ServiceLogAspect.java:34] 用户[0:0:0:0:0:0:0:1],在[2022-05-12 23:47:08],访问了[com.he.community.service.UserService.findUserById].
2022-05-12 23:47:08,704 INFO [http-nio-8080-exec-3] c.h.c.a.ServiceLogAspect [ServiceLogAspect.java:34] 用户[0:0:0:0:0:0:0:1],在[2022-05-12 23:47:08],访问了[com.he.community.service.UserService.findUserById].
2022-05-12 23:47:08,706 INFO [http-nio-8080-exec-3] c.h.c.a.ServiceLogAspect [ServiceLogAspect.java:34] 用户[0:0:0:0:0:0:0:1],在[2022-05-12 23:47:08],访问了[com.he.community.service.UserService.findUserById].
2022-05-12 23:47:08,709 INFO [http-nio-8080-exec-3] c.h.c.a.ServiceLogAspect [ServiceLogAspect.java:34] 用户[0:0:0:0:0:0:0:1],在[2022-05-12 23:47:08],访问了[com.he.community.service.UserService.findUserById].
2022-05-12 23:47:08,710 INFO [http-nio-8080-exec-3] c.h.c.a.ServiceLogAspect [ServiceLogAspect.java:34] 用户[0:0:0:0:0:0:0:1],在[2022-05-12 23:47:08],访问了[com.he.community.service.UserService.findUserById].
2022-05-12 23:47:08,712 INFO [http-nio-8080-exec-3] c.h.c.a.ServiceLogAspect [ServiceLogAspect.java:34] 用户[0:0:0:0:0:0:0:1],在[2022-05-12 23:47:08],访问了[com.he.community.service.UserService.findUserById].
2022-05-12 23:47:08,713 INFO [http-nio-8080-exec-3] c.h.c.a.ServiceLogAspect [ServiceLogAspect.java:34] 用户[0:0:0:0:0:0:0:1],在[2022-05-12 23:47:08],访问了[com.he.community.service.UserService.findUserById].
2022-05-12 23:47:08,715 INFO [http-nio-8080-exec-3] c.h.c.a.ServiceLogAspect [ServiceLogAspect.java:34] 用户[0:0:0:0:0:0:0:1],在[2022-05-12 23:47:08],访问了[com.he.community.service.UserService.findUserById].
2022-05-12 23:47:08,717 INFO [http-nio-8080-exec-3] c.h.c.a.ServiceLogAspect [ServiceLogAspect.java:34] 用户[0:0:0:0:0:0:0:1],在[2022-05-12 23:47:08],访问了[com.he.community.service.UserService.findUserById].
2022-05-12 23:48:00,887 INFO [SpringApplicationShutdownHook] c.z.h.HikariDataSource [HikariDataSource.java:350] HikariPool-1 - Shutdown initiated...
2022-05-12 23:48:00,894 INFO [SpringApplicationShutdownHook] c.z.h.HikariDataSource [HikariDataSource.java:352] HikariPool-1 - Shutdown completed.
