2022-09-27 22:42:25,512 INFO [background-preinit] o.h.v.i.u.Version [Version.java:21] HV000001: Hibernate Validator 6.2.2.Final
2022-09-27 22:42:25,516 INFO [restartedMain] c.h.c.MySpringbootApplication [StartupInfoLogger.java:55] Starting MySpringbootApplication using Java 1.8.0_322 on DESKTOP-IC9V6LA with PID 4364 (D:\java_project\MySpringboot\target\classes started by Dell in D:\java_project\MySpringboot)
2022-09-27 22:42:25,517 INFO [restartedMain] c.h.c.MySpringbootApplication [SpringApplication.java:646] The following 1 profile is active: "prod"
2022-09-27 22:42:25,559 INFO [restartedMain] o.s.b.d.e.DevToolsPropertyDefaultsPostProcessor [DeferredLog.java:255] Devtools property defaults active! Set 'spring.devtools.add-properties' to 'false' to disable
2022-09-27 22:42:25,559 INFO [restartedMain] o.s.b.d.e.DevToolsPropertyDefaultsPostProcessor [DeferredLog.java:255] For additional web related logging consider setting the 'logging.level.web' property to 'DEBUG'
2022-09-27 22:42:26,477 INFO [restartedMain] o.s.d.r.c.RepositoryConfigurationDelegate [RepositoryConfigurationDelegate.java:262] Multiple Spring Data modules found, entering strict repository configuration mode!
2022-09-27 22:42:26,478 INFO [restartedMain] o.s.d.r.c.RepositoryConfigurationDelegate [RepositoryConfigurationDelegate.java:132] Bootstrapping Spring Data Elasticsearch repositories in DEFAULT mode.
2022-09-27 22:42:26,529 INFO [restartedMain] o.s.d.r.c.RepositoryConfigurationDelegate [RepositoryConfigurationDelegate.java:201] Finished Spring Data repository scanning in 46 ms. Found 1 Elasticsearch repository interfaces.
2022-09-27 22:42:26,533 INFO [restartedMain] o.s.d.r.c.RepositoryConfigurationDelegate [RepositoryConfigurationDelegate.java:262] Multiple Spring Data modules found, entering strict repository configuration mode!
2022-09-27 22:42:26,533 INFO [restartedMain] o.s.d.r.c.RepositoryConfigurationDelegate [RepositoryConfigurationDelegate.java:132] Bootstrapping Spring Data Reactive Elasticsearch repositories in DEFAULT mode.
2022-09-27 22:42:26,539 INFO [restartedMain] o.s.d.r.c.RepositoryConfigurationDelegate [RepositoryConfigurationDelegate.java:201] Finished Spring Data repository scanning in 5 ms. Found 0 Reactive Elasticsearch repository interfaces.
2022-09-27 22:42:26,551 INFO [restartedMain] o.s.d.r.c.RepositoryConfigurationDelegate [RepositoryConfigurationDelegate.java:262] Multiple Spring Data modules found, entering strict repository configuration mode!
2022-09-27 22:42:26,552 INFO [restartedMain] o.s.d.r.c.RepositoryConfigurationDelegate [RepositoryConfigurationDelegate.java:132] Bootstrapping Spring Data Redis repositories in DEFAULT mode.
2022-09-27 22:42:26,566 INFO [restartedMain] o.s.d.r.c.RepositoryConfigurationExtensionSupport [RepositoryConfigurationExtensionSupport.java:349] Spring Data Redis - Could not safely identify store assignment for repository candidate interface com.he.community.dao.elasticsearch.DiscussPostRepository. If you want this repository to be a Redis repository, consider annotating your entities with one of these annotations: org.springframework.data.redis.core.RedisHash (preferred), or consider extending one of the following types with your repository: org.springframework.data.keyvalue.repository.KeyValueRepository.
2022-09-27 22:42:26,566 INFO [restartedMain] o.s.d.r.c.RepositoryConfigurationDelegate [RepositoryConfigurationDelegate.java:201] Finished Spring Data repository scanning in 5 ms. Found 0 Redis repository interfaces.
2022-09-27 22:42:27,229 INFO [restartedMain] o.s.b.w.e.t.TomcatWebServer [TomcatWebServer.java:108] Tomcat initialized with port(s): 8080 (http)
2022-09-27 22:42:27,238 INFO [restartedMain] o.a.c.h.Http11NioProtocol [DirectJDKLog.java:173] Initializing ProtocolHandler ["http-nio-8080"]
2022-09-27 22:42:27,238 INFO [restartedMain] o.a.c.c.StandardService [DirectJDKLog.java:173] Starting service [Tomcat]
2022-09-27 22:42:27,238 INFO [restartedMain] o.a.c.c.StandardEngine [DirectJDKLog.java:173] Starting Servlet engine: [Apache Tomcat/9.0.58]
2022-09-27 22:42:27,310 INFO [restartedMain] o.a.c.c.C.[.[.[/community] [DirectJDKLog.java:173] Initializing Spring embedded WebApplicationContext
2022-09-27 22:42:27,310 INFO [restartedMain] o.s.b.w.s.c.ServletWebServerApplicationContext [ServletWebServerApplicationContext.java:290] Root WebApplicationContext: initialization completed in 1750 ms
2022-09-27 22:42:28,485 INFO [restartedMain] o.s.b.d.a.OptionalLiveReloadServer [OptionalLiveReloadServer.java:58] LiveReload server is running on port 35729
2022-09-27 22:42:29,609 INFO [restartedMain] o.a.c.c.StandardService [DirectJDKLog.java:173] Stopping service [Tomcat]
2022-09-27 22:42:29,618 INFO [restartedMain] o.s.b.a.l.ConditionEvaluationReportLoggingListener [ConditionEvaluationReportLoggingListener.java:136] 

Error starting ApplicationContext. To display the conditions report re-run your application with 'debug' enabled.
2022-09-27 22:43:25,117 INFO [background-preinit] o.h.v.i.u.Version [Version.java:21] HV000001: Hibernate Validator 6.2.2.Final
2022-09-27 22:43:25,120 INFO [restartedMain] c.h.c.MySpringbootApplication [StartupInfoLogger.java:55] Starting MySpringbootApplication using Java 1.8.0_322 on DESKTOP-IC9V6LA with PID 2212 (D:\java_project\MySpringboot\target\classes started by Dell in D:\java_project\MySpringboot)
2022-09-27 22:43:25,120 INFO [restartedMain] c.h.c.MySpringbootApplication [SpringApplication.java:646] The following 1 profile is active: "prod"
2022-09-27 22:43:25,156 INFO [restartedMain] o.s.b.d.e.DevToolsPropertyDefaultsPostProcessor [DeferredLog.java:255] Devtools property defaults active! Set 'spring.devtools.add-properties' to 'false' to disable
2022-09-27 22:43:25,156 INFO [restartedMain] o.s.b.d.e.DevToolsPropertyDefaultsPostProcessor [DeferredLog.java:255] For additional web related logging consider setting the 'logging.level.web' property to 'DEBUG'
2022-09-27 22:43:25,722 INFO [restartedMain] o.s.d.r.c.RepositoryConfigurationDelegate [RepositoryConfigurationDelegate.java:262] Multiple Spring Data modules found, entering strict repository configuration mode!
2022-09-27 22:43:25,723 INFO [restartedMain] o.s.d.r.c.RepositoryConfigurationDelegate [RepositoryConfigurationDelegate.java:132] Bootstrapping Spring Data Elasticsearch repositories in DEFAULT mode.
2022-09-27 22:43:25,767 INFO [restartedMain] o.s.d.r.c.RepositoryConfigurationDelegate [RepositoryConfigurationDelegate.java:201] Finished Spring Data repository scanning in 40 ms. Found 1 Elasticsearch repository interfaces.
2022-09-27 22:43:25,771 INFO [restartedMain] o.s.d.r.c.RepositoryConfigurationDelegate [RepositoryConfigurationDelegate.java:262] Multiple Spring Data modules found, entering strict repository configuration mode!
2022-09-27 22:43:25,772 INFO [restartedMain] o.s.d.r.c.RepositoryConfigurationDelegate [RepositoryConfigurationDelegate.java:132] Bootstrapping Spring Data Reactive Elasticsearch repositories in DEFAULT mode.
2022-09-27 22:43:25,778 INFO [restartedMain] o.s.d.r.c.RepositoryConfigurationDelegate [RepositoryConfigurationDelegate.java:201] Finished Spring Data repository scanning in 5 ms. Found 0 Reactive Elasticsearch repository interfaces.
2022-09-27 22:43:25,789 INFO [restartedMain] o.s.d.r.c.RepositoryConfigurationDelegate [RepositoryConfigurationDelegate.java:262] Multiple Spring Data modules found, entering strict repository configuration mode!
2022-09-27 22:43:25,790 INFO [restartedMain] o.s.d.r.c.RepositoryConfigurationDelegate [RepositoryConfigurationDelegate.java:132] Bootstrapping Spring Data Redis repositories in DEFAULT mode.
2022-09-27 22:43:25,802 INFO [restartedMain] o.s.d.r.c.RepositoryConfigurationExtensionSupport [RepositoryConfigurationExtensionSupport.java:349] Spring Data Redis - Could not safely identify store assignment for repository candidate interface com.he.community.dao.elasticsearch.DiscussPostRepository. If you want this repository to be a Redis repository, consider annotating your entities with one of these annotations: org.springframework.data.redis.core.RedisHash (preferred), or consider extending one of the following types with your repository: org.springframework.data.keyvalue.repository.KeyValueRepository.
2022-09-27 22:43:25,803 INFO [restartedMain] o.s.d.r.c.RepositoryConfigurationDelegate [RepositoryConfigurationDelegate.java:201] Finished Spring Data repository scanning in 6 ms. Found 0 Redis repository interfaces.
2022-09-27 22:43:26,555 INFO [restartedMain] o.s.b.w.e.t.TomcatWebServer [TomcatWebServer.java:108] Tomcat initialized with port(s): 8080 (http)
2022-09-27 22:43:26,564 INFO [restartedMain] o.a.c.h.Http11NioProtocol [DirectJDKLog.java:173] Initializing ProtocolHandler ["http-nio-8080"]
2022-09-27 22:43:26,564 INFO [restartedMain] o.a.c.c.StandardService [DirectJDKLog.java:173] Starting service [Tomcat]
2022-09-27 22:43:26,565 INFO [restartedMain] o.a.c.c.StandardEngine [DirectJDKLog.java:173] Starting Servlet engine: [Apache Tomcat/9.0.58]
2022-09-27 22:43:26,642 INFO [restartedMain] o.a.c.c.C.[.[.[/community] [DirectJDKLog.java:173] Initializing Spring embedded WebApplicationContext
2022-09-27 22:43:26,643 INFO [restartedMain] o.s.b.w.s.c.ServletWebServerApplicationContext [ServletWebServerApplicationContext.java:290] Root WebApplicationContext: initialization completed in 1486 ms
2022-09-27 22:43:27,590 INFO [restartedMain] o.s.b.d.a.OptionalLiveReloadServer [OptionalLiveReloadServer.java:58] LiveReload server is running on port 35729
2022-09-27 22:43:28,699 INFO [restartedMain] o.a.c.c.StandardService [DirectJDKLog.java:173] Stopping service [Tomcat]
2022-09-27 22:43:28,708 INFO [restartedMain] o.s.b.a.l.ConditionEvaluationReportLoggingListener [ConditionEvaluationReportLoggingListener.java:136] 

Error starting ApplicationContext. To display the conditions report re-run your application with 'debug' enabled.
2022-09-27 22:43:36,761 INFO [background-preinit] o.h.v.i.u.Version [Version.java:21] HV000001: Hibernate Validator 6.2.2.Final
2022-09-27 22:43:36,765 INFO [restartedMain] c.h.c.MySpringbootApplication [StartupInfoLogger.java:55] Starting MySpringbootApplication using Java 1.8.0_322 on DESKTOP-IC9V6LA with PID 16188 (D:\java_project\MySpringboot\target\classes started by Dell in D:\java_project\MySpringboot)
2022-09-27 22:43:36,766 INFO [restartedMain] c.h.c.MySpringbootApplication [SpringApplication.java:646] The following 1 profile is active: "prod"
2022-09-27 22:43:36,796 INFO [restartedMain] o.s.b.d.e.DevToolsPropertyDefaultsPostProcessor [DeferredLog.java:255] Devtools property defaults active! Set 'spring.devtools.add-properties' to 'false' to disable
2022-09-27 22:43:36,796 INFO [restartedMain] o.s.b.d.e.DevToolsPropertyDefaultsPostProcessor [DeferredLog.java:255] For additional web related logging consider setting the 'logging.level.web' property to 'DEBUG'
2022-09-27 22:43:37,374 INFO [restartedMain] o.s.d.r.c.RepositoryConfigurationDelegate [RepositoryConfigurationDelegate.java:262] Multiple Spring Data modules found, entering strict repository configuration mode!
2022-09-27 22:43:37,375 INFO [restartedMain] o.s.d.r.c.RepositoryConfigurationDelegate [RepositoryConfigurationDelegate.java:132] Bootstrapping Spring Data Elasticsearch repositories in DEFAULT mode.
2022-09-27 22:43:37,415 INFO [restartedMain] o.s.d.r.c.RepositoryConfigurationDelegate [RepositoryConfigurationDelegate.java:201] Finished Spring Data repository scanning in 36 ms. Found 1 Elasticsearch repository interfaces.
2022-09-27 22:43:37,418 INFO [restartedMain] o.s.d.r.c.RepositoryConfigurationDelegate [RepositoryConfigurationDelegate.java:262] Multiple Spring Data modules found, entering strict repository configuration mode!
2022-09-27 22:43:37,418 INFO [restartedMain] o.s.d.r.c.RepositoryConfigurationDelegate [RepositoryConfigurationDelegate.java:132] Bootstrapping Spring Data Reactive Elasticsearch repositories in DEFAULT mode.
2022-09-27 22:43:37,424 INFO [restartedMain] o.s.d.r.c.RepositoryConfigurationDelegate [RepositoryConfigurationDelegate.java:201] Finished Spring Data repository scanning in 4 ms. Found 0 Reactive Elasticsearch repository interfaces.
2022-09-27 22:43:37,432 INFO [restartedMain] o.s.d.r.c.RepositoryConfigurationDelegate [RepositoryConfigurationDelegate.java:262] Multiple Spring Data modules found, entering strict repository configuration mode!
2022-09-27 22:43:37,433 INFO [restartedMain] o.s.d.r.c.RepositoryConfigurationDelegate [RepositoryConfigurationDelegate.java:132] Bootstrapping Spring Data Redis repositories in DEFAULT mode.
2022-09-27 22:43:37,446 INFO [restartedMain] o.s.d.r.c.RepositoryConfigurationExtensionSupport [RepositoryConfigurationExtensionSupport.java:349] Spring Data Redis - Could not safely identify store assignment for repository candidate interface com.he.community.dao.elasticsearch.DiscussPostRepository. If you want this repository to be a Redis repository, consider annotating your entities with one of these annotations: org.springframework.data.redis.core.RedisHash (preferred), or consider extending one of the following types with your repository: org.springframework.data.keyvalue.repository.KeyValueRepository.
2022-09-27 22:43:37,446 INFO [restartedMain] o.s.d.r.c.RepositoryConfigurationDelegate [RepositoryConfigurationDelegate.java:201] Finished Spring Data repository scanning in 7 ms. Found 0 Redis repository interfaces.
2022-09-27 22:43:38,014 INFO [restartedMain] o.s.b.w.e.t.TomcatWebServer [TomcatWebServer.java:108] Tomcat initialized with port(s): 8080 (http)
2022-09-27 22:43:38,020 INFO [restartedMain] o.a.c.h.Http11NioProtocol [DirectJDKLog.java:173] Initializing ProtocolHandler ["http-nio-8080"]
2022-09-27 22:43:38,020 INFO [restartedMain] o.a.c.c.StandardService [DirectJDKLog.java:173] Starting service [Tomcat]
2022-09-27 22:43:38,020 INFO [restartedMain] o.a.c.c.StandardEngine [DirectJDKLog.java:173] Starting Servlet engine: [Apache Tomcat/9.0.58]
2022-09-27 22:43:38,086 INFO [restartedMain] o.a.c.c.C.[.[.[/community] [DirectJDKLog.java:173] Initializing Spring embedded WebApplicationContext
2022-09-27 22:43:38,086 INFO [restartedMain] o.s.b.w.s.c.ServletWebServerApplicationContext [ServletWebServerApplicationContext.java:290] Root WebApplicationContext: initialization completed in 1289 ms
2022-09-27 22:43:38,943 INFO [restartedMain] o.s.b.d.a.OptionalLiveReloadServer [OptionalLiveReloadServer.java:58] LiveReload server is running on port 35729
2022-09-27 22:43:39,402 INFO [restartedMain] o.s.b.a.w.s.WelcomePageHandlerMapping [WelcomePageHandlerMapping.java:57] Adding welcome page template: index
2022-09-27 22:43:39,633 INFO [restartedMain] o.s.b.a.s.s.UserDetailsServiceAutoConfiguration [UserDetailsServiceAutoConfiguration.java:87] 

Using generated security password: 5377260a-b285-4f86-9460-b74ea049c39d

2022-09-27 22:43:39,840 INFO [restartedMain] o.s.s.w.DefaultSecurityFilterChain [DefaultSecurityFilterChain.java:52] Will not secure any request
2022-09-27 22:43:39,956 INFO [restartedMain] o.a.k.c.c.ConsumerConfig [AbstractConfig.java:376] ConsumerConfig values: 
	allow.auto.create.topics = true
	auto.commit.interval.ms = 3000
	auto.offset.reset = latest
	bootstrap.servers = [localhost:9092]
	check.crcs = true
	client.dns.lookup = use_all_dns_ips
	client.id = consumer-community-consumer-group-1
	client.rack = 
	connections.max.idle.ms = 540000
	default.api.timeout.ms = 60000
	enable.auto.commit = true
	exclude.internal.topics = true
	fetch.max.bytes = 52428800
	fetch.max.wait.ms = 500
	fetch.min.bytes = 1
	group.id = community-consumer-group
	group.instance.id = null
	heartbeat.interval.ms = 3000
	interceptor.classes = []
	internal.leave.group.on.close = true
	internal.throw.on.fetch.stable.offset.unsupported = false
	isolation.level = read_uncommitted
	key.deserializer = class org.apache.kafka.common.serialization.StringDeserializer
	max.partition.fetch.bytes = 1048576
	max.poll.interval.ms = 300000
	max.poll.records = 500
	metadata.max.age.ms = 300000
	metric.reporters = []
	metrics.num.samples = 2
	metrics.recording.level = INFO
	metrics.sample.window.ms = 30000
	partition.assignment.strategy = [class org.apache.kafka.clients.consumer.RangeAssignor, class org.apache.kafka.clients.consumer.CooperativeStickyAssignor]
	receive.buffer.bytes = 65536
	reconnect.backoff.max.ms = 1000
	reconnect.backoff.ms = 50
	request.timeout.ms = 30000
	retry.backoff.ms = 100
	sasl.client.callback.handler.class = null
	sasl.jaas.config = null
	sasl.kerberos.kinit.cmd = /usr/bin/kinit
	sasl.kerberos.min.time.before.relogin = 60000
	sasl.kerberos.service.name = null
	sasl.kerberos.ticket.renew.jitter = 0.05
	sasl.kerberos.ticket.renew.window.factor = 0.8
	sasl.login.callback.handler.class = null
	sasl.login.class = null
	sasl.login.refresh.buffer.seconds = 300
	sasl.login.refresh.min.period.seconds = 60
	sasl.login.refresh.window.factor = 0.8
	sasl.login.refresh.window.jitter = 0.05
	sasl.mechanism = GSSAPI
	security.protocol = PLAINTEXT
	security.providers = null
	send.buffer.bytes = 131072
	session.timeout.ms = 45000
	socket.connection.setup.timeout.max.ms = 30000
	socket.connection.setup.timeout.ms = 10000
	ssl.cipher.suites = null
	ssl.enabled.protocols = [TLSv1.2]
	ssl.endpoint.identification.algorithm = https
	ssl.engine.factory.class = null
	ssl.key.password = null
	ssl.keymanager.algorithm = SunX509
	ssl.keystore.certificate.chain = null
	ssl.keystore.key = null
	ssl.keystore.location = null
	ssl.keystore.password = null
	ssl.keystore.type = JKS
	ssl.protocol = TLSv1.2
	ssl.provider = null
	ssl.secure.random.implementation = null
	ssl.trustmanager.algorithm = PKIX
	ssl.truststore.certificates = null
	ssl.truststore.location = null
	ssl.truststore.password = null
	ssl.truststore.type = JKS
	value.deserializer = class org.apache.kafka.common.serialization.StringDeserializer

2022-09-27 22:43:40,008 INFO [restartedMain] o.a.k.c.u.AppInfoParser [AppInfoParser.java:119] Kafka version: 3.0.0
2022-09-27 22:43:40,008 INFO [restartedMain] o.a.k.c.u.AppInfoParser [AppInfoParser.java:120] Kafka commitId: 8cb0a5e9d3441962
2022-09-27 22:43:40,009 INFO [restartedMain] o.a.k.c.u.AppInfoParser [AppInfoParser.java:121] Kafka startTimeMs: 1664289820007
2022-09-27 22:43:40,011 INFO [restartedMain] o.a.k.c.c.KafkaConsumer [KafkaConsumer.java:966] [Consumer clientId=consumer-community-consumer-group-1, groupId=community-consumer-group] Subscribed to topic(s): comment, like, follow
2022-09-27 22:43:40,020 INFO [restartedMain] o.a.k.c.c.ConsumerConfig [AbstractConfig.java:376] ConsumerConfig values: 
	allow.auto.create.topics = true
	auto.commit.interval.ms = 3000
	auto.offset.reset = latest
	bootstrap.servers = [localhost:9092]
	check.crcs = true
	client.dns.lookup = use_all_dns_ips
	client.id = consumer-community-consumer-group-2
	client.rack = 
	connections.max.idle.ms = 540000
	default.api.timeout.ms = 60000
	enable.auto.commit = true
	exclude.internal.topics = true
	fetch.max.bytes = 52428800
	fetch.max.wait.ms = 500
	fetch.min.bytes = 1
	group.id = community-consumer-group
	group.instance.id = null
	heartbeat.interval.ms = 3000
	interceptor.classes = []
	internal.leave.group.on.close = true
	internal.throw.on.fetch.stable.offset.unsupported = false
	isolation.level = read_uncommitted
	key.deserializer = class org.apache.kafka.common.serialization.StringDeserializer
	max.partition.fetch.bytes = 1048576
	max.poll.interval.ms = 300000
	max.poll.records = 500
	metadata.max.age.ms = 300000
	metric.reporters = []
	metrics.num.samples = 2
	metrics.recording.level = INFO
	metrics.sample.window.ms = 30000
	partition.assignment.strategy = [class org.apache.kafka.clients.consumer.RangeAssignor, class org.apache.kafka.clients.consumer.CooperativeStickyAssignor]
	receive.buffer.bytes = 65536
	reconnect.backoff.max.ms = 1000
	reconnect.backoff.ms = 50
	request.timeout.ms = 30000
	retry.backoff.ms = 100
	sasl.client.callback.handler.class = null
	sasl.jaas.config = null
	sasl.kerberos.kinit.cmd = /usr/bin/kinit
	sasl.kerberos.min.time.before.relogin = 60000
	sasl.kerberos.service.name = null
	sasl.kerberos.ticket.renew.jitter = 0.05
	sasl.kerberos.ticket.renew.window.factor = 0.8
	sasl.login.callback.handler.class = null
	sasl.login.class = null
	sasl.login.refresh.buffer.seconds = 300
	sasl.login.refresh.min.period.seconds = 60
	sasl.login.refresh.window.factor = 0.8
	sasl.login.refresh.window.jitter = 0.05
	sasl.mechanism = GSSAPI
	security.protocol = PLAINTEXT
	security.providers = null
	send.buffer.bytes = 131072
	session.timeout.ms = 45000
	socket.connection.setup.timeout.max.ms = 30000
	socket.connection.setup.timeout.ms = 10000
	ssl.cipher.suites = null
	ssl.enabled.protocols = [TLSv1.2]
	ssl.endpoint.identification.algorithm = https
	ssl.engine.factory.class = null
	ssl.key.password = null
	ssl.keymanager.algorithm = SunX509
	ssl.keystore.certificate.chain = null
	ssl.keystore.key = null
	ssl.keystore.location = null
	ssl.keystore.password = null
	ssl.keystore.type = JKS
	ssl.protocol = TLSv1.2
	ssl.provider = null
	ssl.secure.random.implementation = null
	ssl.trustmanager.algorithm = PKIX
	ssl.truststore.certificates = null
	ssl.truststore.location = null
	ssl.truststore.password = null
	ssl.truststore.type = JKS
	value.deserializer = class org.apache.kafka.common.serialization.StringDeserializer

2022-09-27 22:43:40,026 INFO [restartedMain] o.a.k.c.u.AppInfoParser [AppInfoParser.java:119] Kafka version: 3.0.0
2022-09-27 22:43:40,027 INFO [restartedMain] o.a.k.c.u.AppInfoParser [AppInfoParser.java:120] Kafka commitId: 8cb0a5e9d3441962
2022-09-27 22:43:40,027 INFO [restartedMain] o.a.k.c.u.AppInfoParser [AppInfoParser.java:121] Kafka startTimeMs: 1664289820026
2022-09-27 22:43:40,027 INFO [restartedMain] o.a.k.c.c.KafkaConsumer [KafkaConsumer.java:966] [Consumer clientId=consumer-community-consumer-group-2, groupId=community-consumer-group] Subscribed to topic(s): publish
2022-09-27 22:43:40,028 INFO [restartedMain] o.a.c.h.Http11NioProtocol [DirectJDKLog.java:173] Starting ProtocolHandler ["http-nio-8080"]
2022-09-27 22:43:40,038 INFO [restartedMain] o.s.b.w.e.t.TomcatWebServer [TomcatWebServer.java:220] Tomcat started on port(s): 8080 (http) with context path '/community'
2022-09-27 22:43:40,046 INFO [restartedMain] c.h.c.MySpringbootApplication [StartupInfoLogger.java:61] Started MySpringbootApplication in 3.711 seconds (JVM running for 4.764)
2022-09-27 22:43:44,900 INFO [http-nio-8080-exec-1] o.a.c.c.C.[.[.[/community] [DirectJDKLog.java:173] Initializing Spring DispatcherServlet 'dispatcherServlet'
2022-09-27 22:43:44,900 INFO [http-nio-8080-exec-1] o.s.w.s.DispatcherServlet [FrameworkServlet.java:525] Initializing Servlet 'dispatcherServlet'
2022-09-27 22:43:44,901 INFO [http-nio-8080-exec-1] o.s.w.s.DispatcherServlet [FrameworkServlet.java:547] Completed initialization in 0 ms
2022-09-27 22:46:08,696 INFO [org.springframework.kafka.KafkaListenerEndpointContainer#0-0-C-1] o.a.k.c.c.i.ConsumerCoordinator [AbstractCoordinator.java:966] [Consumer clientId=consumer-community-consumer-group-1, groupId=community-consumer-group] Resetting generation due to: consumer pro-actively leaving the group
2022-09-27 22:46:08,696 INFO [org.springframework.kafka.KafkaListenerEndpointContainer#1-0-C-1] o.a.k.c.c.i.ConsumerCoordinator [AbstractCoordinator.java:966] [Consumer clientId=consumer-community-consumer-group-2, groupId=community-consumer-group] Resetting generation due to: consumer pro-actively leaving the group
2022-09-27 22:46:08,696 INFO [org.springframework.kafka.KafkaListenerEndpointContainer#0-0-C-1] o.a.k.c.c.i.ConsumerCoordinator [AbstractCoordinator.java:988] [Consumer clientId=consumer-community-consumer-group-1, groupId=community-consumer-group] Request joining group due to: consumer pro-actively leaving the group
2022-09-27 22:46:08,696 INFO [org.springframework.kafka.KafkaListenerEndpointContainer#1-0-C-1] o.a.k.c.c.i.ConsumerCoordinator [AbstractCoordinator.java:988] [Consumer clientId=consumer-community-consumer-group-2, groupId=community-consumer-group] Request joining group due to: consumer pro-actively leaving the group
2022-09-27 22:46:08,696 INFO [org.springframework.kafka.KafkaListenerEndpointContainer#0-0-C-1] o.a.k.c.c.KafkaConsumer [KafkaConsumer.java:1075] [Consumer clientId=consumer-community-consumer-group-1, groupId=community-consumer-group] Unsubscribed all topics or patterns and assigned partitions
2022-09-27 22:46:08,696 INFO [org.springframework.kafka.KafkaListenerEndpointContainer#1-0-C-1] o.a.k.c.c.KafkaConsumer [KafkaConsumer.java:1075] [Consumer clientId=consumer-community-consumer-group-2, groupId=community-consumer-group] Unsubscribed all topics or patterns and assigned partitions
2022-09-27 22:46:08,697 INFO [org.springframework.kafka.KafkaListenerEndpointContainer#0-0-C-1] o.a.k.c.c.i.ConsumerCoordinator [AbstractCoordinator.java:966] [Consumer clientId=consumer-community-consumer-group-1, groupId=community-consumer-group] Resetting generation due to: consumer pro-actively leaving the group
2022-09-27 22:46:08,697 INFO [org.springframework.kafka.KafkaListenerEndpointContainer#1-0-C-1] o.a.k.c.c.i.ConsumerCoordinator [AbstractCoordinator.java:966] [Consumer clientId=consumer-community-consumer-group-2, groupId=community-consumer-group] Resetting generation due to: consumer pro-actively leaving the group
2022-09-27 22:46:08,697 INFO [org.springframework.kafka.KafkaListenerEndpointContainer#0-0-C-1] o.a.k.c.c.i.ConsumerCoordinator [AbstractCoordinator.java:988] [Consumer clientId=consumer-community-consumer-group-1, groupId=community-consumer-group] Request joining group due to: consumer pro-actively leaving the group
2022-09-27 22:46:08,697 INFO [org.springframework.kafka.KafkaListenerEndpointContainer#1-0-C-1] o.a.k.c.c.i.ConsumerCoordinator [AbstractCoordinator.java:988] [Consumer clientId=consumer-community-consumer-group-2, groupId=community-consumer-group] Request joining group due to: consumer pro-actively leaving the group
2022-09-27 22:46:08,697 INFO [org.springframework.kafka.KafkaListenerEndpointContainer#1-0-C-1] o.a.k.c.m.Metrics [Metrics.java:659] Metrics scheduler closed
2022-09-27 22:46:08,697 INFO [org.springframework.kafka.KafkaListenerEndpointContainer#0-0-C-1] o.a.k.c.m.Metrics [Metrics.java:659] Metrics scheduler closed
2022-09-27 22:46:08,697 INFO [org.springframework.kafka.KafkaListenerEndpointContainer#1-0-C-1] o.a.k.c.m.Metrics [Metrics.java:663] Closing reporter org.apache.kafka.common.metrics.JmxReporter
2022-09-27 22:46:08,697 INFO [org.springframework.kafka.KafkaListenerEndpointContainer#0-0-C-1] o.a.k.c.m.Metrics [Metrics.java:663] Closing reporter org.apache.kafka.common.metrics.JmxReporter
2022-09-27 22:46:08,698 INFO [org.springframework.kafka.KafkaListenerEndpointContainer#1-0-C-1] o.a.k.c.m.Metrics [Metrics.java:669] Metrics reporters closed
2022-09-27 22:46:08,698 INFO [org.springframework.kafka.KafkaListenerEndpointContainer#0-0-C-1] o.a.k.c.m.Metrics [Metrics.java:669] Metrics reporters closed
2022-09-27 22:46:08,700 INFO [org.springframework.kafka.KafkaListenerEndpointContainer#1-0-C-1] o.a.k.c.u.AppInfoParser [AppInfoParser.java:83] App info kafka.consumer for consumer-community-consumer-group-2 unregistered
2022-09-27 22:46:08,701 INFO [org.springframework.kafka.KafkaListenerEndpointContainer#0-0-C-1] o.a.k.c.u.AppInfoParser [AppInfoParser.java:83] App info kafka.consumer for consumer-community-consumer-group-1 unregistered
2022-09-27 22:46:08,701 INFO [org.springframework.kafka.KafkaListenerEndpointContainer#1-0-C-1] o.s.k.l.KafkaMessageListenerContainer [LogAccessor.java:292] community-consumer-group: Consumer stopped
2022-09-27 22:46:08,701 INFO [org.springframework.kafka.KafkaListenerEndpointContainer#0-0-C-1] o.s.k.l.KafkaMessageListenerContainer [LogAccessor.java:292] community-consumer-group: Consumer stopped
2022-09-27 22:56:44,243 INFO [background-preinit] o.h.v.i.u.Version [Version.java:21] HV000001: Hibernate Validator 6.2.2.Final
2022-09-27 22:56:44,245 INFO [restartedMain] c.h.c.MySpringbootApplication [StartupInfoLogger.java:55] Starting MySpringbootApplication using Java 1.8.0_322 on DESKTOP-IC9V6LA with PID 12132 (D:\java_project\MySpringboot\target\classes started by Dell in D:\java_project\MySpringboot)
2022-09-27 22:56:44,246 INFO [restartedMain] c.h.c.MySpringbootApplication [SpringApplication.java:646] The following 1 profile is active: "prod"
2022-09-27 22:56:44,277 INFO [restartedMain] o.s.b.d.e.DevToolsPropertyDefaultsPostProcessor [DeferredLog.java:255] Devtools property defaults active! Set 'spring.devtools.add-properties' to 'false' to disable
2022-09-27 22:56:44,277 INFO [restartedMain] o.s.b.d.e.DevToolsPropertyDefaultsPostProcessor [DeferredLog.java:255] For additional web related logging consider setting the 'logging.level.web' property to 'DEBUG'
2022-09-27 22:56:44,914 INFO [restartedMain] o.s.d.r.c.RepositoryConfigurationDelegate [RepositoryConfigurationDelegate.java:262] Multiple Spring Data modules found, entering strict repository configuration mode!
2022-09-27 22:56:44,916 INFO [restartedMain] o.s.d.r.c.RepositoryConfigurationDelegate [RepositoryConfigurationDelegate.java:132] Bootstrapping Spring Data Elasticsearch repositories in DEFAULT mode.
2022-09-27 22:56:44,957 INFO [restartedMain] o.s.d.r.c.RepositoryConfigurationDelegate [RepositoryConfigurationDelegate.java:201] Finished Spring Data repository scanning in 39 ms. Found 1 Elasticsearch repository interfaces.
2022-09-27 22:56:44,960 INFO [restartedMain] o.s.d.r.c.RepositoryConfigurationDelegate [RepositoryConfigurationDelegate.java:262] Multiple Spring Data modules found, entering strict repository configuration mode!
2022-09-27 22:56:44,961 INFO [restartedMain] o.s.d.r.c.RepositoryConfigurationDelegate [RepositoryConfigurationDelegate.java:132] Bootstrapping Spring Data Reactive Elasticsearch repositories in DEFAULT mode.
2022-09-27 22:56:44,966 INFO [restartedMain] o.s.d.r.c.RepositoryConfigurationDelegate [RepositoryConfigurationDelegate.java:201] Finished Spring Data repository scanning in 4 ms. Found 0 Reactive Elasticsearch repository interfaces.
2022-09-27 22:56:44,974 INFO [restartedMain] o.s.d.r.c.RepositoryConfigurationDelegate [RepositoryConfigurationDelegate.java:262] Multiple Spring Data modules found, entering strict repository configuration mode!
2022-09-27 22:56:44,975 INFO [restartedMain] o.s.d.r.c.RepositoryConfigurationDelegate [RepositoryConfigurationDelegate.java:132] Bootstrapping Spring Data Redis repositories in DEFAULT mode.
2022-09-27 22:56:44,985 INFO [restartedMain] o.s.d.r.c.RepositoryConfigurationExtensionSupport [RepositoryConfigurationExtensionSupport.java:349] Spring Data Redis - Could not safely identify store assignment for repository candidate interface com.he.community.dao.elasticsearch.DiscussPostRepository. If you want this repository to be a Redis repository, consider annotating your entities with one of these annotations: org.springframework.data.redis.core.RedisHash (preferred), or consider extending one of the following types with your repository: org.springframework.data.keyvalue.repository.KeyValueRepository.
2022-09-27 22:56:44,985 INFO [restartedMain] o.s.d.r.c.RepositoryConfigurationDelegate [RepositoryConfigurationDelegate.java:201] Finished Spring Data repository scanning in 4 ms. Found 0 Redis repository interfaces.
2022-09-27 22:56:45,554 INFO [restartedMain] o.s.b.w.e.t.TomcatWebServer [TomcatWebServer.java:108] Tomcat initialized with port(s): 8080 (http)
2022-09-27 22:56:45,561 INFO [restartedMain] o.a.c.h.Http11NioProtocol [DirectJDKLog.java:173] Initializing ProtocolHandler ["http-nio-8080"]
2022-09-27 22:56:45,561 INFO [restartedMain] o.a.c.c.StandardService [DirectJDKLog.java:173] Starting service [Tomcat]
2022-09-27 22:56:45,562 INFO [restartedMain] o.a.c.c.StandardEngine [DirectJDKLog.java:173] Starting Servlet engine: [Apache Tomcat/9.0.58]
2022-09-27 22:56:45,636 INFO [restartedMain] o.a.c.c.C.[.[.[/community] [DirectJDKLog.java:173] Initializing Spring embedded WebApplicationContext
2022-09-27 22:56:45,636 INFO [restartedMain] o.s.b.w.s.c.ServletWebServerApplicationContext [ServletWebServerApplicationContext.java:290] Root WebApplicationContext: initialization completed in 1359 ms
2022-09-27 22:56:46,586 INFO [restartedMain] o.s.b.d.a.OptionalLiveReloadServer [OptionalLiveReloadServer.java:58] LiveReload server is running on port 35729
2022-09-27 22:56:46,982 INFO [restartedMain] o.s.b.a.w.s.WelcomePageHandlerMapping [WelcomePageHandlerMapping.java:57] Adding welcome page template: index
2022-09-27 22:56:47,216 INFO [restartedMain] o.s.b.a.s.s.UserDetailsServiceAutoConfiguration [UserDetailsServiceAutoConfiguration.java:87] 

Using generated security password: b3b56004-6588-4ca0-8425-63cf48339101

2022-09-27 22:56:47,433 INFO [restartedMain] o.s.s.w.DefaultSecurityFilterChain [DefaultSecurityFilterChain.java:52] Will not secure any request
2022-09-27 22:56:47,540 INFO [restartedMain] o.a.k.c.c.ConsumerConfig [AbstractConfig.java:376] ConsumerConfig values: 
	allow.auto.create.topics = true
	auto.commit.interval.ms = 3000
	auto.offset.reset = latest
	bootstrap.servers = [localhost:9092]
	check.crcs = true
	client.dns.lookup = use_all_dns_ips
	client.id = consumer-community-consumer-group-1
	client.rack = 
	connections.max.idle.ms = 540000
	default.api.timeout.ms = 60000
	enable.auto.commit = true
	exclude.internal.topics = true
	fetch.max.bytes = 52428800
	fetch.max.wait.ms = 500
	fetch.min.bytes = 1
	group.id = community-consumer-group
	group.instance.id = null
	heartbeat.interval.ms = 3000
	interceptor.classes = []
	internal.leave.group.on.close = true
	internal.throw.on.fetch.stable.offset.unsupported = false
	isolation.level = read_uncommitted
	key.deserializer = class org.apache.kafka.common.serialization.StringDeserializer
	max.partition.fetch.bytes = 1048576
	max.poll.interval.ms = 300000
	max.poll.records = 500
	metadata.max.age.ms = 300000
	metric.reporters = []
	metrics.num.samples = 2
	metrics.recording.level = INFO
	metrics.sample.window.ms = 30000
	partition.assignment.strategy = [class org.apache.kafka.clients.consumer.RangeAssignor, class org.apache.kafka.clients.consumer.CooperativeStickyAssignor]
	receive.buffer.bytes = 65536
	reconnect.backoff.max.ms = 1000
	reconnect.backoff.ms = 50
	request.timeout.ms = 30000
	retry.backoff.ms = 100
	sasl.client.callback.handler.class = null
	sasl.jaas.config = null
	sasl.kerberos.kinit.cmd = /usr/bin/kinit
	sasl.kerberos.min.time.before.relogin = 60000
	sasl.kerberos.service.name = null
	sasl.kerberos.ticket.renew.jitter = 0.05
	sasl.kerberos.ticket.renew.window.factor = 0.8
	sasl.login.callback.handler.class = null
	sasl.login.class = null
	sasl.login.refresh.buffer.seconds = 300
	sasl.login.refresh.min.period.seconds = 60
	sasl.login.refresh.window.factor = 0.8
	sasl.login.refresh.window.jitter = 0.05
	sasl.mechanism = GSSAPI
	security.protocol = PLAINTEXT
	security.providers = null
	send.buffer.bytes = 131072
	session.timeout.ms = 45000
	socket.connection.setup.timeout.max.ms = 30000
	socket.connection.setup.timeout.ms = 10000
	ssl.cipher.suites = null
	ssl.enabled.protocols = [TLSv1.2]
	ssl.endpoint.identification.algorithm = https
	ssl.engine.factory.class = null
	ssl.key.password = null
	ssl.keymanager.algorithm = SunX509
	ssl.keystore.certificate.chain = null
	ssl.keystore.key = null
	ssl.keystore.location = null
	ssl.keystore.password = null
	ssl.keystore.type = JKS
	ssl.protocol = TLSv1.2
	ssl.provider = null
	ssl.secure.random.implementation = null
	ssl.trustmanager.algorithm = PKIX
	ssl.truststore.certificates = null
	ssl.truststore.location = null
	ssl.truststore.password = null
	ssl.truststore.type = JKS
	value.deserializer = class org.apache.kafka.common.serialization.StringDeserializer

2022-09-27 22:56:47,584 INFO [restartedMain] o.a.k.c.u.AppInfoParser [AppInfoParser.java:119] Kafka version: 3.0.0
2022-09-27 22:56:47,584 INFO [restartedMain] o.a.k.c.u.AppInfoParser [AppInfoParser.java:120] Kafka commitId: 8cb0a5e9d3441962
2022-09-27 22:56:47,585 INFO [restartedMain] o.a.k.c.u.AppInfoParser [AppInfoParser.java:121] Kafka startTimeMs: 1664290607583
2022-09-27 22:56:47,586 INFO [restartedMain] o.a.k.c.c.KafkaConsumer [KafkaConsumer.java:966] [Consumer clientId=consumer-community-consumer-group-1, groupId=community-consumer-group] Subscribed to topic(s): publish
2022-09-27 22:56:47,595 INFO [restartedMain] o.a.k.c.c.ConsumerConfig [AbstractConfig.java:376] ConsumerConfig values: 
	allow.auto.create.topics = true
	auto.commit.interval.ms = 3000
	auto.offset.reset = latest
	bootstrap.servers = [localhost:9092]
	check.crcs = true
	client.dns.lookup = use_all_dns_ips
	client.id = consumer-community-consumer-group-2
	client.rack = 
	connections.max.idle.ms = 540000
	default.api.timeout.ms = 60000
	enable.auto.commit = true
	exclude.internal.topics = true
	fetch.max.bytes = 52428800
	fetch.max.wait.ms = 500
	fetch.min.bytes = 1
	group.id = community-consumer-group
	group.instance.id = null
	heartbeat.interval.ms = 3000
	interceptor.classes = []
	internal.leave.group.on.close = true
	internal.throw.on.fetch.stable.offset.unsupported = false
	isolation.level = read_uncommitted
	key.deserializer = class org.apache.kafka.common.serialization.StringDeserializer
	max.partition.fetch.bytes = 1048576
	max.poll.interval.ms = 300000
	max.poll.records = 500
	metadata.max.age.ms = 300000
	metric.reporters = []
	metrics.num.samples = 2
	metrics.recording.level = INFO
	metrics.sample.window.ms = 30000
	partition.assignment.strategy = [class org.apache.kafka.clients.consumer.RangeAssignor, class org.apache.kafka.clients.consumer.CooperativeStickyAssignor]
	receive.buffer.bytes = 65536
	reconnect.backoff.max.ms = 1000
	reconnect.backoff.ms = 50
	request.timeout.ms = 30000
	retry.backoff.ms = 100
	sasl.client.callback.handler.class = null
	sasl.jaas.config = null
	sasl.kerberos.kinit.cmd = /usr/bin/kinit
	sasl.kerberos.min.time.before.relogin = 60000
	sasl.kerberos.service.name = null
	sasl.kerberos.ticket.renew.jitter = 0.05
	sasl.kerberos.ticket.renew.window.factor = 0.8
	sasl.login.callback.handler.class = null
	sasl.login.class = null
	sasl.login.refresh.buffer.seconds = 300
	sasl.login.refresh.min.period.seconds = 60
	sasl.login.refresh.window.factor = 0.8
	sasl.login.refresh.window.jitter = 0.05
	sasl.mechanism = GSSAPI
	security.protocol = PLAINTEXT
	security.providers = null
	send.buffer.bytes = 131072
	session.timeout.ms = 45000
	socket.connection.setup.timeout.max.ms = 30000
	socket.connection.setup.timeout.ms = 10000
	ssl.cipher.suites = null
	ssl.enabled.protocols = [TLSv1.2]
	ssl.endpoint.identification.algorithm = https
	ssl.engine.factory.class = null
	ssl.key.password = null
	ssl.keymanager.algorithm = SunX509
	ssl.keystore.certificate.chain = null
	ssl.keystore.key = null
	ssl.keystore.location = null
	ssl.keystore.password = null
	ssl.keystore.type = JKS
	ssl.protocol = TLSv1.2
	ssl.provider = null
	ssl.secure.random.implementation = null
	ssl.trustmanager.algorithm = PKIX
	ssl.truststore.certificates = null
	ssl.truststore.location = null
	ssl.truststore.password = null
	ssl.truststore.type = JKS
	value.deserializer = class org.apache.kafka.common.serialization.StringDeserializer

2022-09-27 22:56:47,601 INFO [restartedMain] o.a.k.c.u.AppInfoParser [AppInfoParser.java:119] Kafka version: 3.0.0
2022-09-27 22:56:47,601 INFO [restartedMain] o.a.k.c.u.AppInfoParser [AppInfoParser.java:120] Kafka commitId: 8cb0a5e9d3441962
2022-09-27 22:56:47,602 INFO [restartedMain] o.a.k.c.u.AppInfoParser [AppInfoParser.java:121] Kafka startTimeMs: 1664290607601
2022-09-27 22:56:47,602 INFO [restartedMain] o.a.k.c.c.KafkaConsumer [KafkaConsumer.java:966] [Consumer clientId=consumer-community-consumer-group-2, groupId=community-consumer-group] Subscribed to topic(s): comment, like, follow
2022-09-27 22:56:47,603 INFO [restartedMain] o.a.c.h.Http11NioProtocol [DirectJDKLog.java:173] Starting ProtocolHandler ["http-nio-8080"]
2022-09-27 22:56:47,612 INFO [restartedMain] o.s.b.w.e.t.TomcatWebServer [TomcatWebServer.java:220] Tomcat started on port(s): 8080 (http) with context path '/community'
2022-09-27 22:56:47,620 INFO [restartedMain] c.h.c.MySpringbootApplication [StartupInfoLogger.java:61] Started MySpringbootApplication in 3.777 seconds (JVM running for 4.832)
2022-09-27 22:57:02,902 INFO [http-nio-8080-exec-1] o.a.c.c.C.[.[.[/community] [DirectJDKLog.java:173] Initializing Spring DispatcherServlet 'dispatcherServlet'
2022-09-27 22:57:02,902 INFO [http-nio-8080-exec-1] o.s.w.s.DispatcherServlet [FrameworkServlet.java:525] Initializing Servlet 'dispatcherServlet'
2022-09-27 22:57:02,903 INFO [http-nio-8080-exec-1] o.s.w.s.DispatcherServlet [FrameworkServlet.java:547] Completed initialization in 1 ms
2022-09-27 23:14:35,043 INFO [org.springframework.kafka.KafkaListenerEndpointContainer#0-0-C-1] o.a.k.c.c.i.ConsumerCoordinator [AbstractCoordinator.java:966] [Consumer clientId=consumer-community-consumer-group-1, groupId=community-consumer-group] Resetting generation due to: consumer pro-actively leaving the group
2022-09-27 23:14:35,043 INFO [org.springframework.kafka.KafkaListenerEndpointContainer#1-0-C-1] o.a.k.c.c.i.ConsumerCoordinator [AbstractCoordinator.java:966] [Consumer clientId=consumer-community-consumer-group-2, groupId=community-consumer-group] Resetting generation due to: consumer pro-actively leaving the group
2022-09-27 23:14:35,044 INFO [org.springframework.kafka.KafkaListenerEndpointContainer#0-0-C-1] o.a.k.c.c.i.ConsumerCoordinator [AbstractCoordinator.java:988] [Consumer clientId=consumer-community-consumer-group-1, groupId=community-consumer-group] Request joining group due to: consumer pro-actively leaving the group
2022-09-27 23:14:35,044 INFO [org.springframework.kafka.KafkaListenerEndpointContainer#1-0-C-1] o.a.k.c.c.i.ConsumerCoordinator [AbstractCoordinator.java:988] [Consumer clientId=consumer-community-consumer-group-2, groupId=community-consumer-group] Request joining group due to: consumer pro-actively leaving the group
2022-09-27 23:14:35,044 INFO [org.springframework.kafka.KafkaListenerEndpointContainer#1-0-C-1] o.a.k.c.c.KafkaConsumer [KafkaConsumer.java:1075] [Consumer clientId=consumer-community-consumer-group-2, groupId=community-consumer-group] Unsubscribed all topics or patterns and assigned partitions
2022-09-27 23:14:35,044 INFO [org.springframework.kafka.KafkaListenerEndpointContainer#0-0-C-1] o.a.k.c.c.KafkaConsumer [KafkaConsumer.java:1075] [Consumer clientId=consumer-community-consumer-group-1, groupId=community-consumer-group] Unsubscribed all topics or patterns and assigned partitions
2022-09-27 23:14:35,044 INFO [org.springframework.kafka.KafkaListenerEndpointContainer#1-0-C-1] o.a.k.c.c.i.ConsumerCoordinator [AbstractCoordinator.java:966] [Consumer clientId=consumer-community-consumer-group-2, groupId=community-consumer-group] Resetting generation due to: consumer pro-actively leaving the group
2022-09-27 23:14:35,044 INFO [org.springframework.kafka.KafkaListenerEndpointContainer#0-0-C-1] o.a.k.c.c.i.ConsumerCoordinator [AbstractCoordinator.java:966] [Consumer clientId=consumer-community-consumer-group-1, groupId=community-consumer-group] Resetting generation due to: consumer pro-actively leaving the group
2022-09-27 23:14:35,044 INFO [org.springframework.kafka.KafkaListenerEndpointContainer#1-0-C-1] o.a.k.c.c.i.ConsumerCoordinator [AbstractCoordinator.java:988] [Consumer clientId=consumer-community-consumer-group-2, groupId=community-consumer-group] Request joining group due to: consumer pro-actively leaving the group
2022-09-27 23:14:35,044 INFO [org.springframework.kafka.KafkaListenerEndpointContainer#0-0-C-1] o.a.k.c.c.i.ConsumerCoordinator [AbstractCoordinator.java:988] [Consumer clientId=consumer-community-consumer-group-1, groupId=community-consumer-group] Request joining group due to: consumer pro-actively leaving the group
2022-09-27 23:14:35,045 INFO [org.springframework.kafka.KafkaListenerEndpointContainer#0-0-C-1] o.a.k.c.m.Metrics [Metrics.java:659] Metrics scheduler closed
2022-09-27 23:14:35,045 INFO [org.springframework.kafka.KafkaListenerEndpointContainer#1-0-C-1] o.a.k.c.m.Metrics [Metrics.java:659] Metrics scheduler closed
2022-09-27 23:14:35,045 INFO [org.springframework.kafka.KafkaListenerEndpointContainer#0-0-C-1] o.a.k.c.m.Metrics [Metrics.java:663] Closing reporter org.apache.kafka.common.metrics.JmxReporter
2022-09-27 23:14:35,045 INFO [org.springframework.kafka.KafkaListenerEndpointContainer#1-0-C-1] o.a.k.c.m.Metrics [Metrics.java:663] Closing reporter org.apache.kafka.common.metrics.JmxReporter
2022-09-27 23:14:35,045 INFO [org.springframework.kafka.KafkaListenerEndpointContainer#0-0-C-1] o.a.k.c.m.Metrics [Metrics.java:669] Metrics reporters closed
2022-09-27 23:14:35,045 INFO [org.springframework.kafka.KafkaListenerEndpointContainer#1-0-C-1] o.a.k.c.m.Metrics [Metrics.java:669] Metrics reporters closed
2022-09-27 23:14:35,048 INFO [org.springframework.kafka.KafkaListenerEndpointContainer#1-0-C-1] o.a.k.c.u.AppInfoParser [AppInfoParser.java:83] App info kafka.consumer for consumer-community-consumer-group-2 unregistered
2022-09-27 23:14:35,048 INFO [org.springframework.kafka.KafkaListenerEndpointContainer#0-0-C-1] o.a.k.c.u.AppInfoParser [AppInfoParser.java:83] App info kafka.consumer for consumer-community-consumer-group-1 unregistered
2022-09-27 23:14:35,049 INFO [org.springframework.kafka.KafkaListenerEndpointContainer#0-0-C-1] o.s.k.l.KafkaMessageListenerContainer [LogAccessor.java:292] community-consumer-group: Consumer stopped
2022-09-27 23:14:35,049 INFO [org.springframework.kafka.KafkaListenerEndpointContainer#1-0-C-1] o.s.k.l.KafkaMessageListenerContainer [LogAccessor.java:292] community-consumer-group: Consumer stopped
