2022-07-01 19:09:53,090 INFO [background-preinit] o.h.v.i.u.Version [Version.java:21] HV000001: Hibernate Validator 6.2.2.Final
2022-07-01 19:09:53,108 INFO [restartedMain] c.h.c.MySpringbootApplication [StartupInfoLogger.java:55] Starting MySpringbootApplication using Java 1.8.0_322 on DESKTOP-IC9V6LA with PID 17176 (D:\java_project\MySpringboot\target\classes started by Dell in D:\java_project\MySpringboot)
2022-07-01 19:09:53,110 INFO [restartedMain] c.h.c.MySpringbootApplication [SpringApplication.java:646] The following 1 profile is active: "prod"
2022-07-01 19:09:53,165 INFO [restartedMain] o.s.b.d.e.DevToolsPropertyDefaultsPostProcessor [DeferredLog.java:255] Devtools property defaults active! Set 'spring.devtools.add-properties' to 'false' to disable
2022-07-01 19:09:53,166 INFO [restartedMain] o.s.b.d.e.DevToolsPropertyDefaultsPostProcessor [DeferredLog.java:255] For additional web related logging consider setting the 'logging.level.web' property to 'DEBUG'
2022-07-01 19:09:54,064 INFO [restartedMain] o.s.d.r.c.RepositoryConfigurationDelegate [RepositoryConfigurationDelegate.java:262] Multiple Spring Data modules found, entering strict repository configuration mode!
2022-07-01 19:09:54,067 INFO [restartedMain] o.s.d.r.c.RepositoryConfigurationDelegate [RepositoryConfigurationDelegate.java:132] Bootstrapping Spring Data Elasticsearch repositories in DEFAULT mode.
2022-07-01 19:09:54,083 INFO [restartedMain] o.s.d.r.c.RepositoryConfigurationDelegate [RepositoryConfigurationDelegate.java:201] Finished Spring Data repository scanning in 8 ms. Found 0 Elasticsearch repository interfaces.
2022-07-01 19:09:54,089 INFO [restartedMain] o.s.d.r.c.RepositoryConfigurationDelegate [RepositoryConfigurationDelegate.java:262] Multiple Spring Data modules found, entering strict repository configuration mode!
2022-07-01 19:09:54,090 INFO [restartedMain] o.s.d.r.c.RepositoryConfigurationDelegate [RepositoryConfigurationDelegate.java:132] Bootstrapping Spring Data Reactive Elasticsearch repositories in DEFAULT mode.
2022-07-01 19:09:54,094 INFO [restartedMain] o.s.d.r.c.RepositoryConfigurationDelegate [RepositoryConfigurationDelegate.java:201] Finished Spring Data repository scanning in 3 ms. Found 0 Reactive Elasticsearch repository interfaces.
2022-07-01 19:09:54,113 INFO [restartedMain] o.s.d.r.c.RepositoryConfigurationDelegate [RepositoryConfigurationDelegate.java:262] Multiple Spring Data modules found, entering strict repository configuration mode!
2022-07-01 19:09:54,114 INFO [restartedMain] o.s.d.r.c.RepositoryConfigurationDelegate [RepositoryConfigurationDelegate.java:132] Bootstrapping Spring Data Redis repositories in DEFAULT mode.
2022-07-01 19:09:54,130 INFO [restartedMain] o.s.d.r.c.RepositoryConfigurationDelegate [RepositoryConfigurationDelegate.java:201] Finished Spring Data repository scanning in 4 ms. Found 0 Redis repository interfaces.
2022-07-01 19:09:54,863 INFO [restartedMain] o.s.b.w.e.t.TomcatWebServer [TomcatWebServer.java:108] Tomcat initialized with port(s): 8080 (http)
2022-07-01 19:09:54,872 INFO [restartedMain] o.a.c.h.Http11NioProtocol [DirectJDKLog.java:173] Initializing ProtocolHandler ["http-nio-8080"]
2022-07-01 19:09:54,873 INFO [restartedMain] o.a.c.c.StandardService [DirectJDKLog.java:173] Starting service [Tomcat]
2022-07-01 19:09:54,873 INFO [restartedMain] o.a.c.c.StandardEngine [DirectJDKLog.java:173] Starting Servlet engine: [Apache Tomcat/9.0.58]
2022-07-01 19:09:54,964 INFO [restartedMain] o.a.c.c.C.[.[.[/community] [DirectJDKLog.java:173] Initializing Spring embedded WebApplicationContext
2022-07-01 19:09:54,964 INFO [restartedMain] o.s.b.w.s.c.ServletWebServerApplicationContext [ServletWebServerApplicationContext.java:290] Root WebApplicationContext: initialization completed in 1797 ms
2022-07-01 19:09:56,050 INFO [restartedMain] o.s.b.a.w.s.WelcomePageHandlerMapping [WelcomePageHandlerMapping.java:57] Adding welcome page template: index
2022-07-01 19:09:56,907 INFO [restartedMain] o.s.b.d.a.OptionalLiveReloadServer [OptionalLiveReloadServer.java:58] LiveReload server is running on port 35729
2022-07-01 19:09:56,994 INFO [restartedMain] o.a.k.c.c.ConsumerConfig [AbstractConfig.java:376] ConsumerConfig values: 
	allow.auto.create.topics = true
	auto.commit.interval.ms = 3000
	auto.offset.reset = latest
	bootstrap.servers = [localhost:9092]
	check.crcs = true
	client.dns.lookup = use_all_dns_ips
	client.id = consumer-community-consumer-group-1
	client.rack = 
	connections.max.idle.ms = 540000
	default.api.timeout.ms = 60000
	enable.auto.commit = true
	exclude.internal.topics = true
	fetch.max.bytes = 52428800
	fetch.max.wait.ms = 500
	fetch.min.bytes = 1
	group.id = community-consumer-group
	group.instance.id = null
	heartbeat.interval.ms = 3000
	interceptor.classes = []
	internal.leave.group.on.close = true
	internal.throw.on.fetch.stable.offset.unsupported = false
	isolation.level = read_uncommitted
	key.deserializer = class org.apache.kafka.common.serialization.StringDeserializer
	max.partition.fetch.bytes = 1048576
	max.poll.interval.ms = 300000
	max.poll.records = 500
	metadata.max.age.ms = 300000
	metric.reporters = []
	metrics.num.samples = 2
	metrics.recording.level = INFO
	metrics.sample.window.ms = 30000
	partition.assignment.strategy = [class org.apache.kafka.clients.consumer.RangeAssignor, class org.apache.kafka.clients.consumer.CooperativeStickyAssignor]
	receive.buffer.bytes = 65536
	reconnect.backoff.max.ms = 1000
	reconnect.backoff.ms = 50
	request.timeout.ms = 30000
	retry.backoff.ms = 100
	sasl.client.callback.handler.class = null
	sasl.jaas.config = null
	sasl.kerberos.kinit.cmd = /usr/bin/kinit
	sasl.kerberos.min.time.before.relogin = 60000
	sasl.kerberos.service.name = null
	sasl.kerberos.ticket.renew.jitter = 0.05
	sasl.kerberos.ticket.renew.window.factor = 0.8
	sasl.login.callback.handler.class = null
	sasl.login.class = null
	sasl.login.refresh.buffer.seconds = 300
	sasl.login.refresh.min.period.seconds = 60
	sasl.login.refresh.window.factor = 0.8
	sasl.login.refresh.window.jitter = 0.05
	sasl.mechanism = GSSAPI
	security.protocol = PLAINTEXT
	security.providers = null
	send.buffer.bytes = 131072
	session.timeout.ms = 45000
	socket.connection.setup.timeout.max.ms = 30000
	socket.connection.setup.timeout.ms = 10000
	ssl.cipher.suites = null
	ssl.enabled.protocols = [TLSv1.2]
	ssl.endpoint.identification.algorithm = https
	ssl.engine.factory.class = null
	ssl.key.password = null
	ssl.keymanager.algorithm = SunX509
	ssl.keystore.certificate.chain = null
	ssl.keystore.key = null
	ssl.keystore.location = null
	ssl.keystore.password = null
	ssl.keystore.type = JKS
	ssl.protocol = TLSv1.2
	ssl.provider = null
	ssl.secure.random.implementation = null
	ssl.trustmanager.algorithm = PKIX
	ssl.truststore.certificates = null
	ssl.truststore.location = null
	ssl.truststore.password = null
	ssl.truststore.type = JKS
	value.deserializer = class org.apache.kafka.common.serialization.StringDeserializer

2022-07-01 19:09:57,087 INFO [restartedMain] o.a.k.c.u.AppInfoParser [AppInfoParser.java:119] Kafka version: 3.0.0
2022-07-01 19:09:57,088 INFO [restartedMain] o.a.k.c.u.AppInfoParser [AppInfoParser.java:120] Kafka commitId: 8cb0a5e9d3441962
2022-07-01 19:09:57,088 INFO [restartedMain] o.a.k.c.u.AppInfoParser [AppInfoParser.java:121] Kafka startTimeMs: 1656673797085
2022-07-01 19:09:57,091 INFO [restartedMain] o.a.k.c.c.KafkaConsumer [KafkaConsumer.java:966] [Consumer clientId=consumer-community-consumer-group-1, groupId=community-consumer-group] Subscribed to topic(s): comment, like, follow
2022-07-01 19:09:57,106 INFO [restartedMain] o.a.c.h.Http11NioProtocol [DirectJDKLog.java:173] Starting ProtocolHandler ["http-nio-8080"]
2022-07-01 19:09:57,121 INFO [restartedMain] o.s.b.w.e.t.TomcatWebServer [TomcatWebServer.java:220] Tomcat started on port(s): 8080 (http) with context path '/community'
2022-07-01 19:09:57,290 INFO [restartedMain] c.h.c.MySpringbootApplication [StartupInfoLogger.java:61] Started MySpringbootApplication in 4.913 seconds (JVM running for 6.135)
2022-07-01 19:10:00,935 INFO [http-nio-8080-exec-1] o.a.c.c.C.[.[.[/community] [DirectJDKLog.java:173] Initializing Spring DispatcherServlet 'dispatcherServlet'
2022-07-01 19:10:00,936 INFO [http-nio-8080-exec-1] o.s.w.s.DispatcherServlet [FrameworkServlet.java:525] Initializing Servlet 'dispatcherServlet'
2022-07-01 19:10:00,937 INFO [http-nio-8080-exec-1] o.s.w.s.DispatcherServlet [FrameworkServlet.java:547] Completed initialization in 1 ms
2022-07-01 19:10:00,958 INFO [http-nio-8080-exec-1] c.h.c.a.ServiceLogAspect [ServiceLogAspect.java:40] 用户[0:0:0:0:0:0:0:1],在[2022-07-01 19:10:00],访问了[com.he.community.service.UserService.findLoginTicket].
2022-07-01 19:10:02,082 INFO [http-nio-8080-exec-1] c.h.c.a.ServiceLogAspect [ServiceLogAspect.java:40] 用户[0:0:0:0:0:0:0:1],在[2022-07-01 19:10:02],访问了[com.he.community.service.UserService.findUserById].
2022-07-01 19:10:02,095 INFO [http-nio-8080-exec-1] c.z.h.HikariDataSource [HikariDataSource.java:110] HikariPool-1 - Starting...
2022-07-01 19:10:02,369 INFO [http-nio-8080-exec-1] c.z.h.HikariDataSource [HikariDataSource.java:123] HikariPool-1 - Start completed.
2022-07-01 19:10:02,488 INFO [http-nio-8080-exec-1] c.h.c.a.ServiceLogAspect [ServiceLogAspect.java:40] 用户[0:0:0:0:0:0:0:1],在[2022-07-01 19:10:02],访问了[com.he.community.service.DiscussPostService.finDiscussPostRows].
2022-07-01 19:10:02,515 INFO [http-nio-8080-exec-1] c.h.c.a.ServiceLogAspect [ServiceLogAspect.java:40] 用户[0:0:0:0:0:0:0:1],在[2022-07-01 19:10:02],访问了[com.he.community.service.DiscussPostService.findDiscussPosts].
2022-07-01 19:10:02,521 INFO [http-nio-8080-exec-1] c.h.c.a.ServiceLogAspect [ServiceLogAspect.java:40] 用户[0:0:0:0:0:0:0:1],在[2022-07-01 19:10:02],访问了[com.he.community.service.UserService.findUserById].
2022-07-01 19:10:02,622 INFO [http-nio-8080-exec-1] c.h.c.a.ServiceLogAspect [ServiceLogAspect.java:40] 用户[0:0:0:0:0:0:0:1],在[2022-07-01 19:10:02],访问了[com.he.community.service.LikeService.findEntityLikeCount].
2022-07-01 19:10:02,628 INFO [http-nio-8080-exec-1] c.h.c.a.ServiceLogAspect [ServiceLogAspect.java:40] 用户[0:0:0:0:0:0:0:1],在[2022-07-01 19:10:02],访问了[com.he.community.service.UserService.findUserById].
2022-07-01 19:10:02,635 INFO [http-nio-8080-exec-1] c.h.c.a.ServiceLogAspect [ServiceLogAspect.java:40] 用户[0:0:0:0:0:0:0:1],在[2022-07-01 19:10:02],访问了[com.he.community.service.LikeService.findEntityLikeCount].
2022-07-01 19:10:02,636 INFO [http-nio-8080-exec-1] c.h.c.a.ServiceLogAspect [ServiceLogAspect.java:40] 用户[0:0:0:0:0:0:0:1],在[2022-07-01 19:10:02],访问了[com.he.community.service.UserService.findUserById].
2022-07-01 19:10:02,639 INFO [http-nio-8080-exec-1] c.h.c.a.ServiceLogAspect [ServiceLogAspect.java:40] 用户[0:0:0:0:0:0:0:1],在[2022-07-01 19:10:02],访问了[com.he.community.service.LikeService.findEntityLikeCount].
2022-07-01 19:10:02,640 INFO [http-nio-8080-exec-1] c.h.c.a.ServiceLogAspect [ServiceLogAspect.java:40] 用户[0:0:0:0:0:0:0:1],在[2022-07-01 19:10:02],访问了[com.he.community.service.UserService.findUserById].
2022-07-01 19:10:02,647 INFO [http-nio-8080-exec-1] c.h.c.a.ServiceLogAspect [ServiceLogAspect.java:40] 用户[0:0:0:0:0:0:0:1],在[2022-07-01 19:10:02],访问了[com.he.community.service.LikeService.findEntityLikeCount].
2022-07-01 19:10:02,649 INFO [http-nio-8080-exec-1] c.h.c.a.ServiceLogAspect [ServiceLogAspect.java:40] 用户[0:0:0:0:0:0:0:1],在[2022-07-01 19:10:02],访问了[com.he.community.service.UserService.findUserById].
2022-07-01 19:10:02,650 INFO [http-nio-8080-exec-1] c.h.c.a.ServiceLogAspect [ServiceLogAspect.java:40] 用户[0:0:0:0:0:0:0:1],在[2022-07-01 19:10:02],访问了[com.he.community.service.LikeService.findEntityLikeCount].
2022-07-01 19:10:02,651 INFO [http-nio-8080-exec-1] c.h.c.a.ServiceLogAspect [ServiceLogAspect.java:40] 用户[0:0:0:0:0:0:0:1],在[2022-07-01 19:10:02],访问了[com.he.community.service.UserService.findUserById].
2022-07-01 19:10:02,654 INFO [http-nio-8080-exec-1] c.h.c.a.ServiceLogAspect [ServiceLogAspect.java:40] 用户[0:0:0:0:0:0:0:1],在[2022-07-01 19:10:02],访问了[com.he.community.service.LikeService.findEntityLikeCount].
2022-07-01 19:10:02,655 INFO [http-nio-8080-exec-1] c.h.c.a.ServiceLogAspect [ServiceLogAspect.java:40] 用户[0:0:0:0:0:0:0:1],在[2022-07-01 19:10:02],访问了[com.he.community.service.UserService.findUserById].
2022-07-01 19:10:02,660 INFO [http-nio-8080-exec-1] c.h.c.a.ServiceLogAspect [ServiceLogAspect.java:40] 用户[0:0:0:0:0:0:0:1],在[2022-07-01 19:10:02],访问了[com.he.community.service.LikeService.findEntityLikeCount].
2022-07-01 19:10:02,663 INFO [http-nio-8080-exec-1] c.h.c.a.ServiceLogAspect [ServiceLogAspect.java:40] 用户[0:0:0:0:0:0:0:1],在[2022-07-01 19:10:02],访问了[com.he.community.service.UserService.findUserById].
2022-07-01 19:10:02,669 INFO [http-nio-8080-exec-1] c.h.c.a.ServiceLogAspect [ServiceLogAspect.java:40] 用户[0:0:0:0:0:0:0:1],在[2022-07-01 19:10:02],访问了[com.he.community.service.LikeService.findEntityLikeCount].
2022-07-01 19:10:02,669 INFO [http-nio-8080-exec-1] c.h.c.a.ServiceLogAspect [ServiceLogAspect.java:40] 用户[0:0:0:0:0:0:0:1],在[2022-07-01 19:10:02],访问了[com.he.community.service.UserService.findUserById].
2022-07-01 19:10:02,674 INFO [http-nio-8080-exec-1] c.h.c.a.ServiceLogAspect [ServiceLogAspect.java:40] 用户[0:0:0:0:0:0:0:1],在[2022-07-01 19:10:02],访问了[com.he.community.service.LikeService.findEntityLikeCount].
2022-07-01 19:10:02,674 INFO [http-nio-8080-exec-1] c.h.c.a.ServiceLogAspect [ServiceLogAspect.java:40] 用户[0:0:0:0:0:0:0:1],在[2022-07-01 19:10:02],访问了[com.he.community.service.UserService.findUserById].
2022-07-01 19:10:02,676 INFO [http-nio-8080-exec-1] c.h.c.a.ServiceLogAspect [ServiceLogAspect.java:40] 用户[0:0:0:0:0:0:0:1],在[2022-07-01 19:10:02],访问了[com.he.community.service.LikeService.findEntityLikeCount].
2022-07-01 19:10:02,682 INFO [http-nio-8080-exec-1] c.h.c.a.ServiceLogAspect [ServiceLogAspect.java:40] 用户[0:0:0:0:0:0:0:1],在[2022-07-01 19:10:02],访问了[com.he.community.service.MessageService.findLetterUnreadCount].
2022-07-01 19:10:02,695 INFO [http-nio-8080-exec-1] c.h.c.a.ServiceLogAspect [ServiceLogAspect.java:40] 用户[0:0:0:0:0:0:0:1],在[2022-07-01 19:10:02],访问了[com.he.community.service.MessageService.findNoticeUnreadCount].
2022-07-01 19:10:08,520 INFO [http-nio-8080-exec-7] c.h.c.a.ServiceLogAspect [ServiceLogAspect.java:40] 用户[0:0:0:0:0:0:0:1],在[2022-07-01 19:10:08],访问了[com.he.community.service.UserService.findLoginTicket].
2022-07-01 19:10:08,522 INFO [http-nio-8080-exec-7] c.h.c.a.ServiceLogAspect [ServiceLogAspect.java:40] 用户[0:0:0:0:0:0:0:1],在[2022-07-01 19:10:08],访问了[com.he.community.service.UserService.findUserById].
2022-07-01 19:10:08,524 INFO [http-nio-8080-exec-7] c.h.c.a.ServiceLogAspect [ServiceLogAspect.java:40] 用户[0:0:0:0:0:0:0:1],在[2022-07-01 19:10:08],访问了[com.he.community.service.DiscussPostService.finDiscussPostRows].
2022-07-01 19:10:08,527 INFO [http-nio-8080-exec-7] c.h.c.a.ServiceLogAspect [ServiceLogAspect.java:40] 用户[0:0:0:0:0:0:0:1],在[2022-07-01 19:10:08],访问了[com.he.community.service.DiscussPostService.findDiscussPosts].
2022-07-01 19:10:08,533 INFO [http-nio-8080-exec-7] c.h.c.a.ServiceLogAspect [ServiceLogAspect.java:40] 用户[0:0:0:0:0:0:0:1],在[2022-07-01 19:10:08],访问了[com.he.community.service.UserService.findUserById].
2022-07-01 19:10:08,534 INFO [http-nio-8080-exec-7] c.h.c.a.ServiceLogAspect [ServiceLogAspect.java:40] 用户[0:0:0:0:0:0:0:1],在[2022-07-01 19:10:08],访问了[com.he.community.service.LikeService.findEntityLikeCount].
2022-07-01 19:10:08,535 INFO [http-nio-8080-exec-7] c.h.c.a.ServiceLogAspect [ServiceLogAspect.java:40] 用户[0:0:0:0:0:0:0:1],在[2022-07-01 19:10:08],访问了[com.he.community.service.UserService.findUserById].
2022-07-01 19:10:08,535 INFO [http-nio-8080-exec-7] c.h.c.a.ServiceLogAspect [ServiceLogAspect.java:40] 用户[0:0:0:0:0:0:0:1],在[2022-07-01 19:10:08],访问了[com.he.community.service.LikeService.findEntityLikeCount].
2022-07-01 19:10:08,536 INFO [http-nio-8080-exec-7] c.h.c.a.ServiceLogAspect [ServiceLogAspect.java:40] 用户[0:0:0:0:0:0:0:1],在[2022-07-01 19:10:08],访问了[com.he.community.service.UserService.findUserById].
2022-07-01 19:10:08,537 INFO [http-nio-8080-exec-7] c.h.c.a.ServiceLogAspect [ServiceLogAspect.java:40] 用户[0:0:0:0:0:0:0:1],在[2022-07-01 19:10:08],访问了[com.he.community.service.LikeService.findEntityLikeCount].
2022-07-01 19:10:08,539 INFO [http-nio-8080-exec-7] c.h.c.a.ServiceLogAspect [ServiceLogAspect.java:40] 用户[0:0:0:0:0:0:0:1],在[2022-07-01 19:10:08],访问了[com.he.community.service.UserService.findUserById].
2022-07-01 19:10:08,541 INFO [http-nio-8080-exec-7] c.h.c.a.ServiceLogAspect [ServiceLogAspect.java:40] 用户[0:0:0:0:0:0:0:1],在[2022-07-01 19:10:08],访问了[com.he.community.service.LikeService.findEntityLikeCount].
2022-07-01 19:10:08,542 INFO [http-nio-8080-exec-7] c.h.c.a.ServiceLogAspect [ServiceLogAspect.java:40] 用户[0:0:0:0:0:0:0:1],在[2022-07-01 19:10:08],访问了[com.he.community.service.UserService.findUserById].
2022-07-01 19:10:08,543 INFO [http-nio-8080-exec-7] c.h.c.a.ServiceLogAspect [ServiceLogAspect.java:40] 用户[0:0:0:0:0:0:0:1],在[2022-07-01 19:10:08],访问了[com.he.community.service.LikeService.findEntityLikeCount].
2022-07-01 19:10:08,543 INFO [http-nio-8080-exec-7] c.h.c.a.ServiceLogAspect [ServiceLogAspect.java:40] 用户[0:0:0:0:0:0:0:1],在[2022-07-01 19:10:08],访问了[com.he.community.service.UserService.findUserById].
2022-07-01 19:10:08,544 INFO [http-nio-8080-exec-7] c.h.c.a.ServiceLogAspect [ServiceLogAspect.java:40] 用户[0:0:0:0:0:0:0:1],在[2022-07-01 19:10:08],访问了[com.he.community.service.LikeService.findEntityLikeCount].
2022-07-01 19:10:08,545 INFO [http-nio-8080-exec-7] c.h.c.a.ServiceLogAspect [ServiceLogAspect.java:40] 用户[0:0:0:0:0:0:0:1],在[2022-07-01 19:10:08],访问了[com.he.community.service.UserService.findUserById].
2022-07-01 19:10:08,545 INFO [http-nio-8080-exec-7] c.h.c.a.ServiceLogAspect [ServiceLogAspect.java:40] 用户[0:0:0:0:0:0:0:1],在[2022-07-01 19:10:08],访问了[com.he.community.service.LikeService.findEntityLikeCount].
2022-07-01 19:10:08,546 INFO [http-nio-8080-exec-7] c.h.c.a.ServiceLogAspect [ServiceLogAspect.java:40] 用户[0:0:0:0:0:0:0:1],在[2022-07-01 19:10:08],访问了[com.he.community.service.UserService.findUserById].
2022-07-01 19:10:08,546 INFO [http-nio-8080-exec-7] c.h.c.a.ServiceLogAspect [ServiceLogAspect.java:40] 用户[0:0:0:0:0:0:0:1],在[2022-07-01 19:10:08],访问了[com.he.community.service.LikeService.findEntityLikeCount].
2022-07-01 19:10:08,547 INFO [http-nio-8080-exec-7] c.h.c.a.ServiceLogAspect [ServiceLogAspect.java:40] 用户[0:0:0:0:0:0:0:1],在[2022-07-01 19:10:08],访问了[com.he.community.service.UserService.findUserById].
2022-07-01 19:10:08,547 INFO [http-nio-8080-exec-7] c.h.c.a.ServiceLogAspect [ServiceLogAspect.java:40] 用户[0:0:0:0:0:0:0:1],在[2022-07-01 19:10:08],访问了[com.he.community.service.LikeService.findEntityLikeCount].
2022-07-01 19:10:08,548 INFO [http-nio-8080-exec-7] c.h.c.a.ServiceLogAspect [ServiceLogAspect.java:40] 用户[0:0:0:0:0:0:0:1],在[2022-07-01 19:10:08],访问了[com.he.community.service.UserService.findUserById].
2022-07-01 19:10:08,548 INFO [http-nio-8080-exec-7] c.h.c.a.ServiceLogAspect [ServiceLogAspect.java:40] 用户[0:0:0:0:0:0:0:1],在[2022-07-01 19:10:08],访问了[com.he.community.service.LikeService.findEntityLikeCount].
2022-07-01 19:10:08,549 INFO [http-nio-8080-exec-7] c.h.c.a.ServiceLogAspect [ServiceLogAspect.java:40] 用户[0:0:0:0:0:0:0:1],在[2022-07-01 19:10:08],访问了[com.he.community.service.MessageService.findLetterUnreadCount].
2022-07-01 19:10:08,553 INFO [http-nio-8080-exec-7] c.h.c.a.ServiceLogAspect [ServiceLogAspect.java:40] 用户[0:0:0:0:0:0:0:1],在[2022-07-01 19:10:08],访问了[com.he.community.service.MessageService.findNoticeUnreadCount].
2022-07-01 19:10:09,031 INFO [http-nio-8080-exec-3] c.h.c.a.ServiceLogAspect [ServiceLogAspect.java:40] 用户[0:0:0:0:0:0:0:1],在[2022-07-01 19:10:09],访问了[com.he.community.service.UserService.findLoginTicket].
2022-07-01 19:10:09,032 INFO [http-nio-8080-exec-3] c.h.c.a.ServiceLogAspect [ServiceLogAspect.java:40] 用户[0:0:0:0:0:0:0:1],在[2022-07-01 19:10:09],访问了[com.he.community.service.UserService.findUserById].
2022-07-01 19:10:09,033 INFO [http-nio-8080-exec-3] c.h.c.a.ServiceLogAspect [ServiceLogAspect.java:40] 用户[0:0:0:0:0:0:0:1],在[2022-07-01 19:10:09],访问了[com.he.community.service.MessageService.findConversationCount].
2022-07-01 19:10:09,040 INFO [http-nio-8080-exec-3] c.h.c.a.ServiceLogAspect [ServiceLogAspect.java:40] 用户[0:0:0:0:0:0:0:1],在[2022-07-01 19:10:09],访问了[com.he.community.service.MessageService.findConversations].
2022-07-01 19:10:09,044 INFO [http-nio-8080-exec-3] c.h.c.a.ServiceLogAspect [ServiceLogAspect.java:40] 用户[0:0:0:0:0:0:0:1],在[2022-07-01 19:10:09],访问了[com.he.community.service.MessageService.findLetterUnreadCount].
2022-07-01 19:10:09,047 INFO [http-nio-8080-exec-3] c.h.c.a.ServiceLogAspect [ServiceLogAspect.java:40] 用户[0:0:0:0:0:0:0:1],在[2022-07-01 19:10:09],访问了[com.he.community.service.MessageService.findLetterCount].
2022-07-01 19:10:09,049 INFO [http-nio-8080-exec-3] c.h.c.a.ServiceLogAspect [ServiceLogAspect.java:40] 用户[0:0:0:0:0:0:0:1],在[2022-07-01 19:10:09],访问了[com.he.community.service.UserService.findUserById].
2022-07-01 19:10:09,050 INFO [http-nio-8080-exec-3] c.h.c.a.ServiceLogAspect [ServiceLogAspect.java:40] 用户[0:0:0:0:0:0:0:1],在[2022-07-01 19:10:09],访问了[com.he.community.service.MessageService.findLetterUnreadCount].
2022-07-01 19:10:09,052 INFO [http-nio-8080-exec-3] c.h.c.a.ServiceLogAspect [ServiceLogAspect.java:40] 用户[0:0:0:0:0:0:0:1],在[2022-07-01 19:10:09],访问了[com.he.community.service.MessageService.findLetterCount].
2022-07-01 19:10:09,053 INFO [http-nio-8080-exec-3] c.h.c.a.ServiceLogAspect [ServiceLogAspect.java:40] 用户[0:0:0:0:0:0:0:1],在[2022-07-01 19:10:09],访问了[com.he.community.service.UserService.findUserById].
2022-07-01 19:10:09,056 INFO [http-nio-8080-exec-3] c.h.c.a.ServiceLogAspect [ServiceLogAspect.java:40] 用户[0:0:0:0:0:0:0:1],在[2022-07-01 19:10:09],访问了[com.he.community.service.MessageService.findLetterUnreadCount].
2022-07-01 19:10:09,058 INFO [http-nio-8080-exec-3] c.h.c.a.ServiceLogAspect [ServiceLogAspect.java:40] 用户[0:0:0:0:0:0:0:1],在[2022-07-01 19:10:09],访问了[com.he.community.service.MessageService.findNoticeUnreadCount].
2022-07-01 19:10:09,059 INFO [http-nio-8080-exec-3] c.h.c.a.ServiceLogAspect [ServiceLogAspect.java:40] 用户[0:0:0:0:0:0:0:1],在[2022-07-01 19:10:09],访问了[com.he.community.service.MessageService.findLetterUnreadCount].
2022-07-01 19:10:09,061 INFO [http-nio-8080-exec-3] c.h.c.a.ServiceLogAspect [ServiceLogAspect.java:40] 用户[0:0:0:0:0:0:0:1],在[2022-07-01 19:10:09],访问了[com.he.community.service.MessageService.findNoticeUnreadCount].
2022-07-01 19:10:10,299 INFO [http-nio-8080-exec-9] c.h.c.a.ServiceLogAspect [ServiceLogAspect.java:40] 用户[0:0:0:0:0:0:0:1],在[2022-07-01 19:10:10],访问了[com.he.community.service.UserService.findLoginTicket].
2022-07-01 19:10:10,300 INFO [http-nio-8080-exec-9] c.h.c.a.ServiceLogAspect [ServiceLogAspect.java:40] 用户[0:0:0:0:0:0:0:1],在[2022-07-01 19:10:10],访问了[com.he.community.service.UserService.findUserById].
2022-07-01 19:10:10,304 INFO [http-nio-8080-exec-9] c.h.c.a.ServiceLogAspect [ServiceLogAspect.java:40] 用户[0:0:0:0:0:0:0:1],在[2022-07-01 19:10:10],访问了[com.he.community.service.MessageService.findLetterCount].
2022-07-01 19:10:10,307 INFO [http-nio-8080-exec-9] c.h.c.a.ServiceLogAspect [ServiceLogAspect.java:40] 用户[0:0:0:0:0:0:0:1],在[2022-07-01 19:10:10],访问了[com.he.community.service.MessageService.findLetters].
2022-07-01 19:10:10,309 INFO [http-nio-8080-exec-9] c.h.c.a.ServiceLogAspect [ServiceLogAspect.java:40] 用户[0:0:0:0:0:0:0:1],在[2022-07-01 19:10:10],访问了[com.he.community.service.UserService.findUserById].
2022-07-01 19:10:10,310 INFO [http-nio-8080-exec-9] c.h.c.a.ServiceLogAspect [ServiceLogAspect.java:40] 用户[0:0:0:0:0:0:0:1],在[2022-07-01 19:10:10],访问了[com.he.community.service.UserService.findUserById].
2022-07-01 19:10:10,311 INFO [http-nio-8080-exec-9] c.h.c.a.ServiceLogAspect [ServiceLogAspect.java:40] 用户[0:0:0:0:0:0:0:1],在[2022-07-01 19:10:10],访问了[com.he.community.service.UserService.findUserById].
2022-07-01 19:10:10,312 INFO [http-nio-8080-exec-9] c.h.c.a.ServiceLogAspect [ServiceLogAspect.java:40] 用户[0:0:0:0:0:0:0:1],在[2022-07-01 19:10:10],访问了[com.he.community.service.UserService.findUserById].
2022-07-01 19:10:10,313 INFO [http-nio-8080-exec-9] c.h.c.a.ServiceLogAspect [ServiceLogAspect.java:40] 用户[0:0:0:0:0:0:0:1],在[2022-07-01 19:10:10],访问了[com.he.community.service.MessageService.findLetterUnreadCount].
2022-07-01 19:10:10,315 INFO [http-nio-8080-exec-9] c.h.c.a.ServiceLogAspect [ServiceLogAspect.java:40] 用户[0:0:0:0:0:0:0:1],在[2022-07-01 19:10:10],访问了[com.he.community.service.MessageService.findNoticeUnreadCount].
2022-07-01 19:10:17,873 INFO [http-nio-8080-exec-4] c.h.c.a.ServiceLogAspect [ServiceLogAspect.java:40] 用户[0:0:0:0:0:0:0:1],在[2022-07-01 19:10:17],访问了[com.he.community.service.UserService.findLoginTicket].
2022-07-01 19:10:17,875 INFO [http-nio-8080-exec-4] c.h.c.a.ServiceLogAspect [ServiceLogAspect.java:40] 用户[0:0:0:0:0:0:0:1],在[2022-07-01 19:10:17],访问了[com.he.community.service.UserService.findUserById].
2022-07-01 19:10:17,876 INFO [http-nio-8080-exec-4] c.h.c.a.ServiceLogAspect [ServiceLogAspect.java:40] 用户[0:0:0:0:0:0:0:1],在[2022-07-01 19:10:17],访问了[com.he.community.service.UserService.findUserByName].
2022-07-01 19:10:17,880 INFO [http-nio-8080-exec-4] c.h.c.a.ServiceLogAspect [ServiceLogAspect.java:40] 用户[0:0:0:0:0:0:0:1],在[2022-07-01 19:10:17],访问了[com.he.community.service.MessageService.addMessage].
2022-07-01 19:10:19,980 INFO [http-nio-8080-exec-5] c.h.c.a.ServiceLogAspect [ServiceLogAspect.java:40] 用户[0:0:0:0:0:0:0:1],在[2022-07-01 19:10:19],访问了[com.he.community.service.UserService.findLoginTicket].
2022-07-01 19:10:19,982 INFO [http-nio-8080-exec-5] c.h.c.a.ServiceLogAspect [ServiceLogAspect.java:40] 用户[0:0:0:0:0:0:0:1],在[2022-07-01 19:10:19],访问了[com.he.community.service.UserService.findUserById].
2022-07-01 19:10:19,983 INFO [http-nio-8080-exec-5] c.h.c.a.ServiceLogAspect [ServiceLogAspect.java:40] 用户[0:0:0:0:0:0:0:1],在[2022-07-01 19:10:19],访问了[com.he.community.service.MessageService.findLetterCount].
2022-07-01 19:10:19,985 INFO [http-nio-8080-exec-5] c.h.c.a.ServiceLogAspect [ServiceLogAspect.java:40] 用户[0:0:0:0:0:0:0:1],在[2022-07-01 19:10:19],访问了[com.he.community.service.MessageService.findLetters].
2022-07-01 19:10:19,987 INFO [http-nio-8080-exec-5] c.h.c.a.ServiceLogAspect [ServiceLogAspect.java:40] 用户[0:0:0:0:0:0:0:1],在[2022-07-01 19:10:19],访问了[com.he.community.service.UserService.findUserById].
2022-07-01 19:10:19,988 INFO [http-nio-8080-exec-5] c.h.c.a.ServiceLogAspect [ServiceLogAspect.java:40] 用户[0:0:0:0:0:0:0:1],在[2022-07-01 19:10:19],访问了[com.he.community.service.UserService.findUserById].
2022-07-01 19:10:19,989 INFO [http-nio-8080-exec-5] c.h.c.a.ServiceLogAspect [ServiceLogAspect.java:40] 用户[0:0:0:0:0:0:0:1],在[2022-07-01 19:10:19],访问了[com.he.community.service.UserService.findUserById].
2022-07-01 19:10:19,989 INFO [http-nio-8080-exec-5] c.h.c.a.ServiceLogAspect [ServiceLogAspect.java:40] 用户[0:0:0:0:0:0:0:1],在[2022-07-01 19:10:19],访问了[com.he.community.service.UserService.findUserById].
2022-07-01 19:10:19,991 INFO [http-nio-8080-exec-5] c.h.c.a.ServiceLogAspect [ServiceLogAspect.java:40] 用户[0:0:0:0:0:0:0:1],在[2022-07-01 19:10:19],访问了[com.he.community.service.UserService.findUserById].
2022-07-01 19:10:19,991 INFO [http-nio-8080-exec-5] c.h.c.a.ServiceLogAspect [ServiceLogAspect.java:40] 用户[0:0:0:0:0:0:0:1],在[2022-07-01 19:10:19],访问了[com.he.community.service.MessageService.findLetterUnreadCount].
2022-07-01 19:10:19,993 INFO [http-nio-8080-exec-5] c.h.c.a.ServiceLogAspect [ServiceLogAspect.java:40] 用户[0:0:0:0:0:0:0:1],在[2022-07-01 19:10:19],访问了[com.he.community.service.MessageService.findNoticeUnreadCount].
2022-07-01 19:10:20,941 INFO [http-nio-8080-exec-2] c.h.c.a.ServiceLogAspect [ServiceLogAspect.java:40] 用户[0:0:0:0:0:0:0:1],在[2022-07-01 19:10:20],访问了[com.he.community.service.UserService.findLoginTicket].
2022-07-01 19:10:20,942 INFO [http-nio-8080-exec-2] c.h.c.a.ServiceLogAspect [ServiceLogAspect.java:40] 用户[0:0:0:0:0:0:0:1],在[2022-07-01 19:10:20],访问了[com.he.community.service.UserService.findUserById].
2022-07-01 19:10:20,943 INFO [http-nio-8080-exec-2] c.h.c.a.ServiceLogAspect [ServiceLogAspect.java:40] 用户[0:0:0:0:0:0:0:1],在[2022-07-01 19:10:20],访问了[com.he.community.service.MessageService.findConversationCount].
2022-07-01 19:10:20,947 INFO [http-nio-8080-exec-2] c.h.c.a.ServiceLogAspect [ServiceLogAspect.java:40] 用户[0:0:0:0:0:0:0:1],在[2022-07-01 19:10:20],访问了[com.he.community.service.MessageService.findConversations].
2022-07-01 19:10:20,951 INFO [http-nio-8080-exec-2] c.h.c.a.ServiceLogAspect [ServiceLogAspect.java:40] 用户[0:0:0:0:0:0:0:1],在[2022-07-01 19:10:20],访问了[com.he.community.service.MessageService.findLetterUnreadCount].
2022-07-01 19:10:20,953 INFO [http-nio-8080-exec-2] c.h.c.a.ServiceLogAspect [ServiceLogAspect.java:40] 用户[0:0:0:0:0:0:0:1],在[2022-07-01 19:10:20],访问了[com.he.community.service.MessageService.findLetterCount].
2022-07-01 19:10:20,955 INFO [http-nio-8080-exec-2] c.h.c.a.ServiceLogAspect [ServiceLogAspect.java:40] 用户[0:0:0:0:0:0:0:1],在[2022-07-01 19:10:20],访问了[com.he.community.service.UserService.findUserById].
2022-07-01 19:10:20,956 INFO [http-nio-8080-exec-2] c.h.c.a.ServiceLogAspect [ServiceLogAspect.java:40] 用户[0:0:0:0:0:0:0:1],在[2022-07-01 19:10:20],访问了[com.he.community.service.MessageService.findLetterUnreadCount].
2022-07-01 19:10:20,957 INFO [http-nio-8080-exec-2] c.h.c.a.ServiceLogAspect [ServiceLogAspect.java:40] 用户[0:0:0:0:0:0:0:1],在[2022-07-01 19:10:20],访问了[com.he.community.service.MessageService.findLetterCount].
2022-07-01 19:10:20,958 INFO [http-nio-8080-exec-2] c.h.c.a.ServiceLogAspect [ServiceLogAspect.java:40] 用户[0:0:0:0:0:0:0:1],在[2022-07-01 19:10:20],访问了[com.he.community.service.UserService.findUserById].
2022-07-01 19:10:20,959 INFO [http-nio-8080-exec-2] c.h.c.a.ServiceLogAspect [ServiceLogAspect.java:40] 用户[0:0:0:0:0:0:0:1],在[2022-07-01 19:10:20],访问了[com.he.community.service.MessageService.findLetterUnreadCount].
2022-07-01 19:10:20,961 INFO [http-nio-8080-exec-2] c.h.c.a.ServiceLogAspect [ServiceLogAspect.java:40] 用户[0:0:0:0:0:0:0:1],在[2022-07-01 19:10:20],访问了[com.he.community.service.MessageService.findNoticeUnreadCount].
2022-07-01 19:10:20,962 INFO [http-nio-8080-exec-2] c.h.c.a.ServiceLogAspect [ServiceLogAspect.java:40] 用户[0:0:0:0:0:0:0:1],在[2022-07-01 19:10:20],访问了[com.he.community.service.MessageService.findLetterUnreadCount].
2022-07-01 19:10:20,964 INFO [http-nio-8080-exec-2] c.h.c.a.ServiceLogAspect [ServiceLogAspect.java:40] 用户[0:0:0:0:0:0:0:1],在[2022-07-01 19:10:20],访问了[com.he.community.service.MessageService.findNoticeUnreadCount].
2022-07-01 19:10:22,317 INFO [http-nio-8080-exec-9] c.h.c.a.ServiceLogAspect [ServiceLogAspect.java:40] 用户[0:0:0:0:0:0:0:1],在[2022-07-01 19:10:22],访问了[com.he.community.service.UserService.findLoginTicket].
2022-07-01 19:10:22,318 INFO [http-nio-8080-exec-9] c.h.c.a.ServiceLogAspect [ServiceLogAspect.java:40] 用户[0:0:0:0:0:0:0:1],在[2022-07-01 19:10:22],访问了[com.he.community.service.UserService.findUserById].
2022-07-01 19:10:22,319 INFO [http-nio-8080-exec-9] c.h.c.a.ServiceLogAspect [ServiceLogAspect.java:40] 用户[0:0:0:0:0:0:0:1],在[2022-07-01 19:10:22],访问了[com.he.community.service.MessageService.findLetterCount].
2022-07-01 19:10:22,321 INFO [http-nio-8080-exec-9] c.h.c.a.ServiceLogAspect [ServiceLogAspect.java:40] 用户[0:0:0:0:0:0:0:1],在[2022-07-01 19:10:22],访问了[com.he.community.service.MessageService.findLetters].
2022-07-01 19:10:22,324 INFO [http-nio-8080-exec-9] c.h.c.a.ServiceLogAspect [ServiceLogAspect.java:40] 用户[0:0:0:0:0:0:0:1],在[2022-07-01 19:10:22],访问了[com.he.community.service.UserService.findUserById].
2022-07-01 19:10:22,326 INFO [http-nio-8080-exec-9] c.h.c.a.ServiceLogAspect [ServiceLogAspect.java:40] 用户[0:0:0:0:0:0:0:1],在[2022-07-01 19:10:22],访问了[com.he.community.service.UserService.findUserById].
2022-07-01 19:10:22,327 INFO [http-nio-8080-exec-9] c.h.c.a.ServiceLogAspect [ServiceLogAspect.java:40] 用户[0:0:0:0:0:0:0:1],在[2022-07-01 19:10:22],访问了[com.he.community.service.UserService.findUserById].
2022-07-01 19:10:22,328 INFO [http-nio-8080-exec-9] c.h.c.a.ServiceLogAspect [ServiceLogAspect.java:40] 用户[0:0:0:0:0:0:0:1],在[2022-07-01 19:10:22],访问了[com.he.community.service.UserService.findUserById].
2022-07-01 19:10:22,329 INFO [http-nio-8080-exec-9] c.h.c.a.ServiceLogAspect [ServiceLogAspect.java:40] 用户[0:0:0:0:0:0:0:1],在[2022-07-01 19:10:22],访问了[com.he.community.service.UserService.findUserById].
2022-07-01 19:10:22,330 INFO [http-nio-8080-exec-9] c.h.c.a.ServiceLogAspect [ServiceLogAspect.java:40] 用户[0:0:0:0:0:0:0:1],在[2022-07-01 19:10:22],访问了[com.he.community.service.MessageService.findLetterUnreadCount].
2022-07-01 19:10:22,331 INFO [http-nio-8080-exec-9] c.h.c.a.ServiceLogAspect [ServiceLogAspect.java:40] 用户[0:0:0:0:0:0:0:1],在[2022-07-01 19:10:22],访问了[com.he.community.service.MessageService.findNoticeUnreadCount].
2022-07-01 19:10:29,662 INFO [http-nio-8080-exec-4] c.h.c.a.ServiceLogAspect [ServiceLogAspect.java:40] 用户[0:0:0:0:0:0:0:1],在[2022-07-01 19:10:29],访问了[com.he.community.service.UserService.findLoginTicket].
2022-07-01 19:10:29,663 INFO [http-nio-8080-exec-4] c.h.c.a.ServiceLogAspect [ServiceLogAspect.java:40] 用户[0:0:0:0:0:0:0:1],在[2022-07-01 19:10:29],访问了[com.he.community.service.UserService.findUserById].
2022-07-01 19:10:29,665 INFO [http-nio-8080-exec-4] c.h.c.a.ServiceLogAspect [ServiceLogAspect.java:40] 用户[0:0:0:0:0:0:0:1],在[2022-07-01 19:10:29],访问了[com.he.community.service.DiscussPostService.finDiscussPostRows].
2022-07-01 19:10:29,669 INFO [http-nio-8080-exec-4] c.h.c.a.ServiceLogAspect [ServiceLogAspect.java:40] 用户[0:0:0:0:0:0:0:1],在[2022-07-01 19:10:29],访问了[com.he.community.service.DiscussPostService.findDiscussPosts].
2022-07-01 19:10:29,674 INFO [http-nio-8080-exec-4] c.h.c.a.ServiceLogAspect [ServiceLogAspect.java:40] 用户[0:0:0:0:0:0:0:1],在[2022-07-01 19:10:29],访问了[com.he.community.service.UserService.findUserById].
2022-07-01 19:10:29,675 INFO [http-nio-8080-exec-4] c.h.c.a.ServiceLogAspect [ServiceLogAspect.java:40] 用户[0:0:0:0:0:0:0:1],在[2022-07-01 19:10:29],访问了[com.he.community.service.LikeService.findEntityLikeCount].
2022-07-01 19:10:29,675 INFO [http-nio-8080-exec-4] c.h.c.a.ServiceLogAspect [ServiceLogAspect.java:40] 用户[0:0:0:0:0:0:0:1],在[2022-07-01 19:10:29],访问了[com.he.community.service.UserService.findUserById].
2022-07-01 19:10:29,676 INFO [http-nio-8080-exec-4] c.h.c.a.ServiceLogAspect [ServiceLogAspect.java:40] 用户[0:0:0:0:0:0:0:1],在[2022-07-01 19:10:29],访问了[com.he.community.service.LikeService.findEntityLikeCount].
2022-07-01 19:10:29,676 INFO [http-nio-8080-exec-4] c.h.c.a.ServiceLogAspect [ServiceLogAspect.java:40] 用户[0:0:0:0:0:0:0:1],在[2022-07-01 19:10:29],访问了[com.he.community.service.UserService.findUserById].
2022-07-01 19:10:29,677 INFO [http-nio-8080-exec-4] c.h.c.a.ServiceLogAspect [ServiceLogAspect.java:40] 用户[0:0:0:0:0:0:0:1],在[2022-07-01 19:10:29],访问了[com.he.community.service.LikeService.findEntityLikeCount].
2022-07-01 19:10:29,678 INFO [http-nio-8080-exec-4] c.h.c.a.ServiceLogAspect [ServiceLogAspect.java:40] 用户[0:0:0:0:0:0:0:1],在[2022-07-01 19:10:29],访问了[com.he.community.service.UserService.findUserById].
2022-07-01 19:10:29,678 INFO [http-nio-8080-exec-4] c.h.c.a.ServiceLogAspect [ServiceLogAspect.java:40] 用户[0:0:0:0:0:0:0:1],在[2022-07-01 19:10:29],访问了[com.he.community.service.LikeService.findEntityLikeCount].
2022-07-01 19:10:29,679 INFO [http-nio-8080-exec-4] c.h.c.a.ServiceLogAspect [ServiceLogAspect.java:40] 用户[0:0:0:0:0:0:0:1],在[2022-07-01 19:10:29],访问了[com.he.community.service.UserService.findUserById].
2022-07-01 19:10:29,680 INFO [http-nio-8080-exec-4] c.h.c.a.ServiceLogAspect [ServiceLogAspect.java:40] 用户[0:0:0:0:0:0:0:1],在[2022-07-01 19:10:29],访问了[com.he.community.service.LikeService.findEntityLikeCount].
2022-07-01 19:10:29,680 INFO [http-nio-8080-exec-4] c.h.c.a.ServiceLogAspect [ServiceLogAspect.java:40] 用户[0:0:0:0:0:0:0:1],在[2022-07-01 19:10:29],访问了[com.he.community.service.UserService.findUserById].
2022-07-01 19:10:29,681 INFO [http-nio-8080-exec-4] c.h.c.a.ServiceLogAspect [ServiceLogAspect.java:40] 用户[0:0:0:0:0:0:0:1],在[2022-07-01 19:10:29],访问了[com.he.community.service.LikeService.findEntityLikeCount].
2022-07-01 19:10:29,682 INFO [http-nio-8080-exec-4] c.h.c.a.ServiceLogAspect [ServiceLogAspect.java:40] 用户[0:0:0:0:0:0:0:1],在[2022-07-01 19:10:29],访问了[com.he.community.service.UserService.findUserById].
2022-07-01 19:10:29,682 INFO [http-nio-8080-exec-4] c.h.c.a.ServiceLogAspect [ServiceLogAspect.java:40] 用户[0:0:0:0:0:0:0:1],在[2022-07-01 19:10:29],访问了[com.he.community.service.LikeService.findEntityLikeCount].
2022-07-01 19:10:29,683 INFO [http-nio-8080-exec-4] c.h.c.a.ServiceLogAspect [ServiceLogAspect.java:40] 用户[0:0:0:0:0:0:0:1],在[2022-07-01 19:10:29],访问了[com.he.community.service.UserService.findUserById].
2022-07-01 19:10:29,685 INFO [http-nio-8080-exec-4] c.h.c.a.ServiceLogAspect [ServiceLogAspect.java:40] 用户[0:0:0:0:0:0:0:1],在[2022-07-01 19:10:29],访问了[com.he.community.service.LikeService.findEntityLikeCount].
2022-07-01 19:10:29,685 INFO [http-nio-8080-exec-4] c.h.c.a.ServiceLogAspect [ServiceLogAspect.java:40] 用户[0:0:0:0:0:0:0:1],在[2022-07-01 19:10:29],访问了[com.he.community.service.UserService.findUserById].
2022-07-01 19:10:29,686 INFO [http-nio-8080-exec-4] c.h.c.a.ServiceLogAspect [ServiceLogAspect.java:40] 用户[0:0:0:0:0:0:0:1],在[2022-07-01 19:10:29],访问了[com.he.community.service.LikeService.findEntityLikeCount].
2022-07-01 19:10:29,686 INFO [http-nio-8080-exec-4] c.h.c.a.ServiceLogAspect [ServiceLogAspect.java:40] 用户[0:0:0:0:0:0:0:1],在[2022-07-01 19:10:29],访问了[com.he.community.service.UserService.findUserById].
2022-07-01 19:10:29,687 INFO [http-nio-8080-exec-4] c.h.c.a.ServiceLogAspect [ServiceLogAspect.java:40] 用户[0:0:0:0:0:0:0:1],在[2022-07-01 19:10:29],访问了[com.he.community.service.LikeService.findEntityLikeCount].
2022-07-01 19:10:29,687 INFO [http-nio-8080-exec-4] c.h.c.a.ServiceLogAspect [ServiceLogAspect.java:40] 用户[0:0:0:0:0:0:0:1],在[2022-07-01 19:10:29],访问了[com.he.community.service.MessageService.findLetterUnreadCount].
2022-07-01 19:10:29,689 INFO [http-nio-8080-exec-4] c.h.c.a.ServiceLogAspect [ServiceLogAspect.java:40] 用户[0:0:0:0:0:0:0:1],在[2022-07-01 19:10:29],访问了[com.he.community.service.MessageService.findNoticeUnreadCount].
2022-07-01 19:10:31,641 INFO [http-nio-8080-exec-8] c.h.c.a.ServiceLogAspect [ServiceLogAspect.java:40] 用户[0:0:0:0:0:0:0:1],在[2022-07-01 19:10:31],访问了[com.he.community.service.UserService.findLoginTicket].
2022-07-01 19:10:31,642 INFO [http-nio-8080-exec-8] c.h.c.a.ServiceLogAspect [ServiceLogAspect.java:40] 用户[0:0:0:0:0:0:0:1],在[2022-07-01 19:10:31],访问了[com.he.community.service.UserService.findUserById].
2022-07-01 19:10:31,643 INFO [http-nio-8080-exec-8] c.h.c.a.ServiceLogAspect [ServiceLogAspect.java:40] 用户[0:0:0:0:0:0:0:1],在[2022-07-01 19:10:31],访问了[com.he.community.service.DiscussPostService.finDiscussPostRows].
2022-07-01 19:10:31,645 INFO [http-nio-8080-exec-8] c.h.c.a.ServiceLogAspect [ServiceLogAspect.java:40] 用户[0:0:0:0:0:0:0:1],在[2022-07-01 19:10:31],访问了[com.he.community.service.DiscussPostService.findDiscussPosts].
2022-07-01 19:10:31,649 INFO [http-nio-8080-exec-8] c.h.c.a.ServiceLogAspect [ServiceLogAspect.java:40] 用户[0:0:0:0:0:0:0:1],在[2022-07-01 19:10:31],访问了[com.he.community.service.UserService.findUserById].
2022-07-01 19:10:31,652 INFO [http-nio-8080-exec-8] c.h.c.a.ServiceLogAspect [ServiceLogAspect.java:40] 用户[0:0:0:0:0:0:0:1],在[2022-07-01 19:10:31],访问了[com.he.community.service.LikeService.findEntityLikeCount].
2022-07-01 19:10:31,652 INFO [http-nio-8080-exec-8] c.h.c.a.ServiceLogAspect [ServiceLogAspect.java:40] 用户[0:0:0:0:0:0:0:1],在[2022-07-01 19:10:31],访问了[com.he.community.service.UserService.findUserById].
2022-07-01 19:10:31,655 INFO [http-nio-8080-exec-8] c.h.c.a.ServiceLogAspect [ServiceLogAspect.java:40] 用户[0:0:0:0:0:0:0:1],在[2022-07-01 19:10:31],访问了[com.he.community.service.LikeService.findEntityLikeCount].
2022-07-01 19:10:31,655 INFO [http-nio-8080-exec-8] c.h.c.a.ServiceLogAspect [ServiceLogAspect.java:40] 用户[0:0:0:0:0:0:0:1],在[2022-07-01 19:10:31],访问了[com.he.community.service.UserService.findUserById].
2022-07-01 19:10:31,656 INFO [http-nio-8080-exec-8] c.h.c.a.ServiceLogAspect [ServiceLogAspect.java:40] 用户[0:0:0:0:0:0:0:1],在[2022-07-01 19:10:31],访问了[com.he.community.service.LikeService.findEntityLikeCount].
2022-07-01 19:10:31,656 INFO [http-nio-8080-exec-8] c.h.c.a.ServiceLogAspect [ServiceLogAspect.java:40] 用户[0:0:0:0:0:0:0:1],在[2022-07-01 19:10:31],访问了[com.he.community.service.UserService.findUserById].
2022-07-01 19:10:31,659 INFO [http-nio-8080-exec-8] c.h.c.a.ServiceLogAspect [ServiceLogAspect.java:40] 用户[0:0:0:0:0:0:0:1],在[2022-07-01 19:10:31],访问了[com.he.community.service.LikeService.findEntityLikeCount].
2022-07-01 19:10:31,659 INFO [http-nio-8080-exec-8] c.h.c.a.ServiceLogAspect [ServiceLogAspect.java:40] 用户[0:0:0:0:0:0:0:1],在[2022-07-01 19:10:31],访问了[com.he.community.service.UserService.findUserById].
2022-07-01 19:10:31,660 INFO [http-nio-8080-exec-8] c.h.c.a.ServiceLogAspect [ServiceLogAspect.java:40] 用户[0:0:0:0:0:0:0:1],在[2022-07-01 19:10:31],访问了[com.he.community.service.LikeService.findEntityLikeCount].
2022-07-01 19:10:31,661 INFO [http-nio-8080-exec-8] c.h.c.a.ServiceLogAspect [ServiceLogAspect.java:40] 用户[0:0:0:0:0:0:0:1],在[2022-07-01 19:10:31],访问了[com.he.community.service.UserService.findUserById].
2022-07-01 19:10:31,661 INFO [http-nio-8080-exec-8] c.h.c.a.ServiceLogAspect [ServiceLogAspect.java:40] 用户[0:0:0:0:0:0:0:1],在[2022-07-01 19:10:31],访问了[com.he.community.service.LikeService.findEntityLikeCount].
2022-07-01 19:10:31,662 INFO [http-nio-8080-exec-8] c.h.c.a.ServiceLogAspect [ServiceLogAspect.java:40] 用户[0:0:0:0:0:0:0:1],在[2022-07-01 19:10:31],访问了[com.he.community.service.UserService.findUserById].
2022-07-01 19:10:31,662 INFO [http-nio-8080-exec-8] c.h.c.a.ServiceLogAspect [ServiceLogAspect.java:40] 用户[0:0:0:0:0:0:0:1],在[2022-07-01 19:10:31],访问了[com.he.community.service.LikeService.findEntityLikeCount].
2022-07-01 19:10:31,663 INFO [http-nio-8080-exec-8] c.h.c.a.ServiceLogAspect [ServiceLogAspect.java:40] 用户[0:0:0:0:0:0:0:1],在[2022-07-01 19:10:31],访问了[com.he.community.service.UserService.findUserById].
2022-07-01 19:10:31,663 INFO [http-nio-8080-exec-8] c.h.c.a.ServiceLogAspect [ServiceLogAspect.java:40] 用户[0:0:0:0:0:0:0:1],在[2022-07-01 19:10:31],访问了[com.he.community.service.LikeService.findEntityLikeCount].
2022-07-01 19:10:31,663 INFO [http-nio-8080-exec-8] c.h.c.a.ServiceLogAspect [ServiceLogAspect.java:40] 用户[0:0:0:0:0:0:0:1],在[2022-07-01 19:10:31],访问了[com.he.community.service.UserService.findUserById].
2022-07-01 19:10:31,664 INFO [http-nio-8080-exec-8] c.h.c.a.ServiceLogAspect [ServiceLogAspect.java:40] 用户[0:0:0:0:0:0:0:1],在[2022-07-01 19:10:31],访问了[com.he.community.service.LikeService.findEntityLikeCount].
2022-07-01 19:10:31,664 INFO [http-nio-8080-exec-8] c.h.c.a.ServiceLogAspect [ServiceLogAspect.java:40] 用户[0:0:0:0:0:0:0:1],在[2022-07-01 19:10:31],访问了[com.he.community.service.UserService.findUserById].
2022-07-01 19:10:31,665 INFO [http-nio-8080-exec-8] c.h.c.a.ServiceLogAspect [ServiceLogAspect.java:40] 用户[0:0:0:0:0:0:0:1],在[2022-07-01 19:10:31],访问了[com.he.community.service.LikeService.findEntityLikeCount].
2022-07-01 19:10:31,665 INFO [http-nio-8080-exec-8] c.h.c.a.ServiceLogAspect [ServiceLogAspect.java:40] 用户[0:0:0:0:0:0:0:1],在[2022-07-01 19:10:31],访问了[com.he.community.service.MessageService.findLetterUnreadCount].
2022-07-01 19:10:31,667 INFO [http-nio-8080-exec-8] c.h.c.a.ServiceLogAspect [ServiceLogAspect.java:40] 用户[0:0:0:0:0:0:0:1],在[2022-07-01 19:10:31],访问了[com.he.community.service.MessageService.findNoticeUnreadCount].
2022-07-01 19:10:32,698 INFO [http-nio-8080-exec-4] c.h.c.a.ServiceLogAspect [ServiceLogAspect.java:40] 用户[0:0:0:0:0:0:0:1],在[2022-07-01 19:10:32],访问了[com.he.community.service.UserService.findLoginTicket].
2022-07-01 19:10:32,699 INFO [http-nio-8080-exec-4] c.h.c.a.ServiceLogAspect [ServiceLogAspect.java:40] 用户[0:0:0:0:0:0:0:1],在[2022-07-01 19:10:32],访问了[com.he.community.service.UserService.findUserById].
2022-07-01 19:10:32,699 INFO [http-nio-8080-exec-4] c.h.c.a.ServiceLogAspect [ServiceLogAspect.java:40] 用户[0:0:0:0:0:0:0:1],在[2022-07-01 19:10:32],访问了[com.he.community.service.DiscussPostService.finDiscussPostRows].
2022-07-01 19:10:32,701 INFO [http-nio-8080-exec-4] c.h.c.a.ServiceLogAspect [ServiceLogAspect.java:40] 用户[0:0:0:0:0:0:0:1],在[2022-07-01 19:10:32],访问了[com.he.community.service.DiscussPostService.findDiscussPosts].
2022-07-01 19:10:32,705 INFO [http-nio-8080-exec-4] c.h.c.a.ServiceLogAspect [ServiceLogAspect.java:40] 用户[0:0:0:0:0:0:0:1],在[2022-07-01 19:10:32],访问了[com.he.community.service.UserService.findUserById].
2022-07-01 19:10:32,706 INFO [http-nio-8080-exec-4] c.h.c.a.ServiceLogAspect [ServiceLogAspect.java:40] 用户[0:0:0:0:0:0:0:1],在[2022-07-01 19:10:32],访问了[com.he.community.service.LikeService.findEntityLikeCount].
2022-07-01 19:10:32,706 INFO [http-nio-8080-exec-4] c.h.c.a.ServiceLogAspect [ServiceLogAspect.java:40] 用户[0:0:0:0:0:0:0:1],在[2022-07-01 19:10:32],访问了[com.he.community.service.UserService.findUserById].
2022-07-01 19:10:32,707 INFO [http-nio-8080-exec-4] c.h.c.a.ServiceLogAspect [ServiceLogAspect.java:40] 用户[0:0:0:0:0:0:0:1],在[2022-07-01 19:10:32],访问了[com.he.community.service.LikeService.findEntityLikeCount].
2022-07-01 19:10:32,707 INFO [http-nio-8080-exec-4] c.h.c.a.ServiceLogAspect [ServiceLogAspect.java:40] 用户[0:0:0:0:0:0:0:1],在[2022-07-01 19:10:32],访问了[com.he.community.service.UserService.findUserById].
2022-07-01 19:10:32,707 INFO [http-nio-8080-exec-4] c.h.c.a.ServiceLogAspect [ServiceLogAspect.java:40] 用户[0:0:0:0:0:0:0:1],在[2022-07-01 19:10:32],访问了[com.he.community.service.LikeService.findEntityLikeCount].
2022-07-01 19:10:32,708 INFO [http-nio-8080-exec-4] c.h.c.a.ServiceLogAspect [ServiceLogAspect.java:40] 用户[0:0:0:0:0:0:0:1],在[2022-07-01 19:10:32],访问了[com.he.community.service.UserService.findUserById].
2022-07-01 19:10:32,708 INFO [http-nio-8080-exec-4] c.h.c.a.ServiceLogAspect [ServiceLogAspect.java:40] 用户[0:0:0:0:0:0:0:1],在[2022-07-01 19:10:32],访问了[com.he.community.service.LikeService.findEntityLikeCount].
2022-07-01 19:10:32,709 INFO [http-nio-8080-exec-4] c.h.c.a.ServiceLogAspect [ServiceLogAspect.java:40] 用户[0:0:0:0:0:0:0:1],在[2022-07-01 19:10:32],访问了[com.he.community.service.UserService.findUserById].
2022-07-01 19:10:32,709 INFO [http-nio-8080-exec-4] c.h.c.a.ServiceLogAspect [ServiceLogAspect.java:40] 用户[0:0:0:0:0:0:0:1],在[2022-07-01 19:10:32],访问了[com.he.community.service.LikeService.findEntityLikeCount].
2022-07-01 19:10:32,710 INFO [http-nio-8080-exec-4] c.h.c.a.ServiceLogAspect [ServiceLogAspect.java:40] 用户[0:0:0:0:0:0:0:1],在[2022-07-01 19:10:32],访问了[com.he.community.service.UserService.findUserById].
2022-07-01 19:10:32,711 INFO [http-nio-8080-exec-4] c.h.c.a.ServiceLogAspect [ServiceLogAspect.java:40] 用户[0:0:0:0:0:0:0:1],在[2022-07-01 19:10:32],访问了[com.he.community.service.LikeService.findEntityLikeCount].
2022-07-01 19:10:32,712 INFO [http-nio-8080-exec-4] c.h.c.a.ServiceLogAspect [ServiceLogAspect.java:40] 用户[0:0:0:0:0:0:0:1],在[2022-07-01 19:10:32],访问了[com.he.community.service.UserService.findUserById].
2022-07-01 19:10:32,713 INFO [http-nio-8080-exec-4] c.h.c.a.ServiceLogAspect [ServiceLogAspect.java:40] 用户[0:0:0:0:0:0:0:1],在[2022-07-01 19:10:32],访问了[com.he.community.service.LikeService.findEntityLikeCount].
2022-07-01 19:10:32,713 INFO [http-nio-8080-exec-4] c.h.c.a.ServiceLogAspect [ServiceLogAspect.java:40] 用户[0:0:0:0:0:0:0:1],在[2022-07-01 19:10:32],访问了[com.he.community.service.UserService.findUserById].
2022-07-01 19:10:32,715 INFO [http-nio-8080-exec-4] c.h.c.a.ServiceLogAspect [ServiceLogAspect.java:40] 用户[0:0:0:0:0:0:0:1],在[2022-07-01 19:10:32],访问了[com.he.community.service.LikeService.findEntityLikeCount].
2022-07-01 19:10:32,716 INFO [http-nio-8080-exec-4] c.h.c.a.ServiceLogAspect [ServiceLogAspect.java:40] 用户[0:0:0:0:0:0:0:1],在[2022-07-01 19:10:32],访问了[com.he.community.service.UserService.findUserById].
2022-07-01 19:10:32,716 INFO [http-nio-8080-exec-4] c.h.c.a.ServiceLogAspect [ServiceLogAspect.java:40] 用户[0:0:0:0:0:0:0:1],在[2022-07-01 19:10:32],访问了[com.he.community.service.LikeService.findEntityLikeCount].
2022-07-01 19:10:32,717 INFO [http-nio-8080-exec-4] c.h.c.a.ServiceLogAspect [ServiceLogAspect.java:40] 用户[0:0:0:0:0:0:0:1],在[2022-07-01 19:10:32],访问了[com.he.community.service.UserService.findUserById].
2022-07-01 19:10:32,718 INFO [http-nio-8080-exec-4] c.h.c.a.ServiceLogAspect [ServiceLogAspect.java:40] 用户[0:0:0:0:0:0:0:1],在[2022-07-01 19:10:32],访问了[com.he.community.service.LikeService.findEntityLikeCount].
2022-07-01 19:10:32,719 INFO [http-nio-8080-exec-4] c.h.c.a.ServiceLogAspect [ServiceLogAspect.java:40] 用户[0:0:0:0:0:0:0:1],在[2022-07-01 19:10:32],访问了[com.he.community.service.MessageService.findLetterUnreadCount].
2022-07-01 19:10:32,720 INFO [http-nio-8080-exec-4] c.h.c.a.ServiceLogAspect [ServiceLogAspect.java:40] 用户[0:0:0:0:0:0:0:1],在[2022-07-01 19:10:32],访问了[com.he.community.service.MessageService.findNoticeUnreadCount].
2022-07-01 19:10:33,911 INFO [http-nio-8080-exec-8] c.h.c.a.ServiceLogAspect [ServiceLogAspect.java:40] 用户[0:0:0:0:0:0:0:1],在[2022-07-01 19:10:33],访问了[com.he.community.service.UserService.findLoginTicket].
2022-07-01 19:10:33,912 INFO [http-nio-8080-exec-8] c.h.c.a.ServiceLogAspect [ServiceLogAspect.java:40] 用户[0:0:0:0:0:0:0:1],在[2022-07-01 19:10:33],访问了[com.he.community.service.UserService.findUserById].
2022-07-01 19:10:33,913 INFO [http-nio-8080-exec-8] c.h.c.a.ServiceLogAspect [ServiceLogAspect.java:40] 用户[0:0:0:0:0:0:0:1],在[2022-07-01 19:10:33],访问了[com.he.community.service.DiscussPostService.finDiscussPostRows].
2022-07-01 19:10:33,915 INFO [http-nio-8080-exec-8] c.h.c.a.ServiceLogAspect [ServiceLogAspect.java:40] 用户[0:0:0:0:0:0:0:1],在[2022-07-01 19:10:33],访问了[com.he.community.service.DiscussPostService.findDiscussPosts].
2022-07-01 19:10:33,918 INFO [http-nio-8080-exec-8] c.h.c.a.ServiceLogAspect [ServiceLogAspect.java:40] 用户[0:0:0:0:0:0:0:1],在[2022-07-01 19:10:33],访问了[com.he.community.service.UserService.findUserById].
2022-07-01 19:10:33,921 INFO [http-nio-8080-exec-8] c.h.c.a.ServiceLogAspect [ServiceLogAspect.java:40] 用户[0:0:0:0:0:0:0:1],在[2022-07-01 19:10:33],访问了[com.he.community.service.LikeService.findEntityLikeCount].
2022-07-01 19:10:33,922 INFO [http-nio-8080-exec-8] c.h.c.a.ServiceLogAspect [ServiceLogAspect.java:40] 用户[0:0:0:0:0:0:0:1],在[2022-07-01 19:10:33],访问了[com.he.community.service.UserService.findUserById].
2022-07-01 19:10:33,922 INFO [http-nio-8080-exec-8] c.h.c.a.ServiceLogAspect [ServiceLogAspect.java:40] 用户[0:0:0:0:0:0:0:1],在[2022-07-01 19:10:33],访问了[com.he.community.service.LikeService.findEntityLikeCount].
2022-07-01 19:10:33,923 INFO [http-nio-8080-exec-8] c.h.c.a.ServiceLogAspect [ServiceLogAspect.java:40] 用户[0:0:0:0:0:0:0:1],在[2022-07-01 19:10:33],访问了[com.he.community.service.UserService.findUserById].
2022-07-01 19:10:33,924 INFO [http-nio-8080-exec-8] c.h.c.a.ServiceLogAspect [ServiceLogAspect.java:40] 用户[0:0:0:0:0:0:0:1],在[2022-07-01 19:10:33],访问了[com.he.community.service.LikeService.findEntityLikeCount].
2022-07-01 19:10:33,924 INFO [http-nio-8080-exec-8] c.h.c.a.ServiceLogAspect [ServiceLogAspect.java:40] 用户[0:0:0:0:0:0:0:1],在[2022-07-01 19:10:33],访问了[com.he.community.service.UserService.findUserById].
2022-07-01 19:10:33,925 INFO [http-nio-8080-exec-8] c.h.c.a.ServiceLogAspect [ServiceLogAspect.java:40] 用户[0:0:0:0:0:0:0:1],在[2022-07-01 19:10:33],访问了[com.he.community.service.LikeService.findEntityLikeCount].
2022-07-01 19:10:33,925 INFO [http-nio-8080-exec-8] c.h.c.a.ServiceLogAspect [ServiceLogAspect.java:40] 用户[0:0:0:0:0:0:0:1],在[2022-07-01 19:10:33],访问了[com.he.community.service.UserService.findUserById].
2022-07-01 19:10:33,926 INFO [http-nio-8080-exec-8] c.h.c.a.ServiceLogAspect [ServiceLogAspect.java:40] 用户[0:0:0:0:0:0:0:1],在[2022-07-01 19:10:33],访问了[com.he.community.service.LikeService.findEntityLikeCount].
2022-07-01 19:10:33,926 INFO [http-nio-8080-exec-8] c.h.c.a.ServiceLogAspect [ServiceLogAspect.java:40] 用户[0:0:0:0:0:0:0:1],在[2022-07-01 19:10:33],访问了[com.he.community.service.UserService.findUserById].
2022-07-01 19:10:33,927 INFO [http-nio-8080-exec-8] c.h.c.a.ServiceLogAspect [ServiceLogAspect.java:40] 用户[0:0:0:0:0:0:0:1],在[2022-07-01 19:10:33],访问了[com.he.community.service.LikeService.findEntityLikeCount].
2022-07-01 19:10:33,927 INFO [http-nio-8080-exec-8] c.h.c.a.ServiceLogAspect [ServiceLogAspect.java:40] 用户[0:0:0:0:0:0:0:1],在[2022-07-01 19:10:33],访问了[com.he.community.service.UserService.findUserById].
2022-07-01 19:10:33,928 INFO [http-nio-8080-exec-8] c.h.c.a.ServiceLogAspect [ServiceLogAspect.java:40] 用户[0:0:0:0:0:0:0:1],在[2022-07-01 19:10:33],访问了[com.he.community.service.LikeService.findEntityLikeCount].
2022-07-01 19:10:33,928 INFO [http-nio-8080-exec-8] c.h.c.a.ServiceLogAspect [ServiceLogAspect.java:40] 用户[0:0:0:0:0:0:0:1],在[2022-07-01 19:10:33],访问了[com.he.community.service.UserService.findUserById].
2022-07-01 19:10:33,928 INFO [http-nio-8080-exec-8] c.h.c.a.ServiceLogAspect [ServiceLogAspect.java:40] 用户[0:0:0:0:0:0:0:1],在[2022-07-01 19:10:33],访问了[com.he.community.service.LikeService.findEntityLikeCount].
2022-07-01 19:10:33,929 INFO [http-nio-8080-exec-8] c.h.c.a.ServiceLogAspect [ServiceLogAspect.java:40] 用户[0:0:0:0:0:0:0:1],在[2022-07-01 19:10:33],访问了[com.he.community.service.UserService.findUserById].
2022-07-01 19:10:33,929 INFO [http-nio-8080-exec-8] c.h.c.a.ServiceLogAspect [ServiceLogAspect.java:40] 用户[0:0:0:0:0:0:0:1],在[2022-07-01 19:10:33],访问了[com.he.community.service.LikeService.findEntityLikeCount].
2022-07-01 19:10:33,929 INFO [http-nio-8080-exec-8] c.h.c.a.ServiceLogAspect [ServiceLogAspect.java:40] 用户[0:0:0:0:0:0:0:1],在[2022-07-01 19:10:33],访问了[com.he.community.service.UserService.findUserById].
2022-07-01 19:10:33,930 INFO [http-nio-8080-exec-8] c.h.c.a.ServiceLogAspect [ServiceLogAspect.java:40] 用户[0:0:0:0:0:0:0:1],在[2022-07-01 19:10:33],访问了[com.he.community.service.LikeService.findEntityLikeCount].
2022-07-01 19:10:33,930 INFO [http-nio-8080-exec-8] c.h.c.a.ServiceLogAspect [ServiceLogAspect.java:40] 用户[0:0:0:0:0:0:0:1],在[2022-07-01 19:10:33],访问了[com.he.community.service.MessageService.findLetterUnreadCount].
2022-07-01 19:10:33,932 INFO [http-nio-8080-exec-8] c.h.c.a.ServiceLogAspect [ServiceLogAspect.java:40] 用户[0:0:0:0:0:0:0:1],在[2022-07-01 19:10:33],访问了[com.he.community.service.MessageService.findNoticeUnreadCount].
2022-07-01 19:10:35,971 INFO [http-nio-8080-exec-4] c.h.c.a.ServiceLogAspect [ServiceLogAspect.java:40] 用户[0:0:0:0:0:0:0:1],在[2022-07-01 19:10:35],访问了[com.he.community.service.UserService.findLoginTicket].
2022-07-01 19:10:35,972 INFO [http-nio-8080-exec-4] c.h.c.a.ServiceLogAspect [ServiceLogAspect.java:40] 用户[0:0:0:0:0:0:0:1],在[2022-07-01 19:10:35],访问了[com.he.community.service.UserService.findUserById].
2022-07-01 19:10:35,973 INFO [http-nio-8080-exec-4] c.h.c.a.ServiceLogAspect [ServiceLogAspect.java:40] 用户[0:0:0:0:0:0:0:1],在[2022-07-01 19:10:35],访问了[com.he.community.service.UserService.findUserById].
2022-07-01 19:10:35,974 INFO [http-nio-8080-exec-4] c.h.c.a.ServiceLogAspect [ServiceLogAspect.java:40] 用户[0:0:0:0:0:0:0:1],在[2022-07-01 19:10:35],访问了[com.he.community.service.FollowService.findFollowerCount].
2022-07-01 19:10:35,980 INFO [http-nio-8080-exec-4] c.h.c.a.ServiceLogAspect [ServiceLogAspect.java:40] 用户[0:0:0:0:0:0:0:1],在[2022-07-01 19:10:35],访问了[com.he.community.service.FollowService.findFolloweeCount].
2022-07-01 19:10:35,981 INFO [http-nio-8080-exec-4] c.h.c.a.ServiceLogAspect [ServiceLogAspect.java:40] 用户[0:0:0:0:0:0:0:1],在[2022-07-01 19:10:35],访问了[com.he.community.service.FollowService.hasFollowed].
2022-07-01 19:10:35,983 INFO [http-nio-8080-exec-4] c.h.c.a.ServiceLogAspect [ServiceLogAspect.java:40] 用户[0:0:0:0:0:0:0:1],在[2022-07-01 19:10:35],访问了[com.he.community.service.LikeService.findUserLikedCount].
2022-07-01 19:10:35,984 INFO [http-nio-8080-exec-4] c.h.c.a.ServiceLogAspect [ServiceLogAspect.java:40] 用户[0:0:0:0:0:0:0:1],在[2022-07-01 19:10:35],访问了[com.he.community.service.MessageService.findLetterUnreadCount].
2022-07-01 19:10:35,986 INFO [http-nio-8080-exec-4] c.h.c.a.ServiceLogAspect [ServiceLogAspect.java:40] 用户[0:0:0:0:0:0:0:1],在[2022-07-01 19:10:35],访问了[com.he.community.service.MessageService.findNoticeUnreadCount].
2022-07-01 19:10:40,452 INFO [http-nio-8080-exec-8] c.h.c.a.ServiceLogAspect [ServiceLogAspect.java:40] 用户[0:0:0:0:0:0:0:1],在[2022-07-01 19:10:40],访问了[com.he.community.service.UserService.findLoginTicket].
2022-07-01 19:10:40,453 INFO [http-nio-8080-exec-8] c.h.c.a.ServiceLogAspect [ServiceLogAspect.java:40] 用户[0:0:0:0:0:0:0:1],在[2022-07-01 19:10:40],访问了[com.he.community.service.UserService.findUserById].
2022-07-01 19:10:40,458 INFO [http-nio-8080-exec-8] c.h.c.a.ServiceLogAspect [ServiceLogAspect.java:40] 用户[0:0:0:0:0:0:0:1],在[2022-07-01 19:10:40],访问了[com.he.community.service.UserService.findLoginTicket].
2022-07-01 19:10:40,459 INFO [http-nio-8080-exec-8] c.h.c.a.ServiceLogAspect [ServiceLogAspect.java:40] 用户[0:0:0:0:0:0:0:1],在[2022-07-01 19:10:40],访问了[com.he.community.service.UserService.findUserById].
2022-07-01 19:10:40,465 INFO [http-nio-8080-exec-8] c.h.c.a.ServiceLogAspect [ServiceLogAspect.java:40] 用户[0:0:0:0:0:0:0:1],在[2022-07-01 19:10:40],访问了[com.he.community.service.MessageService.findLetterUnreadCount].
2022-07-01 19:10:40,467 INFO [http-nio-8080-exec-8] c.h.c.a.ServiceLogAspect [ServiceLogAspect.java:40] 用户[0:0:0:0:0:0:0:1],在[2022-07-01 19:10:40],访问了[com.he.community.service.MessageService.findNoticeUnreadCount].
2022-07-01 19:10:41,674 INFO [http-nio-8080-exec-4] c.h.c.a.ServiceLogAspect [ServiceLogAspect.java:40] 用户[0:0:0:0:0:0:0:1],在[2022-07-01 19:10:41],访问了[com.he.community.service.UserService.findLoginTicket].
2022-07-01 19:10:41,676 INFO [http-nio-8080-exec-4] c.h.c.a.ServiceLogAspect [ServiceLogAspect.java:40] 用户[0:0:0:0:0:0:0:1],在[2022-07-01 19:10:41],访问了[com.he.community.service.UserService.findUserById].
2022-07-01 19:10:41,677 INFO [http-nio-8080-exec-4] c.h.c.a.ServiceLogAspect [ServiceLogAspect.java:40] 用户[0:0:0:0:0:0:0:1],在[2022-07-01 19:10:41],访问了[com.he.community.service.MessageService.findConversationCount].
2022-07-01 19:10:41,679 INFO [http-nio-8080-exec-4] c.h.c.a.ServiceLogAspect [ServiceLogAspect.java:40] 用户[0:0:0:0:0:0:0:1],在[2022-07-01 19:10:41],访问了[com.he.community.service.MessageService.findConversations].
2022-07-01 19:10:41,682 INFO [http-nio-8080-exec-4] c.h.c.a.ServiceLogAspect [ServiceLogAspect.java:40] 用户[0:0:0:0:0:0:0:1],在[2022-07-01 19:10:41],访问了[com.he.community.service.MessageService.findLetterUnreadCount].
2022-07-01 19:10:41,685 INFO [http-nio-8080-exec-4] c.h.c.a.ServiceLogAspect [ServiceLogAspect.java:40] 用户[0:0:0:0:0:0:0:1],在[2022-07-01 19:10:41],访问了[com.he.community.service.MessageService.findLetterCount].
2022-07-01 19:10:41,687 INFO [http-nio-8080-exec-4] c.h.c.a.ServiceLogAspect [ServiceLogAspect.java:40] 用户[0:0:0:0:0:0:0:1],在[2022-07-01 19:10:41],访问了[com.he.community.service.UserService.findUserById].
2022-07-01 19:10:41,687 INFO [http-nio-8080-exec-4] c.h.c.a.ServiceLogAspect [ServiceLogAspect.java:40] 用户[0:0:0:0:0:0:0:1],在[2022-07-01 19:10:41],访问了[com.he.community.service.MessageService.findLetterUnreadCount].
2022-07-01 19:10:41,689 INFO [http-nio-8080-exec-4] c.h.c.a.ServiceLogAspect [ServiceLogAspect.java:40] 用户[0:0:0:0:0:0:0:1],在[2022-07-01 19:10:41],访问了[com.he.community.service.MessageService.findLetterCount].
2022-07-01 19:10:41,690 INFO [http-nio-8080-exec-4] c.h.c.a.ServiceLogAspect [ServiceLogAspect.java:40] 用户[0:0:0:0:0:0:0:1],在[2022-07-01 19:10:41],访问了[com.he.community.service.UserService.findUserById].
2022-07-01 19:10:41,690 INFO [http-nio-8080-exec-4] c.h.c.a.ServiceLogAspect [ServiceLogAspect.java:40] 用户[0:0:0:0:0:0:0:1],在[2022-07-01 19:10:41],访问了[com.he.community.service.MessageService.findLetterUnreadCount].
2022-07-01 19:10:41,691 INFO [http-nio-8080-exec-4] c.h.c.a.ServiceLogAspect [ServiceLogAspect.java:40] 用户[0:0:0:0:0:0:0:1],在[2022-07-01 19:10:41],访问了[com.he.community.service.MessageService.findNoticeUnreadCount].
2022-07-01 19:10:41,693 INFO [http-nio-8080-exec-4] c.h.c.a.ServiceLogAspect [ServiceLogAspect.java:40] 用户[0:0:0:0:0:0:0:1],在[2022-07-01 19:10:41],访问了[com.he.community.service.MessageService.findLetterUnreadCount].
2022-07-01 19:10:41,694 INFO [http-nio-8080-exec-4] c.h.c.a.ServiceLogAspect [ServiceLogAspect.java:40] 用户[0:0:0:0:0:0:0:1],在[2022-07-01 19:10:41],访问了[com.he.community.service.MessageService.findNoticeUnreadCount].
2022-07-01 19:10:43,160 INFO [http-nio-8080-exec-2] c.h.c.a.ServiceLogAspect [ServiceLogAspect.java:40] 用户[0:0:0:0:0:0:0:1],在[2022-07-01 19:10:43],访问了[com.he.community.service.UserService.findLoginTicket].
2022-07-01 19:10:43,160 INFO [http-nio-8080-exec-2] c.h.c.a.ServiceLogAspect [ServiceLogAspect.java:40] 用户[0:0:0:0:0:0:0:1],在[2022-07-01 19:10:43],访问了[com.he.community.service.UserService.findUserById].
2022-07-01 19:10:43,161 INFO [http-nio-8080-exec-2] c.h.c.a.ServiceLogAspect [ServiceLogAspect.java:40] 用户[0:0:0:0:0:0:0:1],在[2022-07-01 19:10:43],访问了[com.he.community.service.MessageService.findLetterUnreadCount].
2022-07-01 19:10:43,164 INFO [http-nio-8080-exec-2] c.h.c.a.ServiceLogAspect [ServiceLogAspect.java:40] 用户[0:0:0:0:0:0:0:1],在[2022-07-01 19:10:43],访问了[com.he.community.service.MessageService.findNoticeUnreadCount].
2022-07-01 19:10:45,596 INFO [http-nio-8080-exec-7] c.h.c.a.ServiceLogAspect [ServiceLogAspect.java:40] 用户[0:0:0:0:0:0:0:1],在[2022-07-01 19:10:45],访问了[com.he.community.service.UserService.findLoginTicket].
2022-07-01 19:10:45,597 INFO [http-nio-8080-exec-7] c.h.c.a.ServiceLogAspect [ServiceLogAspect.java:40] 用户[0:0:0:0:0:0:0:1],在[2022-07-01 19:10:45],访问了[com.he.community.service.UserService.findUserById].
2022-07-01 19:10:45,598 INFO [http-nio-8080-exec-7] c.h.c.a.ServiceLogAspect [ServiceLogAspect.java:40] 用户[0:0:0:0:0:0:0:1],在[2022-07-01 19:10:45],访问了[com.he.community.service.UserService.findUserById].
2022-07-01 19:10:45,599 INFO [http-nio-8080-exec-7] c.h.c.a.ServiceLogAspect [ServiceLogAspect.java:40] 用户[0:0:0:0:0:0:0:1],在[2022-07-01 19:10:45],访问了[com.he.community.service.FollowService.findFollowerCount].
2022-07-01 19:10:45,599 INFO [http-nio-8080-exec-7] c.h.c.a.ServiceLogAspect [ServiceLogAspect.java:40] 用户[0:0:0:0:0:0:0:1],在[2022-07-01 19:10:45],访问了[com.he.community.service.FollowService.findFolloweeCount].
2022-07-01 19:10:45,599 INFO [http-nio-8080-exec-7] c.h.c.a.ServiceLogAspect [ServiceLogAspect.java:40] 用户[0:0:0:0:0:0:0:1],在[2022-07-01 19:10:45],访问了[com.he.community.service.FollowService.hasFollowed].
2022-07-01 19:10:45,600 INFO [http-nio-8080-exec-7] c.h.c.a.ServiceLogAspect [ServiceLogAspect.java:40] 用户[0:0:0:0:0:0:0:1],在[2022-07-01 19:10:45],访问了[com.he.community.service.LikeService.findUserLikedCount].
2022-07-01 19:10:45,600 INFO [http-nio-8080-exec-7] c.h.c.a.ServiceLogAspect [ServiceLogAspect.java:40] 用户[0:0:0:0:0:0:0:1],在[2022-07-01 19:10:45],访问了[com.he.community.service.MessageService.findLetterUnreadCount].
2022-07-01 19:10:45,603 INFO [http-nio-8080-exec-7] c.h.c.a.ServiceLogAspect [ServiceLogAspect.java:40] 用户[0:0:0:0:0:0:0:1],在[2022-07-01 19:10:45],访问了[com.he.community.service.MessageService.findNoticeUnreadCount].
2022-07-01 19:10:46,007 INFO [http-nio-8080-exec-1] c.h.c.a.ServiceLogAspect [ServiceLogAspect.java:40] 用户[0:0:0:0:0:0:0:1],在[2022-07-01 19:10:46],访问了[com.he.community.service.UserService.findLoginTicket].
2022-07-01 19:10:46,008 INFO [http-nio-8080-exec-1] c.h.c.a.ServiceLogAspect [ServiceLogAspect.java:40] 用户[0:0:0:0:0:0:0:1],在[2022-07-01 19:10:46],访问了[com.he.community.service.UserService.findUserById].
2022-07-01 19:10:46,008 INFO [http-nio-8080-exec-1] c.h.c.a.ServiceLogAspect [ServiceLogAspect.java:40] 用户[0:0:0:0:0:0:0:1],在[2022-07-01 19:10:46],访问了[com.he.community.service.DiscussPostService.finDiscussPostRows].
2022-07-01 19:10:46,011 INFO [http-nio-8080-exec-1] c.h.c.a.ServiceLogAspect [ServiceLogAspect.java:40] 用户[0:0:0:0:0:0:0:1],在[2022-07-01 19:10:46],访问了[com.he.community.service.DiscussPostService.findDiscussPosts].
2022-07-01 19:10:46,014 INFO [http-nio-8080-exec-1] c.h.c.a.ServiceLogAspect [ServiceLogAspect.java:40] 用户[0:0:0:0:0:0:0:1],在[2022-07-01 19:10:46],访问了[com.he.community.service.UserService.findUserById].
2022-07-01 19:10:46,014 INFO [http-nio-8080-exec-1] c.h.c.a.ServiceLogAspect [ServiceLogAspect.java:40] 用户[0:0:0:0:0:0:0:1],在[2022-07-01 19:10:46],访问了[com.he.community.service.LikeService.findEntityLikeCount].
2022-07-01 19:10:46,015 INFO [http-nio-8080-exec-1] c.h.c.a.ServiceLogAspect [ServiceLogAspect.java:40] 用户[0:0:0:0:0:0:0:1],在[2022-07-01 19:10:46],访问了[com.he.community.service.UserService.findUserById].
2022-07-01 19:10:46,015 INFO [http-nio-8080-exec-1] c.h.c.a.ServiceLogAspect [ServiceLogAspect.java:40] 用户[0:0:0:0:0:0:0:1],在[2022-07-01 19:10:46],访问了[com.he.community.service.LikeService.findEntityLikeCount].
2022-07-01 19:10:46,015 INFO [http-nio-8080-exec-1] c.h.c.a.ServiceLogAspect [ServiceLogAspect.java:40] 用户[0:0:0:0:0:0:0:1],在[2022-07-01 19:10:46],访问了[com.he.community.service.UserService.findUserById].
2022-07-01 19:10:46,016 INFO [http-nio-8080-exec-1] c.h.c.a.ServiceLogAspect [ServiceLogAspect.java:40] 用户[0:0:0:0:0:0:0:1],在[2022-07-01 19:10:46],访问了[com.he.community.service.LikeService.findEntityLikeCount].
2022-07-01 19:10:46,017 INFO [http-nio-8080-exec-1] c.h.c.a.ServiceLogAspect [ServiceLogAspect.java:40] 用户[0:0:0:0:0:0:0:1],在[2022-07-01 19:10:46],访问了[com.he.community.service.UserService.findUserById].
2022-07-01 19:10:46,018 INFO [http-nio-8080-exec-1] c.h.c.a.ServiceLogAspect [ServiceLogAspect.java:40] 用户[0:0:0:0:0:0:0:1],在[2022-07-01 19:10:46],访问了[com.he.community.service.LikeService.findEntityLikeCount].
2022-07-01 19:10:46,018 INFO [http-nio-8080-exec-1] c.h.c.a.ServiceLogAspect [ServiceLogAspect.java:40] 用户[0:0:0:0:0:0:0:1],在[2022-07-01 19:10:46],访问了[com.he.community.service.UserService.findUserById].
2022-07-01 19:10:46,019 INFO [http-nio-8080-exec-1] c.h.c.a.ServiceLogAspect [ServiceLogAspect.java:40] 用户[0:0:0:0:0:0:0:1],在[2022-07-01 19:10:46],访问了[com.he.community.service.LikeService.findEntityLikeCount].
2022-07-01 19:10:46,019 INFO [http-nio-8080-exec-1] c.h.c.a.ServiceLogAspect [ServiceLogAspect.java:40] 用户[0:0:0:0:0:0:0:1],在[2022-07-01 19:10:46],访问了[com.he.community.service.UserService.findUserById].
2022-07-01 19:10:46,019 INFO [http-nio-8080-exec-1] c.h.c.a.ServiceLogAspect [ServiceLogAspect.java:40] 用户[0:0:0:0:0:0:0:1],在[2022-07-01 19:10:46],访问了[com.he.community.service.LikeService.findEntityLikeCount].
2022-07-01 19:10:46,020 INFO [http-nio-8080-exec-1] c.h.c.a.ServiceLogAspect [ServiceLogAspect.java:40] 用户[0:0:0:0:0:0:0:1],在[2022-07-01 19:10:46],访问了[com.he.community.service.UserService.findUserById].
2022-07-01 19:10:46,020 INFO [http-nio-8080-exec-1] c.h.c.a.ServiceLogAspect [ServiceLogAspect.java:40] 用户[0:0:0:0:0:0:0:1],在[2022-07-01 19:10:46],访问了[com.he.community.service.LikeService.findEntityLikeCount].
2022-07-01 19:10:46,020 INFO [http-nio-8080-exec-1] c.h.c.a.ServiceLogAspect [ServiceLogAspect.java:40] 用户[0:0:0:0:0:0:0:1],在[2022-07-01 19:10:46],访问了[com.he.community.service.UserService.findUserById].
2022-07-01 19:10:46,021 INFO [http-nio-8080-exec-1] c.h.c.a.ServiceLogAspect [ServiceLogAspect.java:40] 用户[0:0:0:0:0:0:0:1],在[2022-07-01 19:10:46],访问了[com.he.community.service.LikeService.findEntityLikeCount].
2022-07-01 19:10:46,021 INFO [http-nio-8080-exec-1] c.h.c.a.ServiceLogAspect [ServiceLogAspect.java:40] 用户[0:0:0:0:0:0:0:1],在[2022-07-01 19:10:46],访问了[com.he.community.service.UserService.findUserById].
2022-07-01 19:10:46,021 INFO [http-nio-8080-exec-1] c.h.c.a.ServiceLogAspect [ServiceLogAspect.java:40] 用户[0:0:0:0:0:0:0:1],在[2022-07-01 19:10:46],访问了[com.he.community.service.LikeService.findEntityLikeCount].
2022-07-01 19:10:46,022 INFO [http-nio-8080-exec-1] c.h.c.a.ServiceLogAspect [ServiceLogAspect.java:40] 用户[0:0:0:0:0:0:0:1],在[2022-07-01 19:10:46],访问了[com.he.community.service.UserService.findUserById].
2022-07-01 19:10:46,022 INFO [http-nio-8080-exec-1] c.h.c.a.ServiceLogAspect [ServiceLogAspect.java:40] 用户[0:0:0:0:0:0:0:1],在[2022-07-01 19:10:46],访问了[com.he.community.service.LikeService.findEntityLikeCount].
2022-07-01 19:10:46,022 INFO [http-nio-8080-exec-1] c.h.c.a.ServiceLogAspect [ServiceLogAspect.java:40] 用户[0:0:0:0:0:0:0:1],在[2022-07-01 19:10:46],访问了[com.he.community.service.MessageService.findLetterUnreadCount].
2022-07-01 19:10:46,024 INFO [http-nio-8080-exec-1] c.h.c.a.ServiceLogAspect [ServiceLogAspect.java:40] 用户[0:0:0:0:0:0:0:1],在[2022-07-01 19:10:46],访问了[com.he.community.service.MessageService.findNoticeUnreadCount].
2022-07-01 19:10:54,605 INFO [http-nio-8080-exec-7] c.h.c.a.ServiceLogAspect [ServiceLogAspect.java:40] 用户[0:0:0:0:0:0:0:1],在[2022-07-01 19:10:54],访问了[com.he.community.service.UserService.findLoginTicket].
2022-07-01 19:10:54,606 INFO [http-nio-8080-exec-7] c.h.c.a.ServiceLogAspect [ServiceLogAspect.java:40] 用户[0:0:0:0:0:0:0:1],在[2022-07-01 19:10:54],访问了[com.he.community.service.UserService.findUserById].
2022-07-01 19:10:54,607 INFO [http-nio-8080-exec-7] c.h.c.a.ServiceLogAspect [ServiceLogAspect.java:40] 用户[0:0:0:0:0:0:0:1],在[2022-07-01 19:10:54],访问了[com.he.community.service.DiscussPostService.findDiscussPostById].
2022-07-01 19:10:54,609 INFO [http-nio-8080-exec-7] c.h.c.a.ServiceLogAspect [ServiceLogAspect.java:40] 用户[0:0:0:0:0:0:0:1],在[2022-07-01 19:10:54],访问了[com.he.community.service.UserService.findUserById].
2022-07-01 19:10:54,610 INFO [http-nio-8080-exec-7] c.h.c.a.ServiceLogAspect [ServiceLogAspect.java:40] 用户[0:0:0:0:0:0:0:1],在[2022-07-01 19:10:54],访问了[com.he.community.service.LikeService.findEntityLikeCount].
2022-07-01 19:10:54,610 INFO [http-nio-8080-exec-7] c.h.c.a.ServiceLogAspect [ServiceLogAspect.java:40] 用户[0:0:0:0:0:0:0:1],在[2022-07-01 19:10:54],访问了[com.he.community.service.LikeService.findEntityLikeStatus].
2022-07-01 19:10:54,612 INFO [http-nio-8080-exec-7] c.h.c.a.ServiceLogAspect [ServiceLogAspect.java:40] 用户[0:0:0:0:0:0:0:1],在[2022-07-01 19:10:54],访问了[com.he.community.service.CommentService.findCommentsByEntity].
2022-07-01 19:10:54,624 INFO [http-nio-8080-exec-7] c.h.c.a.ServiceLogAspect [ServiceLogAspect.java:40] 用户[0:0:0:0:0:0:0:1],在[2022-07-01 19:10:54],访问了[com.he.community.service.UserService.findUserById].
2022-07-01 19:10:54,624 INFO [http-nio-8080-exec-7] c.h.c.a.ServiceLogAspect [ServiceLogAspect.java:40] 用户[0:0:0:0:0:0:0:1],在[2022-07-01 19:10:54],访问了[com.he.community.service.LikeService.findEntityLikeCount].
2022-07-01 19:10:54,625 INFO [http-nio-8080-exec-7] c.h.c.a.ServiceLogAspect [ServiceLogAspect.java:40] 用户[0:0:0:0:0:0:0:1],在[2022-07-01 19:10:54],访问了[com.he.community.service.LikeService.findEntityLikeStatus].
2022-07-01 19:10:54,625 INFO [http-nio-8080-exec-7] c.h.c.a.ServiceLogAspect [ServiceLogAspect.java:40] 用户[0:0:0:0:0:0:0:1],在[2022-07-01 19:10:54],访问了[com.he.community.service.CommentService.findCommentsByEntity].
2022-07-01 19:10:54,627 INFO [http-nio-8080-exec-7] c.h.c.a.ServiceLogAspect [ServiceLogAspect.java:40] 用户[0:0:0:0:0:0:0:1],在[2022-07-01 19:10:54],访问了[com.he.community.service.CommentService.findCommentCount].
2022-07-01 19:10:54,628 INFO [http-nio-8080-exec-7] c.h.c.a.ServiceLogAspect [ServiceLogAspect.java:40] 用户[0:0:0:0:0:0:0:1],在[2022-07-01 19:10:54],访问了[com.he.community.service.UserService.findUserById].
2022-07-01 19:10:54,628 INFO [http-nio-8080-exec-7] c.h.c.a.ServiceLogAspect [ServiceLogAspect.java:40] 用户[0:0:0:0:0:0:0:1],在[2022-07-01 19:10:54],访问了[com.he.community.service.LikeService.findEntityLikeCount].
2022-07-01 19:10:54,629 INFO [http-nio-8080-exec-7] c.h.c.a.ServiceLogAspect [ServiceLogAspect.java:40] 用户[0:0:0:0:0:0:0:1],在[2022-07-01 19:10:54],访问了[com.he.community.service.LikeService.findEntityLikeStatus].
2022-07-01 19:10:54,630 INFO [http-nio-8080-exec-7] c.h.c.a.ServiceLogAspect [ServiceLogAspect.java:40] 用户[0:0:0:0:0:0:0:1],在[2022-07-01 19:10:54],访问了[com.he.community.service.CommentService.findCommentsByEntity].
2022-07-01 19:10:54,633 INFO [http-nio-8080-exec-7] c.h.c.a.ServiceLogAspect [ServiceLogAspect.java:40] 用户[0:0:0:0:0:0:0:1],在[2022-07-01 19:10:54],访问了[com.he.community.service.CommentService.findCommentCount].
2022-07-01 19:10:54,634 INFO [http-nio-8080-exec-7] c.h.c.a.ServiceLogAspect [ServiceLogAspect.java:40] 用户[0:0:0:0:0:0:0:1],在[2022-07-01 19:10:54],访问了[com.he.community.service.UserService.findUserById].
2022-07-01 19:10:54,635 INFO [http-nio-8080-exec-7] c.h.c.a.ServiceLogAspect [ServiceLogAspect.java:40] 用户[0:0:0:0:0:0:0:1],在[2022-07-01 19:10:54],访问了[com.he.community.service.LikeService.findEntityLikeCount].
2022-07-01 19:10:54,635 INFO [http-nio-8080-exec-7] c.h.c.a.ServiceLogAspect [ServiceLogAspect.java:40] 用户[0:0:0:0:0:0:0:1],在[2022-07-01 19:10:54],访问了[com.he.community.service.LikeService.findEntityLikeStatus].
2022-07-01 19:10:54,636 INFO [http-nio-8080-exec-7] c.h.c.a.ServiceLogAspect [ServiceLogAspect.java:40] 用户[0:0:0:0:0:0:0:1],在[2022-07-01 19:10:54],访问了[com.he.community.service.CommentService.findCommentsByEntity].
2022-07-01 19:10:54,637 INFO [http-nio-8080-exec-7] c.h.c.a.ServiceLogAspect [ServiceLogAspect.java:40] 用户[0:0:0:0:0:0:0:1],在[2022-07-01 19:10:54],访问了[com.he.community.service.CommentService.findCommentCount].
2022-07-01 19:10:54,639 INFO [http-nio-8080-exec-7] c.h.c.a.ServiceLogAspect [ServiceLogAspect.java:40] 用户[0:0:0:0:0:0:0:1],在[2022-07-01 19:10:54],访问了[com.he.community.service.UserService.findUserById].
2022-07-01 19:10:54,640 INFO [http-nio-8080-exec-7] c.h.c.a.ServiceLogAspect [ServiceLogAspect.java:40] 用户[0:0:0:0:0:0:0:1],在[2022-07-01 19:10:54],访问了[com.he.community.service.LikeService.findEntityLikeCount].
2022-07-01 19:10:54,640 INFO [http-nio-8080-exec-7] c.h.c.a.ServiceLogAspect [ServiceLogAspect.java:40] 用户[0:0:0:0:0:0:0:1],在[2022-07-01 19:10:54],访问了[com.he.community.service.LikeService.findEntityLikeStatus].
2022-07-01 19:10:54,641 INFO [http-nio-8080-exec-7] c.h.c.a.ServiceLogAspect [ServiceLogAspect.java:40] 用户[0:0:0:0:0:0:0:1],在[2022-07-01 19:10:54],访问了[com.he.community.service.CommentService.findCommentsByEntity].
2022-07-01 19:10:54,642 INFO [http-nio-8080-exec-7] c.h.c.a.ServiceLogAspect [ServiceLogAspect.java:40] 用户[0:0:0:0:0:0:0:1],在[2022-07-01 19:10:54],访问了[com.he.community.service.CommentService.findCommentCount].
2022-07-01 19:10:54,645 INFO [http-nio-8080-exec-7] c.h.c.a.ServiceLogAspect [ServiceLogAspect.java:40] 用户[0:0:0:0:0:0:0:1],在[2022-07-01 19:10:54],访问了[com.he.community.service.UserService.findUserById].
2022-07-01 19:10:54,646 INFO [http-nio-8080-exec-7] c.h.c.a.ServiceLogAspect [ServiceLogAspect.java:40] 用户[0:0:0:0:0:0:0:1],在[2022-07-01 19:10:54],访问了[com.he.community.service.LikeService.findEntityLikeCount].
2022-07-01 19:10:54,646 INFO [http-nio-8080-exec-7] c.h.c.a.ServiceLogAspect [ServiceLogAspect.java:40] 用户[0:0:0:0:0:0:0:1],在[2022-07-01 19:10:54],访问了[com.he.community.service.LikeService.findEntityLikeStatus].
2022-07-01 19:10:54,647 INFO [http-nio-8080-exec-7] c.h.c.a.ServiceLogAspect [ServiceLogAspect.java:40] 用户[0:0:0:0:0:0:0:1],在[2022-07-01 19:10:54],访问了[com.he.community.service.CommentService.findCommentsByEntity].
2022-07-01 19:10:54,648 INFO [http-nio-8080-exec-7] c.h.c.a.ServiceLogAspect [ServiceLogAspect.java:40] 用户[0:0:0:0:0:0:0:1],在[2022-07-01 19:10:54],访问了[com.he.community.service.CommentService.findCommentCount].
2022-07-01 19:10:54,650 INFO [http-nio-8080-exec-7] c.h.c.a.ServiceLogAspect [ServiceLogAspect.java:40] 用户[0:0:0:0:0:0:0:1],在[2022-07-01 19:10:54],访问了[com.he.community.service.MessageService.findLetterUnreadCount].
2022-07-01 19:10:54,651 INFO [http-nio-8080-exec-7] c.h.c.a.ServiceLogAspect [ServiceLogAspect.java:40] 用户[0:0:0:0:0:0:0:1],在[2022-07-01 19:10:54],访问了[com.he.community.service.MessageService.findNoticeUnreadCount].
2022-07-01 19:11:06,855 INFO [http-nio-8080-exec-3] c.h.c.a.ServiceLogAspect [ServiceLogAspect.java:40] 用户[0:0:0:0:0:0:0:1],在[2022-07-01 19:11:06],访问了[com.he.community.service.UserService.findLoginTicket].
2022-07-01 19:11:06,856 INFO [http-nio-8080-exec-3] c.h.c.a.ServiceLogAspect [ServiceLogAspect.java:40] 用户[0:0:0:0:0:0:0:1],在[2022-07-01 19:11:06],访问了[com.he.community.service.UserService.findUserById].
2022-07-01 19:11:06,867 INFO [http-nio-8080-exec-3] c.h.c.a.ServiceLogAspect [ServiceLogAspect.java:40] 用户[0:0:0:0:0:0:0:1],在[2022-07-01 19:11:06],访问了[com.he.community.service.CommentService.addComment].
2022-07-01 19:11:06,875 INFO [http-nio-8080-exec-3] c.h.c.a.ServiceLogAspect [ServiceLogAspect.java:40] 用户[0:0:0:0:0:0:0:1],在[2022-07-01 19:11:06],访问了[com.he.community.service.CommentService.findCommentById].
2022-07-01 19:11:06,901 INFO [http-nio-8080-exec-3] o.a.k.c.p.ProducerConfig [AbstractConfig.java:376] ProducerConfig values: 
	acks = -1
	batch.size = 16384
	bootstrap.servers = [localhost:9092]
	buffer.memory = 33554432
	client.dns.lookup = use_all_dns_ips
	client.id = producer-1
	compression.type = none
	connections.max.idle.ms = 540000
	delivery.timeout.ms = 120000
	enable.idempotence = true
	interceptor.classes = []
	key.serializer = class org.apache.kafka.common.serialization.StringSerializer
	linger.ms = 0
	max.block.ms = 60000
	max.in.flight.requests.per.connection = 5
	max.request.size = 1048576
	metadata.max.age.ms = 300000
	metadata.max.idle.ms = 300000
	metric.reporters = []
	metrics.num.samples = 2
	metrics.recording.level = INFO
	metrics.sample.window.ms = 30000
	partitioner.class = class org.apache.kafka.clients.producer.internals.DefaultPartitioner
	receive.buffer.bytes = 32768
	reconnect.backoff.max.ms = 1000
	reconnect.backoff.ms = 50
	request.timeout.ms = 30000
	retries = 2147483647
	retry.backoff.ms = 100
	sasl.client.callback.handler.class = null
	sasl.jaas.config = null
	sasl.kerberos.kinit.cmd = /usr/bin/kinit
	sasl.kerberos.min.time.before.relogin = 60000
	sasl.kerberos.service.name = null
	sasl.kerberos.ticket.renew.jitter = 0.05
	sasl.kerberos.ticket.renew.window.factor = 0.8
	sasl.login.callback.handler.class = null
	sasl.login.class = null
	sasl.login.refresh.buffer.seconds = 300
	sasl.login.refresh.min.period.seconds = 60
	sasl.login.refresh.window.factor = 0.8
	sasl.login.refresh.window.jitter = 0.05
	sasl.mechanism = GSSAPI
	security.protocol = PLAINTEXT
	security.providers = null
	send.buffer.bytes = 131072
	socket.connection.setup.timeout.max.ms = 30000
	socket.connection.setup.timeout.ms = 10000
	ssl.cipher.suites = null
	ssl.enabled.protocols = [TLSv1.2]
	ssl.endpoint.identification.algorithm = https
	ssl.engine.factory.class = null
	ssl.key.password = null
	ssl.keymanager.algorithm = SunX509
	ssl.keystore.certificate.chain = null
	ssl.keystore.key = null
	ssl.keystore.location = null
	ssl.keystore.password = null
	ssl.keystore.type = JKS
	ssl.protocol = TLSv1.2
	ssl.provider = null
	ssl.secure.random.implementation = null
	ssl.trustmanager.algorithm = PKIX
	ssl.truststore.certificates = null
	ssl.truststore.location = null
	ssl.truststore.password = null
	ssl.truststore.type = JKS
	transaction.timeout.ms = 60000
	transactional.id = null
	value.serializer = class org.apache.kafka.common.serialization.StringSerializer

2022-07-01 19:11:06,917 INFO [http-nio-8080-exec-3] o.a.k.c.u.AppInfoParser [AppInfoParser.java:119] Kafka version: 3.0.0
2022-07-01 19:11:06,917 INFO [http-nio-8080-exec-3] o.a.k.c.u.AppInfoParser [AppInfoParser.java:120] Kafka commitId: 8cb0a5e9d3441962
2022-07-01 19:11:06,917 INFO [http-nio-8080-exec-3] o.a.k.c.u.AppInfoParser [AppInfoParser.java:121] Kafka startTimeMs: 1656673866917
2022-07-01 19:11:12,500 INFO [http-nio-8080-exec-5] c.h.c.a.ServiceLogAspect [ServiceLogAspect.java:40] 用户[0:0:0:0:0:0:0:1],在[2022-07-01 19:11:12],访问了[com.he.community.service.UserService.findLoginTicket].
2022-07-01 19:11:12,501 INFO [http-nio-8080-exec-5] c.h.c.a.ServiceLogAspect [ServiceLogAspect.java:40] 用户[0:0:0:0:0:0:0:1],在[2022-07-01 19:11:12],访问了[com.he.community.service.UserService.findUserById].
2022-07-01 19:11:12,503 INFO [http-nio-8080-exec-5] c.h.c.a.ServiceLogAspect [ServiceLogAspect.java:40] 用户[0:0:0:0:0:0:0:1],在[2022-07-01 19:11:12],访问了[com.he.community.service.CommentService.addComment].
2022-07-01 19:11:12,508 INFO [http-nio-8080-exec-5] c.h.c.a.ServiceLogAspect [ServiceLogAspect.java:40] 用户[0:0:0:0:0:0:0:1],在[2022-07-01 19:11:12],访问了[com.he.community.service.CommentService.findCommentById].
2022-07-01 19:11:13,390 INFO [http-nio-8080-exec-4] c.h.c.a.ServiceLogAspect [ServiceLogAspect.java:40] 用户[0:0:0:0:0:0:0:1],在[2022-07-01 19:11:13],访问了[com.he.community.service.UserService.findLoginTicket].
2022-07-01 19:11:13,391 INFO [http-nio-8080-exec-4] c.h.c.a.ServiceLogAspect [ServiceLogAspect.java:40] 用户[0:0:0:0:0:0:0:1],在[2022-07-01 19:11:13],访问了[com.he.community.service.UserService.findUserById].
2022-07-01 19:11:13,392 INFO [http-nio-8080-exec-4] c.h.c.a.ServiceLogAspect [ServiceLogAspect.java:40] 用户[0:0:0:0:0:0:0:1],在[2022-07-01 19:11:13],访问了[com.he.community.service.LikeService.like].
2022-07-01 19:11:13,434 INFO [http-nio-8080-exec-4] c.h.c.a.ServiceLogAspect [ServiceLogAspect.java:40] 用户[0:0:0:0:0:0:0:1],在[2022-07-01 19:11:13],访问了[com.he.community.service.LikeService.findEntityLikeCount].
2022-07-01 19:11:13,435 INFO [http-nio-8080-exec-4] c.h.c.a.ServiceLogAspect [ServiceLogAspect.java:40] 用户[0:0:0:0:0:0:0:1],在[2022-07-01 19:11:13],访问了[com.he.community.service.LikeService.findEntityLikeStatus].
2022-07-01 19:11:14,052 INFO [http-nio-8080-exec-7] c.h.c.a.ServiceLogAspect [ServiceLogAspect.java:40] 用户[0:0:0:0:0:0:0:1],在[2022-07-01 19:11:14],访问了[com.he.community.service.UserService.findLoginTicket].
2022-07-01 19:11:14,053 INFO [http-nio-8080-exec-7] c.h.c.a.ServiceLogAspect [ServiceLogAspect.java:40] 用户[0:0:0:0:0:0:0:1],在[2022-07-01 19:11:14],访问了[com.he.community.service.UserService.findUserById].
2022-07-01 19:11:14,054 INFO [http-nio-8080-exec-7] c.h.c.a.ServiceLogAspect [ServiceLogAspect.java:40] 用户[0:0:0:0:0:0:0:1],在[2022-07-01 19:11:14],访问了[com.he.community.service.LikeService.like].
2022-07-01 19:11:14,059 INFO [http-nio-8080-exec-7] c.h.c.a.ServiceLogAspect [ServiceLogAspect.java:40] 用户[0:0:0:0:0:0:0:1],在[2022-07-01 19:11:14],访问了[com.he.community.service.LikeService.findEntityLikeCount].
2022-07-01 19:11:14,059 INFO [http-nio-8080-exec-7] c.h.c.a.ServiceLogAspect [ServiceLogAspect.java:40] 用户[0:0:0:0:0:0:0:1],在[2022-07-01 19:11:14],访问了[com.he.community.service.LikeService.findEntityLikeStatus].
2022-07-01 19:11:14,440 INFO [http-nio-8080-exec-8] c.h.c.a.ServiceLogAspect [ServiceLogAspect.java:40] 用户[0:0:0:0:0:0:0:1],在[2022-07-01 19:11:14],访问了[com.he.community.service.UserService.findLoginTicket].
2022-07-01 19:11:14,440 INFO [http-nio-8080-exec-8] c.h.c.a.ServiceLogAspect [ServiceLogAspect.java:40] 用户[0:0:0:0:0:0:0:1],在[2022-07-01 19:11:14],访问了[com.he.community.service.UserService.findUserById].
2022-07-01 19:11:14,443 INFO [http-nio-8080-exec-8] c.h.c.a.ServiceLogAspect [ServiceLogAspect.java:40] 用户[0:0:0:0:0:0:0:1],在[2022-07-01 19:11:14],访问了[com.he.community.service.CommentService.addComment].
2022-07-01 19:11:14,447 INFO [http-nio-8080-exec-8] c.h.c.a.ServiceLogAspect [ServiceLogAspect.java:40] 用户[0:0:0:0:0:0:0:1],在[2022-07-01 19:11:14],访问了[com.he.community.service.CommentService.findCommentById].
2022-07-01 19:11:14,841 INFO [http-nio-8080-exec-9] c.h.c.a.ServiceLogAspect [ServiceLogAspect.java:40] 用户[0:0:0:0:0:0:0:1],在[2022-07-01 19:11:14],访问了[com.he.community.service.UserService.findLoginTicket].
2022-07-01 19:11:14,842 INFO [http-nio-8080-exec-9] c.h.c.a.ServiceLogAspect [ServiceLogAspect.java:40] 用户[0:0:0:0:0:0:0:1],在[2022-07-01 19:11:14],访问了[com.he.community.service.UserService.findUserById].
2022-07-01 19:11:14,843 INFO [http-nio-8080-exec-9] c.h.c.a.ServiceLogAspect [ServiceLogAspect.java:40] 用户[0:0:0:0:0:0:0:1],在[2022-07-01 19:11:14],访问了[com.he.community.service.LikeService.like].
2022-07-01 19:11:14,848 INFO [http-nio-8080-exec-9] c.h.c.a.ServiceLogAspect [ServiceLogAspect.java:40] 用户[0:0:0:0:0:0:0:1],在[2022-07-01 19:11:14],访问了[com.he.community.service.LikeService.findEntityLikeCount].
2022-07-01 19:11:14,848 INFO [http-nio-8080-exec-9] c.h.c.a.ServiceLogAspect [ServiceLogAspect.java:40] 用户[0:0:0:0:0:0:0:1],在[2022-07-01 19:11:14],访问了[com.he.community.service.LikeService.findEntityLikeStatus].
2022-07-01 19:11:18,536 INFO [http-nio-8080-exec-6] c.h.c.a.ServiceLogAspect [ServiceLogAspect.java:40] 用户[0:0:0:0:0:0:0:1],在[2022-07-01 19:11:18],访问了[com.he.community.service.UserService.findLoginTicket].
2022-07-01 19:11:18,537 INFO [http-nio-8080-exec-6] c.h.c.a.ServiceLogAspect [ServiceLogAspect.java:40] 用户[0:0:0:0:0:0:0:1],在[2022-07-01 19:11:18],访问了[com.he.community.service.UserService.findUserById].
2022-07-01 19:11:18,538 INFO [http-nio-8080-exec-6] c.h.c.a.ServiceLogAspect [ServiceLogAspect.java:40] 用户[0:0:0:0:0:0:0:1],在[2022-07-01 19:11:18],访问了[com.he.community.service.DiscussPostService.findDiscussPostById].
2022-07-01 19:11:18,541 INFO [http-nio-8080-exec-6] c.h.c.a.ServiceLogAspect [ServiceLogAspect.java:40] 用户[0:0:0:0:0:0:0:1],在[2022-07-01 19:11:18],访问了[com.he.community.service.UserService.findUserById].
2022-07-01 19:11:18,542 INFO [http-nio-8080-exec-6] c.h.c.a.ServiceLogAspect [ServiceLogAspect.java:40] 用户[0:0:0:0:0:0:0:1],在[2022-07-01 19:11:18],访问了[com.he.community.service.LikeService.findEntityLikeCount].
2022-07-01 19:11:18,542 INFO [http-nio-8080-exec-6] c.h.c.a.ServiceLogAspect [ServiceLogAspect.java:40] 用户[0:0:0:0:0:0:0:1],在[2022-07-01 19:11:18],访问了[com.he.community.service.LikeService.findEntityLikeStatus].
2022-07-01 19:11:18,542 INFO [http-nio-8080-exec-6] c.h.c.a.ServiceLogAspect [ServiceLogAspect.java:40] 用户[0:0:0:0:0:0:0:1],在[2022-07-01 19:11:18],访问了[com.he.community.service.CommentService.findCommentsByEntity].
2022-07-01 19:11:18,545 INFO [http-nio-8080-exec-6] c.h.c.a.ServiceLogAspect [ServiceLogAspect.java:40] 用户[0:0:0:0:0:0:0:1],在[2022-07-01 19:11:18],访问了[com.he.community.service.UserService.findUserById].
2022-07-01 19:11:18,545 INFO [http-nio-8080-exec-6] c.h.c.a.ServiceLogAspect [ServiceLogAspect.java:40] 用户[0:0:0:0:0:0:0:1],在[2022-07-01 19:11:18],访问了[com.he.community.service.LikeService.findEntityLikeCount].
2022-07-01 19:11:18,546 INFO [http-nio-8080-exec-6] c.h.c.a.ServiceLogAspect [ServiceLogAspect.java:40] 用户[0:0:0:0:0:0:0:1],在[2022-07-01 19:11:18],访问了[com.he.community.service.LikeService.findEntityLikeStatus].
2022-07-01 19:11:18,546 INFO [http-nio-8080-exec-6] c.h.c.a.ServiceLogAspect [ServiceLogAspect.java:40] 用户[0:0:0:0:0:0:0:1],在[2022-07-01 19:11:18],访问了[com.he.community.service.CommentService.findCommentsByEntity].
2022-07-01 19:11:18,549 INFO [http-nio-8080-exec-6] c.h.c.a.ServiceLogAspect [ServiceLogAspect.java:40] 用户[0:0:0:0:0:0:0:1],在[2022-07-01 19:11:18],访问了[com.he.community.service.UserService.findUserById].
2022-07-01 19:11:18,550 INFO [http-nio-8080-exec-6] c.h.c.a.ServiceLogAspect [ServiceLogAspect.java:40] 用户[0:0:0:0:0:0:0:1],在[2022-07-01 19:11:18],访问了[com.he.community.service.LikeService.findEntityLikeCount].
2022-07-01 19:11:18,551 INFO [http-nio-8080-exec-6] c.h.c.a.ServiceLogAspect [ServiceLogAspect.java:40] 用户[0:0:0:0:0:0:0:1],在[2022-07-01 19:11:18],访问了[com.he.community.service.LikeService.findEntityLikeStatus].
2022-07-01 19:11:18,551 INFO [http-nio-8080-exec-6] c.h.c.a.ServiceLogAspect [ServiceLogAspect.java:40] 用户[0:0:0:0:0:0:0:1],在[2022-07-01 19:11:18],访问了[com.he.community.service.UserService.findUserById].
2022-07-01 19:11:18,552 INFO [http-nio-8080-exec-6] c.h.c.a.ServiceLogAspect [ServiceLogAspect.java:40] 用户[0:0:0:0:0:0:0:1],在[2022-07-01 19:11:18],访问了[com.he.community.service.LikeService.findEntityLikeCount].
2022-07-01 19:11:18,552 INFO [http-nio-8080-exec-6] c.h.c.a.ServiceLogAspect [ServiceLogAspect.java:40] 用户[0:0:0:0:0:0:0:1],在[2022-07-01 19:11:18],访问了[com.he.community.service.LikeService.findEntityLikeStatus].
2022-07-01 19:11:18,552 INFO [http-nio-8080-exec-6] c.h.c.a.ServiceLogAspect [ServiceLogAspect.java:40] 用户[0:0:0:0:0:0:0:1],在[2022-07-01 19:11:18],访问了[com.he.community.service.UserService.findUserById].
2022-07-01 19:11:18,553 INFO [http-nio-8080-exec-6] c.h.c.a.ServiceLogAspect [ServiceLogAspect.java:40] 用户[0:0:0:0:0:0:0:1],在[2022-07-01 19:11:18],访问了[com.he.community.service.LikeService.findEntityLikeCount].
2022-07-01 19:11:18,553 INFO [http-nio-8080-exec-6] c.h.c.a.ServiceLogAspect [ServiceLogAspect.java:40] 用户[0:0:0:0:0:0:0:1],在[2022-07-01 19:11:18],访问了[com.he.community.service.LikeService.findEntityLikeStatus].
2022-07-01 19:11:18,553 INFO [http-nio-8080-exec-6] c.h.c.a.ServiceLogAspect [ServiceLogAspect.java:40] 用户[0:0:0:0:0:0:0:1],在[2022-07-01 19:11:18],访问了[com.he.community.service.CommentService.findCommentCount].
2022-07-01 19:11:18,554 INFO [http-nio-8080-exec-6] c.h.c.a.ServiceLogAspect [ServiceLogAspect.java:40] 用户[0:0:0:0:0:0:0:1],在[2022-07-01 19:11:18],访问了[com.he.community.service.UserService.findUserById].
2022-07-01 19:11:18,555 INFO [http-nio-8080-exec-6] c.h.c.a.ServiceLogAspect [ServiceLogAspect.java:40] 用户[0:0:0:0:0:0:0:1],在[2022-07-01 19:11:18],访问了[com.he.community.service.LikeService.findEntityLikeCount].
2022-07-01 19:11:18,555 INFO [http-nio-8080-exec-6] c.h.c.a.ServiceLogAspect [ServiceLogAspect.java:40] 用户[0:0:0:0:0:0:0:1],在[2022-07-01 19:11:18],访问了[com.he.community.service.LikeService.findEntityLikeStatus].
2022-07-01 19:11:18,555 INFO [http-nio-8080-exec-6] c.h.c.a.ServiceLogAspect [ServiceLogAspect.java:40] 用户[0:0:0:0:0:0:0:1],在[2022-07-01 19:11:18],访问了[com.he.community.service.CommentService.findCommentsByEntity].
2022-07-01 19:11:18,556 INFO [http-nio-8080-exec-6] c.h.c.a.ServiceLogAspect [ServiceLogAspect.java:40] 用户[0:0:0:0:0:0:0:1],在[2022-07-01 19:11:18],访问了[com.he.community.service.CommentService.findCommentCount].
2022-07-01 19:11:18,558 INFO [http-nio-8080-exec-6] c.h.c.a.ServiceLogAspect [ServiceLogAspect.java:40] 用户[0:0:0:0:0:0:0:1],在[2022-07-01 19:11:18],访问了[com.he.community.service.UserService.findUserById].
2022-07-01 19:11:18,559 INFO [http-nio-8080-exec-6] c.h.c.a.ServiceLogAspect [ServiceLogAspect.java:40] 用户[0:0:0:0:0:0:0:1],在[2022-07-01 19:11:18],访问了[com.he.community.service.LikeService.findEntityLikeCount].
2022-07-01 19:11:18,560 INFO [http-nio-8080-exec-6] c.h.c.a.ServiceLogAspect [ServiceLogAspect.java:40] 用户[0:0:0:0:0:0:0:1],在[2022-07-01 19:11:18],访问了[com.he.community.service.LikeService.findEntityLikeStatus].
2022-07-01 19:11:18,560 INFO [http-nio-8080-exec-6] c.h.c.a.ServiceLogAspect [ServiceLogAspect.java:40] 用户[0:0:0:0:0:0:0:1],在[2022-07-01 19:11:18],访问了[com.he.community.service.CommentService.findCommentsByEntity].
2022-07-01 19:11:18,561 INFO [http-nio-8080-exec-6] c.h.c.a.ServiceLogAspect [ServiceLogAspect.java:40] 用户[0:0:0:0:0:0:0:1],在[2022-07-01 19:11:18],访问了[com.he.community.service.CommentService.findCommentCount].
2022-07-01 19:11:18,562 INFO [http-nio-8080-exec-6] c.h.c.a.ServiceLogAspect [ServiceLogAspect.java:40] 用户[0:0:0:0:0:0:0:1],在[2022-07-01 19:11:18],访问了[com.he.community.service.UserService.findUserById].
2022-07-01 19:11:18,565 INFO [http-nio-8080-exec-6] c.h.c.a.ServiceLogAspect [ServiceLogAspect.java:40] 用户[0:0:0:0:0:0:0:1],在[2022-07-01 19:11:18],访问了[com.he.community.service.LikeService.findEntityLikeCount].
2022-07-01 19:11:18,566 INFO [http-nio-8080-exec-6] c.h.c.a.ServiceLogAspect [ServiceLogAspect.java:40] 用户[0:0:0:0:0:0:0:1],在[2022-07-01 19:11:18],访问了[com.he.community.service.LikeService.findEntityLikeStatus].
2022-07-01 19:11:18,566 INFO [http-nio-8080-exec-6] c.h.c.a.ServiceLogAspect [ServiceLogAspect.java:40] 用户[0:0:0:0:0:0:0:1],在[2022-07-01 19:11:18],访问了[com.he.community.service.CommentService.findCommentsByEntity].
2022-07-01 19:11:18,567 INFO [http-nio-8080-exec-6] c.h.c.a.ServiceLogAspect [ServiceLogAspect.java:40] 用户[0:0:0:0:0:0:0:1],在[2022-07-01 19:11:18],访问了[com.he.community.service.CommentService.findCommentCount].
2022-07-01 19:11:18,569 INFO [http-nio-8080-exec-6] c.h.c.a.ServiceLogAspect [ServiceLogAspect.java:40] 用户[0:0:0:0:0:0:0:1],在[2022-07-01 19:11:18],访问了[com.he.community.service.UserService.findUserById].
2022-07-01 19:11:18,569 INFO [http-nio-8080-exec-6] c.h.c.a.ServiceLogAspect [ServiceLogAspect.java:40] 用户[0:0:0:0:0:0:0:1],在[2022-07-01 19:11:18],访问了[com.he.community.service.LikeService.findEntityLikeCount].
2022-07-01 19:11:18,570 INFO [http-nio-8080-exec-6] c.h.c.a.ServiceLogAspect [ServiceLogAspect.java:40] 用户[0:0:0:0:0:0:0:1],在[2022-07-01 19:11:18],访问了[com.he.community.service.LikeService.findEntityLikeStatus].
2022-07-01 19:11:18,570 INFO [http-nio-8080-exec-6] c.h.c.a.ServiceLogAspect [ServiceLogAspect.java:40] 用户[0:0:0:0:0:0:0:1],在[2022-07-01 19:11:18],访问了[com.he.community.service.CommentService.findCommentsByEntity].
2022-07-01 19:11:18,571 INFO [http-nio-8080-exec-6] c.h.c.a.ServiceLogAspect [ServiceLogAspect.java:40] 用户[0:0:0:0:0:0:0:1],在[2022-07-01 19:11:18],访问了[com.he.community.service.CommentService.findCommentCount].
2022-07-01 19:11:18,573 INFO [http-nio-8080-exec-6] c.h.c.a.ServiceLogAspect [ServiceLogAspect.java:40] 用户[0:0:0:0:0:0:0:1],在[2022-07-01 19:11:18],访问了[com.he.community.service.MessageService.findLetterUnreadCount].
2022-07-01 19:11:18,574 INFO [http-nio-8080-exec-6] c.h.c.a.ServiceLogAspect [ServiceLogAspect.java:40] 用户[0:0:0:0:0:0:0:1],在[2022-07-01 19:11:18],访问了[com.he.community.service.MessageService.findNoticeUnreadCount].
2022-07-01 19:11:53,131 INFO [org.springframework.kafka.KafkaListenerEndpointContainer#0-0-C-1] o.a.k.c.c.i.ConsumerCoordinator [AbstractCoordinator.java:966] [Consumer clientId=consumer-community-consumer-group-1, groupId=community-consumer-group] Resetting generation due to: consumer pro-actively leaving the group
2022-07-01 19:11:53,131 INFO [org.springframework.kafka.KafkaListenerEndpointContainer#0-0-C-1] o.a.k.c.c.i.ConsumerCoordinator [AbstractCoordinator.java:988] [Consumer clientId=consumer-community-consumer-group-1, groupId=community-consumer-group] Request joining group due to: consumer pro-actively leaving the group
2022-07-01 19:11:53,132 INFO [org.springframework.kafka.KafkaListenerEndpointContainer#0-0-C-1] o.a.k.c.c.KafkaConsumer [KafkaConsumer.java:1075] [Consumer clientId=consumer-community-consumer-group-1, groupId=community-consumer-group] Unsubscribed all topics or patterns and assigned partitions
2022-07-01 19:11:53,132 INFO [org.springframework.kafka.KafkaListenerEndpointContainer#0-0-C-1] o.a.k.c.c.i.ConsumerCoordinator [AbstractCoordinator.java:966] [Consumer clientId=consumer-community-consumer-group-1, groupId=community-consumer-group] Resetting generation due to: consumer pro-actively leaving the group
2022-07-01 19:11:53,132 INFO [org.springframework.kafka.KafkaListenerEndpointContainer#0-0-C-1] o.a.k.c.c.i.ConsumerCoordinator [AbstractCoordinator.java:988] [Consumer clientId=consumer-community-consumer-group-1, groupId=community-consumer-group] Request joining group due to: consumer pro-actively leaving the group
2022-07-01 19:11:53,132 INFO [org.springframework.kafka.KafkaListenerEndpointContainer#0-0-C-1] o.a.k.c.m.Metrics [Metrics.java:659] Metrics scheduler closed
2022-07-01 19:11:53,132 INFO [org.springframework.kafka.KafkaListenerEndpointContainer#0-0-C-1] o.a.k.c.m.Metrics [Metrics.java:663] Closing reporter org.apache.kafka.common.metrics.JmxReporter
2022-07-01 19:11:53,132 INFO [org.springframework.kafka.KafkaListenerEndpointContainer#0-0-C-1] o.a.k.c.m.Metrics [Metrics.java:669] Metrics reporters closed
2022-07-01 19:11:53,134 INFO [org.springframework.kafka.KafkaListenerEndpointContainer#0-0-C-1] o.a.k.c.u.AppInfoParser [AppInfoParser.java:83] App info kafka.consumer for consumer-community-consumer-group-1 unregistered
2022-07-01 19:11:53,134 INFO [org.springframework.kafka.KafkaListenerEndpointContainer#0-0-C-1] o.s.k.l.KafkaMessageListenerContainer [LogAccessor.java:292] community-consumer-group: Consumer stopped
2022-07-01 19:11:53,139 INFO [SpringApplicationShutdownHook] o.a.k.c.p.KafkaProducer [KafkaProducer.java:1208] [Producer clientId=producer-1] Closing the Kafka producer with timeoutMillis = 30000 ms.
2022-07-01 19:11:53,140 INFO [SpringApplicationShutdownHook] o.a.k.c.m.Metrics [Metrics.java:659] Metrics scheduler closed
2022-07-01 19:11:53,140 INFO [SpringApplicationShutdownHook] o.a.k.c.m.Metrics [Metrics.java:663] Closing reporter org.apache.kafka.common.metrics.JmxReporter
2022-07-01 19:11:53,140 INFO [SpringApplicationShutdownHook] o.a.k.c.m.Metrics [Metrics.java:669] Metrics reporters closed
2022-07-01 19:11:53,140 INFO [SpringApplicationShutdownHook] o.a.k.c.u.AppInfoParser [AppInfoParser.java:83] App info kafka.producer for producer-1 unregistered
2022-07-01 19:11:53,258 INFO [SpringApplicationShutdownHook] c.z.h.HikariDataSource [HikariDataSource.java:350] HikariPool-1 - Shutdown initiated...
2022-07-01 19:11:53,263 INFO [SpringApplicationShutdownHook] c.z.h.HikariDataSource [HikariDataSource.java:352] HikariPool-1 - Shutdown completed.
