2022-05-02 10:13:24,260 INFO [background-preinit] o.h.v.i.u.Version [Version.java:21] HV000001: Hibernate Validator 6.2.2.Final
2022-05-02 10:13:24,267 INFO [restartedMain] c.h.c.MySpringbootApplication [StartupInfoLogger.java:55] Starting MySpringbootApplication using Java 1.8.0_322 on DESKTOP-IC9V6LA with PID 4136 (D:\java_project\MySpringboot\target\classes started by Dell in D:\java_project\MySpringboot)
2022-05-02 10:13:24,268 INFO [restartedMain] c.h.c.MySpringbootApplication [SpringApplication.java:646] The following 1 profile is active: "prod"
2022-05-02 10:13:24,302 INFO [restartedMain] o.s.b.d.e.DevToolsPropertyDefaultsPostProcessor [DeferredLog.java:255] Devtools property defaults active! Set 'spring.devtools.add-properties' to 'false' to disable
2022-05-02 10:13:24,302 INFO [restartedMain] o.s.b.d.e.DevToolsPropertyDefaultsPostProcessor [DeferredLog.java:255] For additional web related logging consider setting the 'logging.level.web' property to 'DEBUG'
2022-05-02 10:13:25,293 INFO [restartedMain] o.s.b.w.e.t.TomcatWebServer [TomcatWebServer.java:108] Tomcat initialized with port(s): 8080 (http)
2022-05-02 10:13:25,301 INFO [restartedMain] o.a.c.h.Http11NioProtocol [DirectJDKLog.java:173] Initializing ProtocolHandler ["http-nio-8080"]
2022-05-02 10:13:25,302 INFO [restartedMain] o.a.c.c.StandardService [DirectJDKLog.java:173] Starting service [Tomcat]
2022-05-02 10:13:25,302 INFO [restartedMain] o.a.c.c.StandardEngine [DirectJDKLog.java:173] Starting Servlet engine: [Apache Tomcat/9.0.58]
2022-05-02 10:13:25,360 INFO [restartedMain] o.a.c.c.C.[.[.[/community] [DirectJDKLog.java:173] Initializing Spring embedded WebApplicationContext
2022-05-02 10:13:25,360 INFO [restartedMain] o.s.b.w.s.c.ServletWebServerApplicationContext [ServletWebServerApplicationContext.java:290] Root WebApplicationContext: initialization completed in 1057 ms
2022-05-02 10:13:25,974 INFO [restartedMain] o.s.b.a.w.s.WelcomePageHandlerMapping [WelcomePageHandlerMapping.java:57] Adding welcome page template: index
2022-05-02 10:13:26,134 INFO [restartedMain] o.s.b.d.a.OptionalLiveReloadServer [OptionalLiveReloadServer.java:58] LiveReload server is running on port 35729
2022-05-02 10:13:26,193 INFO [restartedMain] o.a.c.h.Http11NioProtocol [DirectJDKLog.java:173] Starting ProtocolHandler ["http-nio-8080"]
2022-05-02 10:13:26,229 INFO [restartedMain] o.s.b.w.e.t.TomcatWebServer [TomcatWebServer.java:220] Tomcat started on port(s): 8080 (http) with context path '/community'
2022-05-02 10:13:26,253 INFO [restartedMain] c.h.c.MySpringbootApplication [StartupInfoLogger.java:61] Started MySpringbootApplication in 2.431 seconds (JVM running for 3.401)
2022-05-02 10:13:42,746 INFO [http-nio-8080-exec-1] o.a.c.c.C.[.[.[/community] [DirectJDKLog.java:173] Initializing Spring DispatcherServlet 'dispatcherServlet'
2022-05-02 10:13:42,746 INFO [http-nio-8080-exec-1] o.s.w.s.DispatcherServlet [FrameworkServlet.java:525] Initializing Servlet 'dispatcherServlet'
2022-05-02 10:13:42,747 INFO [http-nio-8080-exec-1] o.s.w.s.DispatcherServlet [FrameworkServlet.java:547] Completed initialization in 1 ms
2022-05-02 10:13:42,773 INFO [http-nio-8080-exec-1] c.z.h.HikariDataSource [HikariDataSource.java:110] HikariPool-1 - Starting...
2022-05-02 10:13:43,135 INFO [http-nio-8080-exec-1] c.z.h.HikariDataSource [HikariDataSource.java:123] HikariPool-1 - Start completed.
2022-05-02 10:16:29,861 INFO [SpringApplicationShutdownHook] c.z.h.HikariDataSource [HikariDataSource.java:350] HikariPool-1 - Shutdown initiated...
2022-05-02 10:16:29,868 INFO [SpringApplicationShutdownHook] c.z.h.HikariDataSource [HikariDataSource.java:352] HikariPool-1 - Shutdown completed.
2022-05-02 10:22:27,824 INFO [background-preinit] o.h.v.i.u.Version [Version.java:21] HV000001: Hibernate Validator 6.2.2.Final
2022-05-02 10:22:27,830 INFO [restartedMain] c.h.c.MySpringbootApplication [StartupInfoLogger.java:55] Starting MySpringbootApplication using Java 1.8.0_322 on DESKTOP-IC9V6LA with PID 14892 (D:\java_project\MySpringboot\target\classes started by Dell in D:\java_project\MySpringboot)
2022-05-02 10:22:27,831 INFO [restartedMain] c.h.c.MySpringbootApplication [SpringApplication.java:646] The following 1 profile is active: "prod"
2022-05-02 10:22:27,861 INFO [restartedMain] o.s.b.d.e.DevToolsPropertyDefaultsPostProcessor [DeferredLog.java:255] Devtools property defaults active! Set 'spring.devtools.add-properties' to 'false' to disable
2022-05-02 10:22:27,861 INFO [restartedMain] o.s.b.d.e.DevToolsPropertyDefaultsPostProcessor [DeferredLog.java:255] For additional web related logging consider setting the 'logging.level.web' property to 'DEBUG'
2022-05-02 10:22:28,666 INFO [restartedMain] o.s.b.w.e.t.TomcatWebServer [TomcatWebServer.java:108] Tomcat initialized with port(s): 8080 (http)
2022-05-02 10:22:28,672 INFO [restartedMain] o.a.c.h.Http11NioProtocol [DirectJDKLog.java:173] Initializing ProtocolHandler ["http-nio-8080"]
2022-05-02 10:22:28,673 INFO [restartedMain] o.a.c.c.StandardService [DirectJDKLog.java:173] Starting service [Tomcat]
2022-05-02 10:22:28,673 INFO [restartedMain] o.a.c.c.StandardEngine [DirectJDKLog.java:173] Starting Servlet engine: [Apache Tomcat/9.0.58]
2022-05-02 10:22:28,724 INFO [restartedMain] o.a.c.c.C.[.[.[/community] [DirectJDKLog.java:173] Initializing Spring embedded WebApplicationContext
2022-05-02 10:22:28,725 INFO [restartedMain] o.s.b.w.s.c.ServletWebServerApplicationContext [ServletWebServerApplicationContext.java:290] Root WebApplicationContext: initialization completed in 864 ms
2022-05-02 10:22:29,196 INFO [restartedMain] o.s.b.a.w.s.WelcomePageHandlerMapping [WelcomePageHandlerMapping.java:57] Adding welcome page template: index
2022-05-02 10:22:29,284 INFO [restartedMain] o.s.b.d.a.OptionalLiveReloadServer [OptionalLiveReloadServer.java:58] LiveReload server is running on port 35729
2022-05-02 10:22:29,296 INFO [restartedMain] o.a.c.h.Http11NioProtocol [DirectJDKLog.java:173] Starting ProtocolHandler ["http-nio-8080"]
2022-05-02 10:22:29,309 INFO [restartedMain] o.s.b.w.e.t.TomcatWebServer [TomcatWebServer.java:220] Tomcat started on port(s): 8080 (http) with context path '/community'
2022-05-02 10:22:29,316 INFO [restartedMain] c.h.c.MySpringbootApplication [StartupInfoLogger.java:61] Started MySpringbootApplication in 1.887 seconds (JVM running for 2.744)
2022-05-02 10:22:29,360 INFO [http-nio-8080-exec-1] o.a.c.c.C.[.[.[/community] [DirectJDKLog.java:173] Initializing Spring DispatcherServlet 'dispatcherServlet'
2022-05-02 10:22:29,360 INFO [http-nio-8080-exec-1] o.s.w.s.DispatcherServlet [FrameworkServlet.java:525] Initializing Servlet 'dispatcherServlet'
2022-05-02 10:22:29,361 INFO [http-nio-8080-exec-1] o.s.w.s.DispatcherServlet [FrameworkServlet.java:547] Completed initialization in 1 ms
2022-05-02 10:22:29,382 INFO [http-nio-8080-exec-1] c.z.h.HikariDataSource [HikariDataSource.java:110] HikariPool-1 - Starting...
2022-05-02 10:22:29,585 INFO [http-nio-8080-exec-1] c.z.h.HikariDataSource [HikariDataSource.java:123] HikariPool-1 - Start completed.
2022-05-02 10:26:40,530 INFO [SpringApplicationShutdownHook] c.z.h.HikariDataSource [HikariDataSource.java:350] HikariPool-1 - Shutdown initiated...
2022-05-02 10:26:40,534 INFO [SpringApplicationShutdownHook] c.z.h.HikariDataSource [HikariDataSource.java:352] HikariPool-1 - Shutdown completed.
2022-05-02 13:47:35,374 INFO [background-preinit] o.h.v.i.u.Version [Version.java:21] HV000001: Hibernate Validator 6.2.2.Final
2022-05-02 13:47:35,378 INFO [restartedMain] c.h.c.MySpringbootApplication [StartupInfoLogger.java:55] Starting MySpringbootApplication using Java 1.8.0_322 on DESKTOP-IC9V6LA with PID 3156 (D:\java_project\MySpringboot\target\classes started by Dell in D:\java_project\MySpringboot)
2022-05-02 13:47:35,379 INFO [restartedMain] c.h.c.MySpringbootApplication [SpringApplication.java:646] The following 1 profile is active: "prod"
2022-05-02 13:47:35,412 INFO [restartedMain] o.s.b.d.e.DevToolsPropertyDefaultsPostProcessor [DeferredLog.java:255] Devtools property defaults active! Set 'spring.devtools.add-properties' to 'false' to disable
2022-05-02 13:47:35,413 INFO [restartedMain] o.s.b.d.e.DevToolsPropertyDefaultsPostProcessor [DeferredLog.java:255] For additional web related logging consider setting the 'logging.level.web' property to 'DEBUG'
2022-05-02 13:47:36,116 INFO [restartedMain] o.s.b.a.l.ConditionEvaluationReportLoggingListener [ConditionEvaluationReportLoggingListener.java:136] 

Error starting ApplicationContext. To display the conditions report re-run your application with 'debug' enabled.
2022-05-02 13:48:38,987 INFO [background-preinit] o.h.v.i.u.Version [Version.java:21] HV000001: Hibernate Validator 6.2.2.Final
2022-05-02 13:48:38,992 INFO [restartedMain] c.h.c.MySpringbootApplication [StartupInfoLogger.java:55] Starting MySpringbootApplication using Java 1.8.0_322 on DESKTOP-IC9V6LA with PID 15688 (D:\java_project\MySpringboot\target\classes started by Dell in D:\java_project\MySpringboot)
2022-05-02 13:48:38,993 INFO [restartedMain] c.h.c.MySpringbootApplication [SpringApplication.java:646] The following 1 profile is active: "prod"
2022-05-02 13:48:39,034 INFO [restartedMain] o.s.b.d.e.DevToolsPropertyDefaultsPostProcessor [DeferredLog.java:255] Devtools property defaults active! Set 'spring.devtools.add-properties' to 'false' to disable
2022-05-02 13:48:39,034 INFO [restartedMain] o.s.b.d.e.DevToolsPropertyDefaultsPostProcessor [DeferredLog.java:255] For additional web related logging consider setting the 'logging.level.web' property to 'DEBUG'
2022-05-02 13:48:39,916 INFO [restartedMain] o.s.b.w.e.t.TomcatWebServer [TomcatWebServer.java:108] Tomcat initialized with port(s): 8080 (http)
2022-05-02 13:48:39,922 INFO [restartedMain] o.a.c.h.Http11NioProtocol [DirectJDKLog.java:173] Initializing ProtocolHandler ["http-nio-8080"]
2022-05-02 13:48:39,922 INFO [restartedMain] o.a.c.c.StandardService [DirectJDKLog.java:173] Starting service [Tomcat]
2022-05-02 13:48:39,923 INFO [restartedMain] o.a.c.c.StandardEngine [DirectJDKLog.java:173] Starting Servlet engine: [Apache Tomcat/9.0.58]
2022-05-02 13:48:39,973 INFO [restartedMain] o.a.c.c.C.[.[.[/community] [DirectJDKLog.java:173] Initializing Spring embedded WebApplicationContext
2022-05-02 13:48:39,974 INFO [restartedMain] o.s.b.w.s.c.ServletWebServerApplicationContext [ServletWebServerApplicationContext.java:290] Root WebApplicationContext: initialization completed in 940 ms
2022-05-02 13:48:40,534 INFO [restartedMain] o.s.b.a.w.s.WelcomePageHandlerMapping [WelcomePageHandlerMapping.java:57] Adding welcome page template: index
2022-05-02 13:48:40,682 INFO [restartedMain] o.s.b.d.a.OptionalLiveReloadServer [OptionalLiveReloadServer.java:58] LiveReload server is running on port 35729
2022-05-02 13:48:40,695 INFO [restartedMain] o.a.c.h.Http11NioProtocol [DirectJDKLog.java:173] Starting ProtocolHandler ["http-nio-8080"]
2022-05-02 13:48:40,710 INFO [restartedMain] o.s.b.w.e.t.TomcatWebServer [TomcatWebServer.java:220] Tomcat started on port(s): 8080 (http) with context path '/community'
2022-05-02 13:48:40,717 INFO [restartedMain] c.h.c.MySpringbootApplication [StartupInfoLogger.java:61] Started MySpringbootApplication in 2.085 seconds (JVM running for 2.883)
2022-05-02 13:48:42,850 INFO [http-nio-8080-exec-1] o.a.c.c.C.[.[.[/community] [DirectJDKLog.java:173] Initializing Spring DispatcherServlet 'dispatcherServlet'
2022-05-02 13:48:42,850 INFO [http-nio-8080-exec-1] o.s.w.s.DispatcherServlet [FrameworkServlet.java:525] Initializing Servlet 'dispatcherServlet'
2022-05-02 13:48:42,851 INFO [http-nio-8080-exec-1] o.s.w.s.DispatcherServlet [FrameworkServlet.java:547] Completed initialization in 1 ms
2022-05-02 13:48:42,868 INFO [http-nio-8080-exec-1] c.h.c.a.ServiceLogAspect [ServiceLogAspect.java:34] 用户[0:0:0:0:0:0:0:1],在[2022-05-02 13:48:42],访问了[com.he.community.service.UserService.findLoginTicket].
2022-05-02 13:48:42,883 INFO [http-nio-8080-exec-1] c.z.h.HikariDataSource [HikariDataSource.java:110] HikariPool-1 - Starting...
2022-05-02 13:48:43,098 INFO [http-nio-8080-exec-1] c.z.h.HikariDataSource [HikariDataSource.java:123] HikariPool-1 - Start completed.
2022-05-02 13:48:43,158 INFO [http-nio-8080-exec-1] c.h.c.a.ServiceLogAspect [ServiceLogAspect.java:34] 用户[0:0:0:0:0:0:0:1],在[2022-05-02 13:48:43],访问了[com.he.community.service.UserService.findUserById].
2022-05-02 13:48:43,170 INFO [http-nio-8080-exec-1] c.h.c.a.ServiceLogAspect [ServiceLogAspect.java:34] 用户[0:0:0:0:0:0:0:1],在[2022-05-02 13:48:43],访问了[com.he.community.service.DiscussPostService.finDiscussPostRows].
2022-05-02 13:48:43,186 INFO [http-nio-8080-exec-1] c.h.c.a.ServiceLogAspect [ServiceLogAspect.java:34] 用户[0:0:0:0:0:0:0:1],在[2022-05-02 13:48:43],访问了[com.he.community.service.DiscussPostService.findDiscussPosts].
2022-05-02 13:48:43,192 INFO [http-nio-8080-exec-1] c.h.c.a.ServiceLogAspect [ServiceLogAspect.java:34] 用户[0:0:0:0:0:0:0:1],在[2022-05-02 13:48:43],访问了[com.he.community.service.UserService.findUserById].
2022-05-02 13:48:43,194 INFO [http-nio-8080-exec-1] c.h.c.a.ServiceLogAspect [ServiceLogAspect.java:34] 用户[0:0:0:0:0:0:0:1],在[2022-05-02 13:48:43],访问了[com.he.community.service.UserService.findUserById].
2022-05-02 13:48:43,196 INFO [http-nio-8080-exec-1] c.h.c.a.ServiceLogAspect [ServiceLogAspect.java:34] 用户[0:0:0:0:0:0:0:1],在[2022-05-02 13:48:43],访问了[com.he.community.service.UserService.findUserById].
2022-05-02 13:48:43,198 INFO [http-nio-8080-exec-1] c.h.c.a.ServiceLogAspect [ServiceLogAspect.java:34] 用户[0:0:0:0:0:0:0:1],在[2022-05-02 13:48:43],访问了[com.he.community.service.UserService.findUserById].
2022-05-02 13:48:43,200 INFO [http-nio-8080-exec-1] c.h.c.a.ServiceLogAspect [ServiceLogAspect.java:34] 用户[0:0:0:0:0:0:0:1],在[2022-05-02 13:48:43],访问了[com.he.community.service.UserService.findUserById].
2022-05-02 13:48:43,201 INFO [http-nio-8080-exec-1] c.h.c.a.ServiceLogAspect [ServiceLogAspect.java:34] 用户[0:0:0:0:0:0:0:1],在[2022-05-02 13:48:43],访问了[com.he.community.service.UserService.findUserById].
2022-05-02 13:48:43,204 INFO [http-nio-8080-exec-1] c.h.c.a.ServiceLogAspect [ServiceLogAspect.java:34] 用户[0:0:0:0:0:0:0:1],在[2022-05-02 13:48:43],访问了[com.he.community.service.UserService.findUserById].
2022-05-02 13:48:43,206 INFO [http-nio-8080-exec-1] c.h.c.a.ServiceLogAspect [ServiceLogAspect.java:34] 用户[0:0:0:0:0:0:0:1],在[2022-05-02 13:48:43],访问了[com.he.community.service.UserService.findUserById].
2022-05-02 13:48:43,207 INFO [http-nio-8080-exec-1] c.h.c.a.ServiceLogAspect [ServiceLogAspect.java:34] 用户[0:0:0:0:0:0:0:1],在[2022-05-02 13:48:43],访问了[com.he.community.service.UserService.findUserById].
2022-05-02 13:48:43,209 INFO [http-nio-8080-exec-1] c.h.c.a.ServiceLogAspect [ServiceLogAspect.java:34] 用户[0:0:0:0:0:0:0:1],在[2022-05-02 13:48:43],访问了[com.he.community.service.UserService.findUserById].
2022-05-02 13:48:44,390 INFO [http-nio-8080-exec-6] c.h.c.a.ServiceLogAspect [ServiceLogAspect.java:34] 用户[0:0:0:0:0:0:0:1],在[2022-05-02 13:48:44],访问了[com.he.community.service.UserService.findLoginTicket].
2022-05-02 13:48:44,393 INFO [http-nio-8080-exec-6] c.h.c.a.ServiceLogAspect [ServiceLogAspect.java:34] 用户[0:0:0:0:0:0:0:1],在[2022-05-02 13:48:44],访问了[com.he.community.service.UserService.findUserById].
2022-05-02 13:48:44,396 INFO [http-nio-8080-exec-6] c.h.c.a.ServiceLogAspect [ServiceLogAspect.java:34] 用户[0:0:0:0:0:0:0:1],在[2022-05-02 13:48:44],访问了[com.he.community.service.DiscussPostService.finDiscussPostRows].
2022-05-02 13:48:44,398 INFO [http-nio-8080-exec-6] c.h.c.a.ServiceLogAspect [ServiceLogAspect.java:34] 用户[0:0:0:0:0:0:0:1],在[2022-05-02 13:48:44],访问了[com.he.community.service.DiscussPostService.findDiscussPosts].
2022-05-02 13:48:44,404 INFO [http-nio-8080-exec-6] c.h.c.a.ServiceLogAspect [ServiceLogAspect.java:34] 用户[0:0:0:0:0:0:0:1],在[2022-05-02 13:48:44],访问了[com.he.community.service.UserService.findUserById].
2022-05-02 13:48:44,405 INFO [http-nio-8080-exec-6] c.h.c.a.ServiceLogAspect [ServiceLogAspect.java:34] 用户[0:0:0:0:0:0:0:1],在[2022-05-02 13:48:44],访问了[com.he.community.service.UserService.findUserById].
2022-05-02 13:48:44,407 INFO [http-nio-8080-exec-6] c.h.c.a.ServiceLogAspect [ServiceLogAspect.java:34] 用户[0:0:0:0:0:0:0:1],在[2022-05-02 13:48:44],访问了[com.he.community.service.UserService.findUserById].
2022-05-02 13:48:44,409 INFO [http-nio-8080-exec-6] c.h.c.a.ServiceLogAspect [ServiceLogAspect.java:34] 用户[0:0:0:0:0:0:0:1],在[2022-05-02 13:48:44],访问了[com.he.community.service.UserService.findUserById].
2022-05-02 13:48:44,411 INFO [http-nio-8080-exec-6] c.h.c.a.ServiceLogAspect [ServiceLogAspect.java:34] 用户[0:0:0:0:0:0:0:1],在[2022-05-02 13:48:44],访问了[com.he.community.service.UserService.findUserById].
2022-05-02 13:48:44,413 INFO [http-nio-8080-exec-6] c.h.c.a.ServiceLogAspect [ServiceLogAspect.java:34] 用户[0:0:0:0:0:0:0:1],在[2022-05-02 13:48:44],访问了[com.he.community.service.UserService.findUserById].
2022-05-02 13:48:44,414 INFO [http-nio-8080-exec-6] c.h.c.a.ServiceLogAspect [ServiceLogAspect.java:34] 用户[0:0:0:0:0:0:0:1],在[2022-05-02 13:48:44],访问了[com.he.community.service.UserService.findUserById].
2022-05-02 13:48:44,416 INFO [http-nio-8080-exec-6] c.h.c.a.ServiceLogAspect [ServiceLogAspect.java:34] 用户[0:0:0:0:0:0:0:1],在[2022-05-02 13:48:44],访问了[com.he.community.service.UserService.findUserById].
2022-05-02 13:48:44,418 INFO [http-nio-8080-exec-6] c.h.c.a.ServiceLogAspect [ServiceLogAspect.java:34] 用户[0:0:0:0:0:0:0:1],在[2022-05-02 13:48:44],访问了[com.he.community.service.UserService.findUserById].
2022-05-02 13:48:44,419 INFO [http-nio-8080-exec-6] c.h.c.a.ServiceLogAspect [ServiceLogAspect.java:34] 用户[0:0:0:0:0:0:0:1],在[2022-05-02 13:48:44],访问了[com.he.community.service.UserService.findUserById].
2022-05-02 19:28:42,232 INFO [SpringApplicationShutdownHook] c.z.h.HikariDataSource [HikariDataSource.java:350] HikariPool-1 - Shutdown initiated...
2022-05-02 19:28:42,235 INFO [SpringApplicationShutdownHook] c.z.h.HikariDataSource [HikariDataSource.java:352] HikariPool-1 - Shutdown completed.
